C:\Documents and Settings\cory\svn\Twisted\twisted\scripts\trial.py:165: PluginWarning: Your twisted plugins are broken for some reason.
Please tell slyphon you saw this message!
Using default: TextReporter
  warnings.warn("""Your twisted plugins are broken for some reason.
testBenchmark (twisted.test.test_trial.FunctionallyTestTrial) ... [ERROR]
testBrokenSetUp (twisted.test.test_trial.FunctionallyTestTrial) ... [ERROR]
testBrokenSetUpClass (twisted.test.test_trial.FunctionallyTestTrial) ... [ERROR]
testBrokenTearDown (twisted.test.test_trial.FunctionallyTestTrial) ... [ERROR]
testBrokenTearDownClass (twisted.test.test_trial.FunctionallyTestTrial) ... [ERROR]
testClassTimeoutAttribute (twisted.test.test_trial.FunctionallyTestTrial) ... [ERROR]
testHiddenException (twisted.test.test_trial.FunctionallyTestTrial) ... [ERROR]
testLeftoverPendingCalls (twisted.test.test_trial.FunctionallyTestTrial) ... [ERROR]
testLeftoverSockets (twisted.test.test_trial.FunctionallyTestTrial) ... [ERROR]
testPyUnitSupport (twisted.test.test_trial.FunctionallyTestTrial) ... [ERROR]
testTests (twisted.test.test_trial.FunctionallyTestTrial) ... [ERROR]
testMktmp (twisted.test.test_trial.TestMktemp) ... [OK]
testDeferredError (twisted.test.test_trial.TestUserMethod) ... [FAIL]
testErrorHandling (twisted.test.test_trial.TestUserMethod) ... [FAIL]

===============================================================================
[FAIL]: testDeferredError (twisted.test.test_trial.TestUserMethod)


  File "c:\Documents and Settings\cory\svn\Twisted\twisted\trial\runner.py", line 715, in run
    r = self.original(tci)
  File "C:\Documents and Settings\cory\svn\Twisted\twisted\test\test_trial.py", line 91, in testDeferredError
    failUnless(umw.endTime > umw.startTime)
  File "c:\Documents and Settings\cory\svn\Twisted\twisted\trial\unittest.py", line 348, in failUnless
    raise FailTest, msg
twisted.trial.unittest.FailTest:


===============================================================================
[FAIL]: testErrorHandling (twisted.test.test_trial.TestUserMethod)


  File "c:\Documents and Settings\cory\svn\Twisted\twisted\trial\runner.py", line 715, in run
    r = self.original(tci)
  File "C:\Documents and Settings\cory\svn\Twisted\twisted\test\test_trial.py", line 85, in testErrorHandling
    failUnless(umw.endTime > umw.startTime)
  File "c:\Documents and Settings\cory\svn\Twisted\twisted\trial\unittest.py", line 348, in failUnless
    raise FailTest, msg
twisted.trial.unittest.FailTest:


===============================================================================
[ERROR]: testBenchmark (twisted.test.test_trial.FunctionallyTestTrial)


  File "c:\Documents and Settings\cory\svn\Twisted\twisted\trial\runner.py", line 717, in run
    util._wait(r, self.timeout)
  File "c:\Documents and Settings\cory\svn\Twisted\twisted\trial\util.py", line 209, in _wait
    r.raiseException()
  File "C:\Documents and Settings\cory\svn\Twisted\twisted\python\failure.py", line 246, in raiseException
    raise self.value.__class__, self.value, self.tb
twisted.internet.error.ProcessTerminated: A process has ended with a probable error condition: process ended with exit code 1.


===============================================================================
[ERROR]: testBrokenSetUp (twisted.test.test_trial.FunctionallyTestTrial)


  File "c:\Documents and Settings\cory\svn\Twisted\twisted\trial\runner.py", line 717, in run
    util._wait(r, self.timeout)
  File "c:\Documents and Settings\cory\svn\Twisted\twisted\trial\util.py", line 209, in _wait
    r.raiseException()
  File "C:\Documents and Settings\cory\svn\Twisted\twisted\python\failure.py", line 246, in raiseException
    raise self.value.__class__, self.value, self.tb
twisted.internet.error.ProcessTerminated: A process has ended with a probable error condition: process ended with exit code 1.


===============================================================================
[ERROR]: testBrokenSetUpClass (twisted.test.test_trial.FunctionallyTestTrial)


  File "c:\Documents and Settings\cory\svn\Twisted\twisted\trial\runner.py", line 717, in run
    util._wait(r, self.timeout)
  File "c:\Documents and Settings\cory\svn\Twisted\twisted\trial\util.py", line 209, in _wait
    r.raiseException()
  File "C:\Documents and Settings\cory\svn\Twisted\twisted\python\failure.py", line 246, in raiseException
    raise self.value.__class__, self.value, self.tb
twisted.internet.error.ProcessTerminated: A process has ended with a probable error condition: process ended with exit code 1.


===============================================================================
[ERROR]: testBrokenTearDown (twisted.test.test_trial.FunctionallyTestTrial)


  File "c:\Documents and Settings\cory\svn\Twisted\twisted\trial\runner.py", line 717, in run
    util._wait(r, self.timeout)
  File "c:\Documents and Settings\cory\svn\Twisted\twisted\trial\util.py", line 209, in _wait
    r.raiseException()
  File "C:\Documents and Settings\cory\svn\Twisted\twisted\python\failure.py", line 246, in raiseException
    raise self.value.__class__, self.value, self.tb
twisted.internet.error.ProcessTerminated: A process has ended with a probable error condition: process ended with exit code 1.


===============================================================================
[ERROR]: testBrokenTearDownClass (twisted.test.test_trial.FunctionallyTestTrial)



  File "c:\Documents and Settings\cory\svn\Twisted\twisted\trial\runner.py", line 717, in run
    util._wait(r, self.timeout)
  File "c:\Documents and Settings\cory\svn\Twisted\twisted\trial\util.py", line 209, in _wait
    r.raiseException()
  File "C:\Documents and Settings\cory\svn\Twisted\twisted\python\failure.py", line 246, in raiseException
    raise self.value.__class__, self.value, self.tb
twisted.internet.error.ProcessTerminated: A process has ended with a probable error condition: process ended with exit code 1.


===============================================================================
[ERROR]: testClassTimeoutAttribute (twisted.test.test_trial.FunctionallyTestTria
l)


  File "c:\Documents and Settings\cory\svn\Twisted\twisted\trial\runner.py", line 717, in run
    util._wait(r, self.timeout)
  File "c:\Documents and Settings\cory\svn\Twisted\twisted\trial\util.py", line 209, in _wait
    r.raiseException()
  File "C:\Documents and Settings\cory\svn\Twisted\twisted\python\failure.py", line 246, in raiseException
    raise self.value.__class__, self.value, self.tb
twisted.internet.error.ProcessTerminated: A process has ended with a probable error condition: process ended with exit code 1.


===============================================================================
[ERROR]: testHiddenException (twisted.test.test_trial.FunctionallyTestTrial)


  File "c:\Documents and Settings\cory\svn\Twisted\twisted\trial\runner.py", lin
e 717, in run
    util._wait(r, self.timeout)
  File "c:\Documents and Settings\cory\svn\Twisted\twisted\trial\util.py", line
209, in _wait
    r.raiseException()
  File "C:\Documents and Settings\cory\svn\Twisted\twisted\python\failure.py", l
ine 246, in raiseException
    raise self.value.__class__, self.value, self.tb
twisted.internet.error.ProcessTerminated: A process has ended with a probable er
ror condition: process ended with exit code 1.


===============================================================================
[ERROR]: testLeftoverPendingCalls (twisted.test.test_trial.FunctionallyTestTrial
)


  File "c:\Documents and Settings\cory\svn\Twisted\twisted\trial\runner.py", line 717, in run
    util._wait(r, self.timeout)
  File "c:\Documents and Settings\cory\svn\Twisted\twisted\trial\util.py", line 209, in _wait
    r.raiseException()
  File "C:\Documents and Settings\cory\svn\Twisted\twisted\python\failure.py", line 246, in raiseException
    raise self.value.__class__, self.value, self.tb
twisted.internet.error.ProcessTerminated: A process has ended with a probable error condition: process ended with exit code 1.


===============================================================================
[ERROR]: testLeftoverSockets (twisted.test.test_trial.FunctionallyTestTrial)


  File "c:\Documents and Settings\cory\svn\Twisted\twisted\trial\runner.py", line 717, in run
    util._wait(r, self.timeout)
  File "c:\Documents and Settings\cory\svn\Twisted\twisted\trial\util.py", line 209, in _wait
    r.raiseException()
  File "C:\Documents and Settings\cory\svn\Twisted\twisted\python\failure.py", line 246, in raiseException
    raise self.value.__class__, self.value, self.tb
twisted.internet.error.ProcessTerminated: A process has ended with a probable error condition: process ended with exit code 1.


===============================================================================
[ERROR]: testPyUnitSupport (twisted.test.test_trial.FunctionallyTestTrial)


  File "c:\Documents and Settings\cory\svn\Twisted\twisted\trial\runner.py", line 717, in run
    util._wait(r, self.timeout)
  File "c:\Documents and Settings\cory\svn\Twisted\twisted\trial\util.py", line 209, in _wait
    r.raiseException()
  File "C:\Documents and Settings\cory\svn\Twisted\twisted\python\failure.py", line 246, in raiseException
    raise self.value.__class__, self.value, self.tb
twisted.internet.error.ProcessTerminated: A process has ended with a probable error condition: process ended with exit code 1.


===============================================================================
[ERROR]: testTests (twisted.test.test_trial.FunctionallyTestTrial)


  File "c:\Documents and Settings\cory\svn\Twisted\twisted\trial\runner.py", line 717, in run
    util._wait(r, self.timeout)
  File "c:\Documents and Settings\cory\svn\Twisted\twisted\trial\util.py", line 209, in _wait
    r.raiseException()
  File "C:\Documents and Settings\cory\svn\Twisted\twisted\python\failure.py", line 246, in raiseException
    raise self.value.__class__, self.value, self.tb
twisted.internet.error.ProcessTerminated: A process has ended with a probable error condition: process ended with exit code 1.


------------------------------------------------------------------------------
Ran 14 tests in 5.889s

FAILED (failures=2, errors=11, successes=1)