[ERROR]: twisted.test.test_process.ProcessTestCase.test_deprecatedUnicodeArgvSupport
[ERROR]: twisted.test.test_process.ProcessTestCase.test_deprecatedUnicodeEnvKeySupport
[ERROR]: twisted.test.test_process.ProcessTestCase.test_deprecatedUnicodeEnvValueSupport
