Setting up python2.4 (2.4.1-2sarge1) ...
Compiling python modules in /usr/lib/python2.4 ...
Compiling /usr/lib/python2.4/site-packages/twisted/test/stdio_test_halfclose.py ...
  File "/usr/lib/python2.4/site-packages/twisted/test/stdio_test_halfclose.py", line 20
    ???
    ^
SyntaxError: invalid syntax

dpkg: error processing python2.4 (--configure):
 subprocess post-installation script returned error exit status 1
dpkg: dependency problems prevent configuration of python2.4-dev:
 python2.4-dev depends on python2.4 (= 2.4.1-2sarge1); however:
  Package python2.4 is not configured yet.
dpkg: error processing python2.4-dev (--configure):
 dependency problems - leaving unconfigured
Errors were encountered while processing:
 python2.4
 python2.4-dev
E: Sub-process /usr/bin/dpkg returned an error code (1)
