5321c5321
<     test_readNotificationRaises ...                                        [OK]
---
>     test_readNotificationRaises ...                                      [FAIL]
5324,5325c5324,5329
<     testCloseWriteCloser ...                                               [OK]
<     testWriteCloseNotification ...                                         [OK]
---
>     testCloseWriteCloser ...                                            [ERROR]
>                                            [ERROR]
>                                            [ERROR]
>     testWriteCloseNotification ...                                      [ERROR]
>                                      [ERROR]
>                                      [ERROR]
6066c6070
<     test_coverdirOverridden ... Setting coverage directory to /usr/home/autobahn/Autobahn/testsuite/websockets/_trial_temp/twisted.trial.test.test_script/CoverageTests/test_coverdirOverridden/Mgc5dX/temp/coverage.
---
>     test_coverdirOverridden ... Setting coverage directory to /usr/home/autobahn/Autobahn/testsuite/websockets/_trial_temp/twisted.trial.test.test_script/CoverageTests/test_coverdirOverridden/onF_uC/temp/coverage.
8824c8828
< <twisted.internet.pollreactor.PollReactor object at 0x292afcac> does not provide <InterfaceClass twisted.internet.interfaces.IReactorWin32Events>
---
> <twisted.internet.pollreactor.PollReactor object at 0x292b4bcc> does not provide <InterfaceClass twisted.internet.interfaces.IReactorWin32Events>
8829c8833
< <twisted.internet.pollreactor.PollReactor object at 0x2bc8848c> does not provide <InterfaceClass twisted.internet.interfaces.IReactorWin32Events>
---
> <twisted.internet.pollreactor.PollReactor object at 0x2b961e4c> does not provide <InterfaceClass twisted.internet.interfaces.IReactorWin32Events>
8834c8838
< <twisted.internet.selectreactor.SelectReactor object at 0x2bc7c4ac> does not provide <InterfaceClass twisted.internet.interfaces.IReactorWin32Events>
---
> <twisted.internet.selectreactor.SelectReactor object at 0x2b97448c> does not provide <InterfaceClass twisted.internet.interfaces.IReactorWin32Events>
8839c8843
< <twisted.internet.selectreactor.SelectReactor object at 0x2b547b4c> does not provide <InterfaceClass twisted.internet.interfaces.IReactorWin32Events>
---
> <twisted.internet.selectreactor.SelectReactor object at 0x2b957e6c> does not provide <InterfaceClass twisted.internet.interfaces.IReactorWin32Events>
9232c9236
< twisted.trial.unittest.FailTest: 57 in xrange(256)
---
> twisted.trial.unittest.FailTest: 58 in xrange(256)
9235a9240,9250
> [FAIL]
> Traceback (most recent call last):
>   File "/home/autobahn/python/lib/python2.7/site-packages/Twisted-11.0.0-py2.7-freebsd-8.2-RELEASE-p3-i386.egg/twisted/test/test_tcp.py", line 1758, in check
>     self.assertEqual(len(errors), 1)
> twisted.trial.unittest.FailTest: not equal:
> a = 0
> b = 1
> 
> 
> twisted.test.test_tcp.HalfCloseBuggyApplicationTests.test_readNotificationRaises
> ===============================================================================
9262c9277
< exceptions.ValueError: an adapter (<function <lambda> at 0x2c0dc41c>) was already registered.
---
> exceptions.ValueError: an adapter (<function <lambda> at 0x2bbd1374>) was already registered.
9274c9289
< exceptions.ValueError: an adapter (<function <lambda> at 0x2c0dc41c>) was already registered.
---
> exceptions.ValueError: an adapter (<function <lambda> at 0x2bbd1374>) was already registered.
9286c9301
< exceptions.ValueError: an adapter (<function <lambda> at 0x2c0dc41c>) was already registered.
---
> exceptions.ValueError: an adapter (<function <lambda> at 0x2bbd1374>) was already registered.
9288a9304,9350
> ===============================================================================
> [ERROR]
> Traceback (most recent call last):
> Failure: twisted.internet.defer.TimeoutError: <twisted.test.test_tcp.HalfCloseTestCase testMethod=testCloseWriteCloser> (testCloseWriteCloser) still running at 120.0 secs
> 
> twisted.test.test_tcp.HalfCloseTestCase.testCloseWriteCloser
> ===============================================================================
> [ERROR]
> Traceback (most recent call last):
> Failure: twisted.trial.util.DirtyReactorAggregateError: Reactor was unclean.
> DelayedCalls: (set twisted.internet.base.DelayedCall.debug = True to debug)
> <DelayedCall 0x29c0462c [-6.91413879395e-05s] called=0 cancelled=0 LoopingCall<0>(check, *(), **{})()>
> 
> twisted.test.test_tcp.HalfCloseTestCase.testCloseWriteCloser
> ===============================================================================
> [ERROR]
> Traceback (most recent call last):
> Failure: twisted.trial.util.DirtyReactorAggregateError: Reactor was unclean.
> Selectables:
> <<class 'twisted.internet.tcp.Port'> of twisted.test.test_tcp.MyHCFactory on 53746>
> 
> twisted.test.test_tcp.HalfCloseTestCase.testCloseWriteCloser
> ===============================================================================
> [ERROR]
> Traceback (most recent call last):
> Failure: twisted.internet.defer.TimeoutError: <twisted.test.test_tcp.HalfCloseTestCase testMethod=testWriteCloseNotification> (testWriteCloseNotification) still running at 120.0 secs
> 
> twisted.test.test_tcp.HalfCloseTestCase.testWriteCloseNotification
> ===============================================================================
> [ERROR]
> Traceback (most recent call last):
>   File "/home/autobahn/python/lib/python2.7/site-packages/Twisted-11.0.0-py2.7-freebsd-8.2-RELEASE-p3-i386.egg/twisted/test/test_tcp.py", line 1602, in tearDown
>     self.assertEquals(self.client.closed, 0)
> twisted.trial.unittest.FailTest: not equal:
> a = 1
> b = 0
> 
> 
> twisted.test.test_tcp.HalfCloseTestCase.testWriteCloseNotification
> ===============================================================================
> [ERROR]
> Traceback (most recent call last):
> Failure: twisted.trial.util.DirtyReactorAggregateError: Reactor was unclean.
> DelayedCalls: (set twisted.internet.base.DelayedCall.debug = True to debug)
> <DelayedCall 0x2bf7f4ac [-6.29425048828e-05s] called=0 cancelled=0 LoopingCall<0>(check, *(), **{})()>
> 
> twisted.test.test_tcp.HalfCloseTestCase.testWriteCloseNotification
9290c9352
< Ran 6515 tests in 102.948s
---
> Ran 6515 tests in 343.371s
9292c9354
< FAILED (skips=977, expectedFailures=11, failures=1, errors=7, successes=5519)
---
> FAILED (skips=977, expectedFailures=11, failures=2, errors=13, successes=5516)
