  test_helper
    BufferTestCase
      testColorAttributes ...                                              [32;1m[OK][0m
      testCursorBackward ...                                               [32;1m[OK][0m
      testCursorDown ...                                                   [32;1m[OK][0m
      testCursorForward ...                                                [32;1m[OK][0m
      testCursorPositioning ...                                            [32;1m[OK][0m
      testCursorUp ...                                                     [32;1m[OK][0m
      testEraseDisplay ...                                                 [32;1m[OK][0m
      testEraseLine ...                                                    [32;1m[OK][0m
      testEraseToDisplayBeginning ...                                      [32;1m[OK][0m
      testEraseToDisplayEnd ...                                            [32;1m[OK][0m
      testEraseToLineBeginning ...                                         [32;1m[OK][0m
      testEraseToLineEnd ...                                               [32;1m[OK][0m
      testGraphicRendition ...                                             [32;1m[OK][0m
      testIndex ...                                                        [32;1m[OK][0m
      testInitialState ...                                                 [32;1m[OK][0m
      testInsert ...                                                       [32;1m[OK][0m
      testLineDeletion ...                                                 [32;1m[OK][0m
      testLineInsertion ...                                                [32;1m[OK][0m
      testNextLine ...                                                     [32;1m[OK][0m
      testOvertype ...                                                     [32;1m[OK][0m
      testReverseIndex ...                                                 [32;1m[OK][0m
      testSaveCursor ...                                                   [32;1m[OK][0m
      testShifting ...                                                     [32;1m[OK][0m
      testSimpleWriting ...                                                [32;1m[OK][0m
      testSingleShifts ...                                                 [32;1m[OK][0m
      testWritingInTheMiddle ...                                           [32;1m[OK][0m
      testWritingWrappedAtEndOfLine ...                                    [32;1m[OK][0m
  test_insults
    ClientByteGroups
      testBytePairs ...                                                    [32;1m[OK][0m
      testByteQuads ...                                                    [32;1m[OK][0m
      testByteQuints ...                                                   [32;1m[OK][0m
      testByteSexes ...                                                    [32;1m[OK][0m
      testByteTriples ...                                                  [32;1m[OK][0m
      testSingleBytes ...                                                  [32;1m[OK][0m
    ClientControlSequences
      testCharacterSet ...                                                 [32;1m[OK][0m
      testCursor ...                                                       [32;1m[OK][0m
      testCursorPosition ...                                               [32;1m[OK][0m
      testErasure ...                                                      [32;1m[OK][0m
      testHeightAndWidth ...                                               [32;1m[OK][0m
      testIndex ...                                                        [32;1m[OK][0m
      testKeypadMode ...                                                   [32;1m[OK][0m
      testLineDeletion ...                                                 [32;1m[OK][0m
      testLineInsertion ...                                                [32;1m[OK][0m
      testModes ...                                                        [32;1m[OK][0m
      testReset ...                                                        [32;1m[OK][0m
      testScrollRegion ...                                                 [32;1m[OK][0m
      testShifting ...                                                     [32;1m[OK][0m
      testSimpleCardinals ...                                              [32;1m[OK][0m
      testSingleShifts ...                                                 [32;1m[OK][0m
    ServerByteGroupings
      testBytePairs ...                                                    [32;1m[OK][0m
      testByteQuads ...                                                    [32;1m[OK][0m
      testByteQuints ...                                                   [32;1m[OK][0m
      testByteSexes ...                                                    [32;1m[OK][0m
      testByteTriples ...                                                  [32;1m[OK][0m
      testSingleBytes ...                                                  [32;1m[OK][0m
    ServerControlCharacters
      testDownArrow ...                                                    [32;1m[OK][0m
      testF1 ...                                                           [32;1m[OK][0m
      testF10 ...                                                          [32;1m[OK][0m
      testF11 ...                                                          [32;1m[OK][0m
      testF12 ...                                                          [32;1m[OK][0m
      testF2 ...                                                           [32;1m[OK][0m
      testF3 ...                                                           [32;1m[OK][0m
      testF4 ...                                                           [32;1m[OK][0m
      testF5 ...                                                           [32;1m[OK][0m
      testF6 ...                                                           [32;1m[OK][0m
      testF7 ...                                                           [32;1m[OK][0m
      testF8 ...                                                           [32;1m[OK][0m
      testF9 ...                                                           [32;1m[OK][0m
      testLeftArrow ...                                                    [32;1m[OK][0m
      testRightArrow ...                                                   [32;1m[OK][0m
      testUpArrow ...                                                      [32;1m[OK][0m
  test_manhole
    ManholeLoopbackSSH
      testClassDefinition ...                                              [32;1m[OK][0m
      testControlC ...                                                     [32;1m[OK][0m
      testControlD ...                                                     [32;1m[OK][0m
      testControlQ ...                                                     [32;1m[OK][0m
      testDeferred ...                                                     [32;1m[OK][0m
      testException ...                                                    [32;1m[OK][0m
      testFunctionDefinition ...                                           [32;1m[OK][0m
      testSimpleExpression ...                                             [32;1m[OK][0m
      testTripleQuoteLineContinuation ...                                  [32;1m[OK][0m
    ManholeLoopbackStdio
      testClassDefinition ...                                            [31;1m[FAIL][0m
      testControlC ...                                                   [31;1m[FAIL][0m
      testControlD ...                                                     [32;1m[OK][0m
      testControlQ ...                                                   [31;1m[FAIL][0m
      testDeferred ...                                                   [31;1m[FAIL][0m
      testException ...                                                  [31;1m[FAIL][0m
      testFunctionDefinition ...                                         [31;1m[FAIL][0m
      testSimpleExpression ...                                           [31;1m[FAIL][0m
      testTripleQuoteLineContinuation ...                                [31;1m[FAIL][0m
    ManholeLoopbackTelnet
      testClassDefinition ...                                              [32;1m[OK][0m
      testControlC ...                                                     [32;1m[OK][0m
      testControlD ...                                                     [32;1m[OK][0m
      testControlQ ...                                                     [32;1m[OK][0m
      testDeferred ...                                                     [32;1m[OK][0m
      testException ...                                                    [32;1m[OK][0m
      testFunctionDefinition ...                                           [32;1m[OK][0m
      testSimpleExpression ...                                             [32;1m[OK][0m
      testTripleQuoteLineContinuation ...                                  [32;1m[OK][0m
  test_mixin
    BufferingTest
      testBuffering ...                                                    [32;1m[OK][0m
    BufferingTiming
  test_recvline
    Arrows
      testBackspace ...                                                    [32;1m[OK][0m
      testDelete ...                                                       [32;1m[OK][0m
      testEnd ...                                                          [32;1m[OK][0m
      testHome ...                                                         [32;1m[OK][0m
      testHorizontalArrows ...                                             [32;1m[OK][0m
      testInsert ...                                                       [32;1m[OK][0m
      testNewline ...                                                      [32;1m[OK][0m
      testPrintableCharacters ...                                          [32;1m[OK][0m
      testTypeover ...                                                     [32;1m[OK][0m
      testVerticalArrows ...                                               [32;1m[OK][0m
    HistoricRecvlineLoopbackSSH
      testDownArrow ...                                                    [32;1m[OK][0m
      testUpArrow ...                                                      [32;1m[OK][0m
    HistoricRecvlineLoopbackStdio
      testDownArrow ...                                                  [31;1m[FAIL][0m
      testUpArrow ...                                                    [31;1m[FAIL][0m
    HistoricRecvlineLoopbackTelnet
      testDownArrow ...                                                    [32;1m[OK][0m
      testUpArrow ...                                                      [32;1m[OK][0m
    RecvlineLoopbackSSH
      testBackspace ...                                                    [32;1m[OK][0m
      testDelete ...                                                       [32;1m[OK][0m
      testEnd ...                                                          [32;1m[OK][0m
      testHome ...                                                       [31;1m[FAIL][0m
      testInsert ...                                                       [32;1m[OK][0m
      testLeftArrow ...                                                  [31;1m[FAIL][0m
      testRightArrow ...                                                 [31;1m[FAIL][0m
      testSimple ...                                                       [32;1m[OK][0m
      testTypeover ...                                                     [32;1m[OK][0m
    RecvlineLoopbackStdio
      testBackspace ...                                                  [31;1m[FAIL][0m
      testDelete ...                                                     [31;1m[FAIL][0m
      testEnd ...                                                        [31;1m[FAIL][0m
      testHome ...                                                       [31;1m[FAIL][0m
      testInsert ...                                                     [31;1m[FAIL][0m
      testLeftArrow ...                                                  [31;1m[FAIL][0m
      testRightArrow ...                                                 [31;1m[FAIL][0m
      testSimple ...                                                     [31;1m[FAIL][0m
      testTypeover ...                                                   [31;1m[FAIL][0m
    RecvlineLoopbackTelnet
      testBackspace ...                                                    [32;1m[OK][0m
      testDelete ...                                                       [32;1m[OK][0m
      testEnd ...                                                          [32;1m[OK][0m
      testHome ...                                                         [32;1m[OK][0m
      testInsert ...                                                       [32;1m[OK][0m
      testLeftArrow ...                                                    [32;1m[OK][0m
      testRightArrow ...                                                   [32;1m[OK][0m
      testSimple ...                                                       [32;1m[OK][0m
      testTypeover ...                                                     [32;1m[OK][0m
  test_telnet
    TelnetTestCase
      testAbortOutput ...                                                  [32;1m[OK][0m
      testAcceptDo ...                                                     [32;1m[OK][0m
      testAcceptDont ...                                                   [32;1m[OK][0m
      testAcceptWill ...                                                   [32;1m[OK][0m
      testAcceptWont ...                                                   [32;1m[OK][0m
      testAcceptedDisableRequest ...                                       [32;1m[OK][0m
      testAcceptedEnableRequest ...                                        [32;1m[OK][0m
      testAreYouThere ...                                                  [32;1m[OK][0m
      testBoundarySubnegotiation ...                                       [32;1m[OK][0m
      testBreak ...                                                        [32;1m[OK][0m
      testDataMark ...                                                     [32;1m[OK][0m
      testEraseCharacter ...                                               [32;1m[OK][0m
      testEraseLine ...                                                    [32;1m[OK][0m
      testGoAhead ...                                                      [32;1m[OK][0m
      testIACEscape ...                                                    [32;1m[OK][0m
      testIgnoreDo ...                                                     [32;1m[OK][0m
      testIgnoreDont ...                                                   [32;1m[OK][0m
      testIgnoreWill ...                                                   [32;1m[OK][0m
      testIgnoreWont ...                                                   [32;1m[OK][0m
      testInterrupt ...                                                    [32;1m[OK][0m
      testLostConnectionFailsDeferreds ...                                 [32;1m[OK][0m
      testNegotiationBlocksFurtherNegotiation ...                          [32;1m[OK][0m
      testNewlineHandling ...                                              [32;1m[OK][0m
      testNoOperation ...                                                  [32;1m[OK][0m
      testRefuseDo ...                                                     [32;1m[OK][0m
      testRefuseWill ...                                                   [32;1m[OK][0m
      testRefusedEnableRequest ...                                         [32;1m[OK][0m
      testRegularBytes ...                                                 [32;1m[OK][0m
      testSubnegotiation ...                                               [32;1m[OK][0m
      testSubnegotiationWithEmbeddedSE ...                                 [32;1m[OK][0m
      testSuperfluousDisableRequestRaises ...                              [32;1m[OK][0m
      testSuperfluousEnableRequestRaises ...                               [32;1m[OK][0m
  test_text
    Serialization
      testBackground ...                                                   [32;1m[OK][0m
      testBlink ...                                                        [32;1m[OK][0m
      testBold ...                                                         [32;1m[OK][0m
      testComplexStructure ...                                           [31;1m[FAIL][0m
      testForeground ...                                                   [32;1m[OK][0m
      testMinus ...                                                        [32;1m[OK][0m
      testNesting ...                                                    [31;1m[FAIL][0m
      testReverseVideo ...                                                 [32;1m[OK][0m
      testTrivial ...                                                      [32;1m[OK][0m
      testUnderline ...                                                    [32;1m[OK][0m

===============================================================================
[FAIL]: testClassDefinition (test_manhole.ManholeLoopbackStdio)


  File "/home/exarkun/projects/python/Twisted/trunk/twisted/internet/defer.py", line 117, in maybeDeferred
    result = f(*args, **kw)
  File "/home/exarkun/projects/python/Twisted/trunk/sandbox/exarkun/manhole/test_manhole.py", line 50, in testClassDefinition
    [">>> class Foo:",
  File "/home/exarkun/projects/python/Twisted/trunk/sandbox/exarkun/manhole/test_recvline.py", line 328, in _test
    '\n'.join(lines) +
  File "/home/exarkun/projects/python/Twisted/trunk/twisted/trial/unittest.py", line 415, in <lambda>
    failUnlessEqual = lambda self, a, b, msg=None: failUnlessEqual(a, b, msg)
  File "/home/exarkun/projects/python/Twisted/trunk/twisted/trial/assertions.py", line 77, in failUnlessEqual
    raise FailTest, (msg or '%r != %r' % (first, second))
twisted.trial.assertions.FailTest: "class Foo:\n\tdef bar(self):\n\t\tprint 'Hello, world!'\n\nFoo().bar()\n\n\n\n\n\n\n\n\n\n\n\n\n\n\n\n\n\n\n" != ">>> class Foo:\n...     def bar(self):\n...         print 'Hello, world!'\n...\n>>> Foo().bar()\nHello, world!\n>>>\n\n\n\n\n\n\n\n\n\n\n\n\n\n\n\n\n"
===============================================================================
[FAIL]: testControlC (test_manhole.ManholeLoopbackStdio)


  File "/home/exarkun/projects/python/Twisted/trunk/twisted/internet/defer.py", line 117, in maybeDeferred
    result = f(*args, **kw)
  File "/home/exarkun/projects/python/Twisted/trunk/sandbox/exarkun/manhole/test_manhole.py", line 70, in testControlC
    [">>> cancelled line",
  File "/home/exarkun/projects/python/Twisted/trunk/sandbox/exarkun/manhole/test_recvline.py", line 328, in _test
    '\n'.join(lines) +
  File "/home/exarkun/projects/python/Twisted/trunk/twisted/trial/unittest.py", line 415, in <lambda>
    failUnlessEqual = lambda self, a, b, msg=None: failUnlessEqual(a, b, msg)
  File "/home/exarkun/projects/python/Twisted/trunk/twisted/trial/assertions.py", line 77, in failUnlessEqual
    raise FailTest, (msg or '%r != %r' % (first, second))
twisted.trial.assertions.FailTest: '  File "/usr/lib/python2.3/sre.py", line 228, in _compile\n    p = sre_compile.compile(pattern, flags)\n  File "/usr/lib/python2.3/sre_compile.py", line 467, in compile\n    p = sre_parse.parse(p, flags)\n  File "/usr/lib/python2.3/sre_parse.py", line 624, in parse\n    p = _parse_sub(source, pattern, 0)\n  File "/usr/lib/python2.3/sre_parse.py", line 317, in _parse_sub\n    items.append(_parse(source, state))\n  File "/usr/lib/python2.3/sre_parse.py", line 584, in _parse\n    p = _parse_sub(source, state)\n  File "/usr/lib/python2.3/sre_parse.py", line 317, in _parse_sub\n    items.append(_parse(source, state))\n  File "/usr/lib/python2.3/sre_parse.py", line 584, in _parse\n    p = _parse_sub(source, state)\n  File "/usr/lib/python2.3/sre_parse.py", line 317, in _parse_sub\n    items.append(_parse(source, state))\n  File "/usr/lib/python2.3/sre_parse.py", line 376, in _parse\n    this = source.get()\n  File "/usr/lib/python2.3/sre_parse.py", line 208, in get\n    self.__next()\n  File "/usr/lib/python2.3/sre_parse.py", line 198, in __next\n    self.index = self.index + len(char)\nKeyboardInterrupt\n' != '>>> cancelled line\nKeyboardInterrupt\n>>>\n\n\n\n\n\n\n\n\n\n\n\n\n\n\n\n\n\n\n\n\n'
===============================================================================
[FAIL]: testControlQ (test_manhole.ManholeLoopbackStdio)


  File "/home/exarkun/projects/python/Twisted/trunk/twisted/internet/defer.py", line 117, in maybeDeferred
    result = f(*args, **kw)
  File "/home/exarkun/projects/python/Twisted/trunk/sandbox/exarkun/manhole/test_manhole.py", line 77, in testControlQ
    [""])
  File "/home/exarkun/projects/python/Twisted/trunk/sandbox/exarkun/manhole/test_recvline.py", line 328, in _test
    '\n'.join(lines) +
  File "/home/exarkun/projects/python/Twisted/trunk/twisted/trial/unittest.py", line 415, in <lambda>
    failUnlessEqual = lambda self, a, b, msg=None: failUnlessEqual(a, b, msg)
  File "/home/exarkun/projects/python/Twisted/trunk/twisted/trial/assertions.py", line 77, in failUnlessEqual
    raise FailTest, (msg or '%r != %r' % (first, second))
twisted.trial.assertions.FailTest: 'cancelled line\n\n\n\n\n\n\n\n\n\n\n\n\n\n\n\n\n\n\n\n\n\n\n' != '\n\n\n\n\n\n\n\n\n\n\n\n\n\n\n\n\n\n\n\n\n\n\n'
===============================================================================
[FAIL]: testDeferred (test_manhole.ManholeLoopbackStdio)


  File "/home/exarkun/projects/python/Twisted/trunk/twisted/internet/defer.py", line 117, in maybeDeferred
    result = f(*args, **kw)
  File "/home/exarkun/projects/python/Twisted/trunk/sandbox/exarkun/manhole/test_manhole.py", line 93, in testDeferred
    [">>> from twisted.internet import defer, reactor",
  File "/home/exarkun/projects/python/Twisted/trunk/sandbox/exarkun/manhole/test_recvline.py", line 328, in _test
    '\n'.join(lines) +
  File "/home/exarkun/projects/python/Twisted/trunk/twisted/trial/unittest.py", line 415, in <lambda>
    failUnlessEqual = lambda self, a, b, msg=None: failUnlessEqual(a, b, msg)
  File "/home/exarkun/projects/python/Twisted/trunk/twisted/trial/assertions.py", line 77, in failUnlessEqual
    raise FailTest, (msg or '%r != %r' % (first, second))
twisted.trial.assertions.FailTest: "from twisted.internet import defer, reactor\ndef deferLater(n):\n\td = defer.Deferred()\n\treactor.callLater(n, d.callback, 'Hi!')\n\treturn d\n\ndeferLater(0.1)\n\n\n\n\n\n\n\n\n\n\n\n\n\n\n\n\n" != ">>> from twisted.internet import defer, reactor\n>>> def deferLater(n):\n...     d = defer.Deferred()\n...     reactor.callLater(n, d.callback, 'Hi!')\n...     return d\n...\n>>> deferLater(0.1)\n<Deferred #0>\n>>>\n\n\n\n\n\n\n\n\n\n\n\n\n\n\n"
===============================================================================
[FAIL]: testException (test_manhole.ManholeLoopbackStdio)


  File "/home/exarkun/projects/python/Twisted/trunk/twisted/internet/defer.py", line 117, in maybeDeferred
    result = f(*args, **kw)
  File "/home/exarkun/projects/python/Twisted/trunk/sandbox/exarkun/manhole/test_manhole.py", line 61, in testException
    [">>> 1 / 0",
  File "/home/exarkun/projects/python/Twisted/trunk/sandbox/exarkun/manhole/test_recvline.py", line 328, in _test
    '\n'.join(lines) +
  File "/home/exarkun/projects/python/Twisted/trunk/twisted/trial/unittest.py", line 415, in <lambda>
    failUnlessEqual = lambda self, a, b, msg=None: failUnlessEqual(a, b, msg)
  File "/home/exarkun/projects/python/Twisted/trunk/twisted/trial/assertions.py", line 77, in failUnlessEqual
    raise FailTest, (msg or '%r != %r' % (first, second))
twisted.trial.assertions.FailTest: '1 / 0\n\n\n\n\n\n\n\n\n\n\n\n\n\n\n\n\n\n\n\n\n\n\n' != '>>> 1 / 0\nTraceback (most recent call last):\n  File "<console>", line 1, in ?\nZeroDivisionError: integer division or modulo by zero\n>>>\n\n\n\n\n\n\n\n\n\n\n\n\n\n\n\n\n\n\n'
===============================================================================
[FAIL]: testFunctionDefinition (test_manhole.ManholeLoopbackStdio)


  File "/home/exarkun/projects/python/Twisted/trunk/twisted/internet/defer.py", line 117, in maybeDeferred
    result = f(*args, **kw)
  File "/home/exarkun/projects/python/Twisted/trunk/sandbox/exarkun/manhole/test_manhole.py", line 37, in testFunctionDefinition
    [">>> def foo(bar):",
  File "/home/exarkun/projects/python/Twisted/trunk/sandbox/exarkun/manhole/test_recvline.py", line 328, in _test
    '\n'.join(lines) +
  File "/home/exarkun/projects/python/Twisted/trunk/twisted/trial/unittest.py", line 415, in <lambda>
    failUnlessEqual = lambda self, a, b, msg=None: failUnlessEqual(a, b, msg)
  File "/home/exarkun/projects/python/Twisted/trunk/twisted/trial/assertions.py", line 77, in failUnlessEqual
    raise FailTest, (msg or '%r != %r' % (first, second))
twisted.trial.assertions.FailTest: 'def foo(bar):\n\tprint bar\n\nfoo(42)\n\n\n\n\n\n\n\n\n\n\n\n\n\n\n\n\n\n\n\n' != '>>> def foo(bar):\n...     print bar\n...\n>>> foo(42)\n42\n>>>\n\n\n\n\n\n\n\n\n\n\n\n\n\n\n\n\n\n'
===============================================================================
[FAIL]: testSimpleExpression (test_manhole.ManholeLoopbackStdio)


  File "/home/exarkun/projects/python/Twisted/trunk/twisted/internet/defer.py", line 117, in maybeDeferred
    result = f(*args, **kw)
  File "/home/exarkun/projects/python/Twisted/trunk/sandbox/exarkun/manhole/test_manhole.py", line 20, in testSimpleExpression
    [">>> 1 + 1",
  File "/home/exarkun/projects/python/Twisted/trunk/sandbox/exarkun/manhole/test_recvline.py", line 328, in _test
    '\n'.join(lines) +
  File "/home/exarkun/projects/python/Twisted/trunk/twisted/trial/unittest.py", line 415, in <lambda>
    failUnlessEqual = lambda self, a, b, msg=None: failUnlessEqual(a, b, msg)
  File "/home/exarkun/projects/python/Twisted/trunk/twisted/trial/assertions.py", line 77, in failUnlessEqual
    raise FailTest, (msg or '%r != %r' % (first, second))
twisted.trial.assertions.FailTest: '1 + 1\n\n\n\n\n\n\n\n\n\n\n\n\n\n\n\n\n\n\n\n\n\n\n' != '>>> 1 + 1\n2\n>>>\n\n\n\n\n\n\n\n\n\n\n\n\n\n\n\n\n\n\n\n\n'
===============================================================================
[FAIL]: testTripleQuoteLineContinuation (test_manhole.ManholeLoopbackStdio)


  File "/home/exarkun/projects/python/Twisted/trunk/twisted/internet/defer.py", line 117, in maybeDeferred
    result = f(*args, **kw)
  File "/home/exarkun/projects/python/Twisted/trunk/sandbox/exarkun/manhole/test_manhole.py", line 27, in testTripleQuoteLineContinuation
    [">>> '''",
  File "/home/exarkun/projects/python/Twisted/trunk/sandbox/exarkun/manhole/test_recvline.py", line 328, in _test
    '\n'.join(lines) +
  File "/home/exarkun/projects/python/Twisted/trunk/twisted/trial/unittest.py", line 415, in <lambda>
    failUnlessEqual = lambda self, a, b, msg=None: failUnlessEqual(a, b, msg)
  File "/home/exarkun/projects/python/Twisted/trunk/twisted/trial/assertions.py", line 77, in failUnlessEqual
    raise FailTest, (msg or '%r != %r' % (first, second))
twisted.trial.assertions.FailTest: "'''\n'''\n\n\n\n\n\n\n\n\n\n\n\n\n\n\n\n\n\n\n\n\n\n" != ">>> '''\n... '''\n'\\n'\n>>>\n\n\n\n\n\n\n\n\n\n\n\n\n\n\n\n\n\n\n\n"
===============================================================================
[FAIL]: testDownArrow (test_recvline.HistoricRecvlineLoopbackStdio)


  File "/home/exarkun/projects/python/Twisted/trunk/twisted/internet/defer.py", line 117, in maybeDeferred
    result = f(*args, **kw)
  File "/home/exarkun/projects/python/Twisted/trunk/sandbox/exarkun/manhole/test_recvline.py", line 522, in testDownArrow
    [">>> first line",
  File "/home/exarkun/projects/python/Twisted/trunk/sandbox/exarkun/manhole/test_recvline.py", line 328, in _test
    '\n'.join(lines) +
  File "/home/exarkun/projects/python/Twisted/trunk/twisted/trial/unittest.py", line 415, in <lambda>
    failUnlessEqual = lambda self, a, b, msg=None: failUnlessEqual(a, b, msg)
  File "/home/exarkun/projects/python/Twisted/trunk/twisted/trial/assertions.py", line 77, in failUnlessEqual
    raise FailTest, (msg or '%r != %r' % (first, second))
twisted.trial.assertions.FailTest: 'first line\nsecond line\n^[[A^[[A^[[B\n\n\n\n\n\n\n\n\n\n\n\n\n\n\n\n\n\n\n\n\n' != '>>> first line\nfirst line\n>>> second line\nsecond line\n>>> second line\n\n\n\n\n\n\n\n\n\n\n\n\n\n\n\n\n\n\n'
===============================================================================
[FAIL]: testUpArrow (test_recvline.HistoricRecvlineLoopbackStdio)


  File "/home/exarkun/projects/python/Twisted/trunk/twisted/internet/defer.py", line 117, in maybeDeferred
    result = f(*args, **kw)
  File "/home/exarkun/projects/python/Twisted/trunk/sandbox/exarkun/manhole/test_recvline.py", line 515, in testUpArrow
    [">>> first line",
  File "/home/exarkun/projects/python/Twisted/trunk/sandbox/exarkun/manhole/test_recvline.py", line 328, in _test
    '\n'.join(lines) +
  File "/home/exarkun/projects/python/Twisted/trunk/twisted/trial/unittest.py", line 415, in <lambda>
    failUnlessEqual = lambda self, a, b, msg=None: failUnlessEqual(a, b, msg)
  File "/home/exarkun/projects/python/Twisted/trunk/twisted/trial/assertions.py", line 77, in failUnlessEqual
    raise FailTest, (msg or '%r != %r' % (first, second))
twisted.trial.assertions.FailTest: 'first line\n^[[A\n\n\n\n\n\n\n\n\n\n\n\n\n\n\n\n\n\n\n\n\n\n' != '>>> first line\nfirst line\n>>> first line\n\n\n\n\n\n\n\n\n\n\n\n\n\n\n\n\n\n\n\n\n'
===============================================================================
[FAIL]: testHome (test_recvline.RecvlineLoopbackSSH)


  File "/home/exarkun/projects/python/Twisted/trunk/twisted/internet/defer.py", line 117, in maybeDeferred
    result = f(*args, **kw)
  File "/home/exarkun/projects/python/Twisted/trunk/sandbox/exarkun/manhole/test_recvline.py", line 489, in testHome
    [">>> home line",
  File "/home/exarkun/projects/python/Twisted/trunk/sandbox/exarkun/manhole/test_recvline.py", line 328, in _test
    '\n'.join(lines) +
  File "/home/exarkun/projects/python/Twisted/trunk/twisted/trial/unittest.py", line 415, in <lambda>
    failUnlessEqual = lambda self, a, b, msg=None: failUnlessEqual(a, b, msg)
  File "/home/exarkun/projects/python/Twisted/trunk/twisted/trial/assertions.py", line 77, in failUnlessEqual
    raise FailTest, (msg or '%r != %r' % (first, second))
twisted.trial.assertions.FailTest: '>>> homeblah line\nhome line\n>>>\n\n\n\n\n\n\n\n\n\n\n\n\n\n\n\n\n\n\n\n\n' != '>>> home line\nhome line\n>>>\n\n\n\n\n\n\n\n\n\n\n\n\n\n\n\n\n\n\n\n\n'
===============================================================================
[FAIL]: testLeftArrow (test_recvline.RecvlineLoopbackSSH)


  File "/home/exarkun/projects/python/Twisted/trunk/twisted/internet/defer.py", line 117, in maybeDeferred
    result = f(*args, **kw)
  File "/home/exarkun/projects/python/Twisted/trunk/sandbox/exarkun/manhole/test_recvline.py", line 447, in testLeftArrow
    [">>> first xxxx",
  File "/home/exarkun/projects/python/Twisted/trunk/sandbox/exarkun/manhole/test_recvline.py", line 328, in _test
    '\n'.join(lines) +
  File "/home/exarkun/projects/python/Twisted/trunk/twisted/trial/unittest.py", line 415, in <lambda>
    failUnlessEqual = lambda self, a, b, msg=None: failUnlessEqual(a, b, msg)
  File "/home/exarkun/projects/python/Twisted/trunk/twisted/trial/assertions.py", line 77, in failUnlessEqual
    raise FailTest, (msg or '%r != %r' % (first, second))
twisted.trial.assertions.FailTest: '>>> first xxxxline\nfirst xxxx\n>>>\n\n\n\n\n\n\n\n\n\n\n\n\n\n\n\n\n\n\n\n\n' != '>>> first xxxx\nfirst xxxx\n>>>\n\n\n\n\n\n\n\n\n\n\n\n\n\n\n\n\n\n\n\n\n'
===============================================================================
[FAIL]: testRightArrow (test_recvline.RecvlineLoopbackSSH)


  File "/home/exarkun/projects/python/Twisted/trunk/twisted/internet/defer.py", line 117, in maybeDeferred
    result = f(*args, **kw)
  File "/home/exarkun/projects/python/Twisted/trunk/sandbox/exarkun/manhole/test_recvline.py", line 454, in testRightArrow
    [">>> right lixx",
  File "/home/exarkun/projects/python/Twisted/trunk/sandbox/exarkun/manhole/test_recvline.py", line 328, in _test
    '\n'.join(lines) +
  File "/home/exarkun/projects/python/Twisted/trunk/twisted/trial/unittest.py", line 415, in <lambda>
    failUnlessEqual = lambda self, a, b, msg=None: failUnlessEqual(a, b, msg)
  File "/home/exarkun/projects/python/Twisted/trunk/twisted/trial/assertions.py", line 77, in failUnlessEqual
    raise FailTest, (msg or '%r != %r' % (first, second))
twisted.trial.assertions.FailTest: '>>> right lixxne\nright lixx\n>>>\n\n\n\n\n\n\n\n\n\n\n\n\n\n\n\n\n\n\n\n\n' != '>>> right lixx\nright lixx\n>>>\n\n\n\n\n\n\n\n\n\n\n\n\n\n\n\n\n\n\n\n\n'
===============================================================================
[FAIL]: testBackspace (test_recvline.RecvlineLoopbackStdio)


  File "/home/exarkun/projects/python/Twisted/trunk/twisted/internet/defer.py", line 117, in maybeDeferred
    result = f(*args, **kw)
  File "/home/exarkun/projects/python/Twisted/trunk/sandbox/exarkun/manhole/test_recvline.py", line 461, in testBackspace
    [">>> second xxxx",
  File "/home/exarkun/projects/python/Twisted/trunk/sandbox/exarkun/manhole/test_recvline.py", line 328, in _test
    '\n'.join(lines) +
  File "/home/exarkun/projects/python/Twisted/trunk/twisted/trial/unittest.py", line 415, in <lambda>
    failUnlessEqual = lambda self, a, b, msg=None: failUnlessEqual(a, b, msg)
  File "/home/exarkun/projects/python/Twisted/trunk/twisted/trial/assertions.py", line 77, in failUnlessEqual
    raise FailTest, (msg or '%r != %r' % (first, second))
twisted.trial.assertions.FailTest: 'second line\x08 \x08\x08 \x08\x08 \x08\x08 \x08xxxx\n\n\n\n\n\n\n\n\n\n\n\n\n\n\n\n\n\n\n\n\n\n\n' != '>>> second xxxx\nsecond xxxx\n>>>\n\n\n\n\n\n\n\n\n\n\n\n\n\n\n\n\n\n\n\n\n'
===============================================================================
[FAIL]: testDelete (test_recvline.RecvlineLoopbackStdio)


  File "/home/exarkun/projects/python/Twisted/trunk/twisted/internet/defer.py", line 117, in maybeDeferred
    result = f(*args, **kw)
  File "/home/exarkun/projects/python/Twisted/trunk/sandbox/exarkun/manhole/test_recvline.py", line 468, in testDelete
    [">>> delete line",
  File "/home/exarkun/projects/python/Twisted/trunk/sandbox/exarkun/manhole/test_recvline.py", line 328, in _test
    '\n'.join(lines) +
  File "/home/exarkun/projects/python/Twisted/trunk/twisted/trial/unittest.py", line 415, in <lambda>
    failUnlessEqual = lambda self, a, b, msg=None: failUnlessEqual(a, b, msg)
  File "/home/exarkun/projects/python/Twisted/trunk/twisted/trial/assertions.py", line 77, in failUnlessEqual
    raise FailTest, (msg or '%r != %r' % (first, second))
twisted.trial.assertions.FailTest: 'delete xxxx^[[D^[[D^[[D^[[D^[[3~^[[3~^[[3~^[[3~line\n\n\n\n\n\n\n\n\n\n\n\n\n\n\n\n\n\n\n\n\n\n\n' != '>>> delete line\ndelete line\n>>>\n\n\n\n\n\n\n\n\n\n\n\n\n\n\n\n\n\n\n\n\n'
===============================================================================
[FAIL]: testEnd (test_recvline.RecvlineLoopbackStdio)


  File "/home/exarkun/projects/python/Twisted/trunk/twisted/internet/defer.py", line 117, in maybeDeferred
    result = f(*args, **kw)
  File "/home/exarkun/projects/python/Twisted/trunk/sandbox/exarkun/manhole/test_recvline.py", line 496, in testEnd
    [">>> end line",
  File "/home/exarkun/projects/python/Twisted/trunk/sandbox/exarkun/manhole/test_recvline.py", line 328, in _test
    '\n'.join(lines) +
  File "/home/exarkun/projects/python/Twisted/trunk/twisted/trial/unittest.py", line 415, in <lambda>
    failUnlessEqual = lambda self, a, b, msg=None: failUnlessEqual(a, b, msg)
  File "/home/exarkun/projects/python/Twisted/trunk/twisted/trial/assertions.py", line 77, in failUnlessEqual
    raise FailTest, (msg or '%r != %r' % (first, second))
twisted.trial.assertions.FailTest: 'end ^[[D^[[D^[[D^[[D^[[4~line\n\n\n\n\n\n\n\n\n\n\n\n\n\n\n\n\n\n\n\n\n\n\n' != '>>> end line\nend line\n>>>\n\n\n\n\n\n\n\n\n\n\n\n\n\n\n\n\n\n\n\n\n'
===============================================================================
[FAIL]: testHome (test_recvline.RecvlineLoopbackStdio)


  File "/home/exarkun/projects/python/Twisted/trunk/twisted/internet/defer.py", line 117, in maybeDeferred
    result = f(*args, **kw)
  File "/home/exarkun/projects/python/Twisted/trunk/sandbox/exarkun/manhole/test_recvline.py", line 489, in testHome
    [">>> home line",
  File "/home/exarkun/projects/python/Twisted/trunk/sandbox/exarkun/manhole/test_recvline.py", line 328, in _test
    '\n'.join(lines) +
  File "/home/exarkun/projects/python/Twisted/trunk/twisted/trial/unittest.py", line 415, in <lambda>
    failUnlessEqual = lambda self, a, b, msg=None: failUnlessEqual(a, b, msg)
  File "/home/exarkun/projects/python/Twisted/trunk/twisted/trial/assertions.py", line 77, in failUnlessEqual
    raise FailTest, (msg or '%r != %r' % (first, second))
twisted.trial.assertions.FailTest: 'blah line^[[1~home\n\n\n\n\n\n\n\n\n\n\n\n\n\n\n\n\n\n\n\n\n\n\n' != '>>> home line\nhome line\n>>>\n\n\n\n\n\n\n\n\n\n\n\n\n\n\n\n\n\n\n\n\n'
===============================================================================
[FAIL]: testInsert (test_recvline.RecvlineLoopbackStdio)


  File "/home/exarkun/projects/python/Twisted/trunk/twisted/internet/defer.py", line 117, in maybeDeferred
    result = f(*args, **kw)
  File "/home/exarkun/projects/python/Twisted/trunk/sandbox/exarkun/manhole/test_recvline.py", line 475, in testInsert
    [">>> third line",
  File "/home/exarkun/projects/python/Twisted/trunk/sandbox/exarkun/manhole/test_recvline.py", line 328, in _test
    '\n'.join(lines) +
  File "/home/exarkun/projects/python/Twisted/trunk/twisted/trial/unittest.py", line 415, in <lambda>
    failUnlessEqual = lambda self, a, b, msg=None: failUnlessEqual(a, b, msg)
  File "/home/exarkun/projects/python/Twisted/trunk/twisted/trial/assertions.py", line 77, in failUnlessEqual
    raise FailTest, (msg or '%r != %r' % (first, second))
twisted.trial.assertions.FailTest: 'third ine^[[D^[[D^[[D^[[2~l\n\n\n\n\n\n\n\n\n\n\n\n\n\n\n\n\n\n\n\n\n\n\n' != '>>> third line\nthird line\n>>>\n\n\n\n\n\n\n\n\n\n\n\n\n\n\n\n\n\n\n\n\n'
===============================================================================
[FAIL]: testLeftArrow (test_recvline.RecvlineLoopbackStdio)


  File "/home/exarkun/projects/python/Twisted/trunk/twisted/internet/defer.py", line 117, in maybeDeferred
    result = f(*args, **kw)
  File "/home/exarkun/projects/python/Twisted/trunk/sandbox/exarkun/manhole/test_recvline.py", line 447, in testLeftArrow
    [">>> first xxxx",
  File "/home/exarkun/projects/python/Twisted/trunk/sandbox/exarkun/manhole/test_recvline.py", line 328, in _test
    '\n'.join(lines) +
  File "/home/exarkun/projects/python/Twisted/trunk/twisted/trial/unittest.py", line 415, in <lambda>
    failUnlessEqual = lambda self, a, b, msg=None: failUnlessEqual(a, b, msg)
  File "/home/exarkun/projects/python/Twisted/trunk/twisted/trial/assertions.py", line 77, in failUnlessEqual
    raise FailTest, (msg or '%r != %r' % (first, second))
twisted.trial.assertions.FailTest: 'first line^[[D^[[D^[[D^[[Dxxxx\n\n\n\n\n\n\n\n\n\n\n\n\n\n\n\n\n\n\n\n\n\n\n' != '>>> first xxxx\nfirst xxxx\n>>>\n\n\n\n\n\n\n\n\n\n\n\n\n\n\n\n\n\n\n\n\n'
===============================================================================
[FAIL]: testRightArrow (test_recvline.RecvlineLoopbackStdio)


  File "/home/exarkun/projects/python/Twisted/trunk/twisted/internet/defer.py", line 117, in maybeDeferred
    result = f(*args, **kw)
  File "/home/exarkun/projects/python/Twisted/trunk/sandbox/exarkun/manhole/test_recvline.py", line 454, in testRightArrow
    [">>> right lixx",
  File "/home/exarkun/projects/python/Twisted/trunk/sandbox/exarkun/manhole/test_recvline.py", line 328, in _test
    '\n'.join(lines) +
  File "/home/exarkun/projects/python/Twisted/trunk/twisted/trial/unittest.py", line 415, in <lambda>
    failUnlessEqual = lambda self, a, b, msg=None: failUnlessEqual(a, b, msg)
  File "/home/exarkun/projects/python/Twisted/trunk/twisted/trial/assertions.py", line 77, in failUnlessEqual
    raise FailTest, (msg or '%r != %r' % (first, second))
twisted.trial.assertions.FailTest: 'right line^[[D^[[D^[[D^[[D^[[C^[[Cxx\n\n\n\n\n\n\n\n\n\n\n\n\n\n\n\n\n\n\n\n\n\n\n' != '>>> right lixx\nright lixx\n>>>\n\n\n\n\n\n\n\n\n\n\n\n\n\n\n\n\n\n\n\n\n'
===============================================================================
[FAIL]: testSimple (test_recvline.RecvlineLoopbackStdio)


  File "/home/exarkun/projects/python/Twisted/trunk/twisted/internet/defer.py", line 117, in maybeDeferred
    result = f(*args, **kw)
  File "/home/exarkun/projects/python/Twisted/trunk/sandbox/exarkun/manhole/test_recvline.py", line 442, in testSimple
    [">>> first line"])
  File "/home/exarkun/projects/python/Twisted/trunk/sandbox/exarkun/manhole/test_recvline.py", line 328, in _test
    '\n'.join(lines) +
  File "/home/exarkun/projects/python/Twisted/trunk/twisted/trial/unittest.py", line 415, in <lambda>
    failUnlessEqual = lambda self, a, b, msg=None: failUnlessEqual(a, b, msg)
  File "/home/exarkun/projects/python/Twisted/trunk/twisted/trial/assertions.py", line 77, in failUnlessEqual
    raise FailTest, (msg or '%r != %r' % (first, second))
twisted.trial.assertions.FailTest: 'first line\n\n\n\n\n\n\n\n\n\n\n\n\n\n\n\n\n\n\n\n\n\n\n' != '>>> first line\n\n\n\n\n\n\n\n\n\n\n\n\n\n\n\n\n\n\n\n\n\n\n'
===============================================================================
[FAIL]: testTypeover (test_recvline.RecvlineLoopbackStdio)


  File "/home/exarkun/projects/python/Twisted/trunk/twisted/internet/defer.py", line 117, in maybeDeferred
    result = f(*args, **kw)
  File "/home/exarkun/projects/python/Twisted/trunk/sandbox/exarkun/manhole/test_recvline.py", line 482, in testTypeover
    [">>> fourth line",
  File "/home/exarkun/projects/python/Twisted/trunk/sandbox/exarkun/manhole/test_recvline.py", line 328, in _test
    '\n'.join(lines) +
  File "/home/exarkun/projects/python/Twisted/trunk/twisted/trial/unittest.py", line 415, in <lambda>
    failUnlessEqual = lambda self, a, b, msg=None: failUnlessEqual(a, b, msg)
  File "/home/exarkun/projects/python/Twisted/trunk/twisted/trial/assertions.py", line 77, in failUnlessEqual
    raise FailTest, (msg or '%r != %r' % (first, second))
twisted.trial.assertions.FailTest: 'fourth xine^[[D^[[D^[[D^[[D^[[2~^[[2~l\n\n\n\n\n\n\n\n\n\n\n\n\n\n\n\n\n\n\n\n\n\n\n' != '>>> fourth line\nfourth line\n>>>\n\n\n\n\n\n\n\n\n\n\n\n\n\n\n\n\n\n\n\n\n'
===============================================================================
[FAIL]: testComplexStructure (test_text.Serialization)


  File "/home/exarkun/projects/python/Twisted/trunk/twisted/internet/defer.py", line 117, in maybeDeferred
    result = f(*args, **kw)
  File "/home/exarkun/projects/python/Twisted/trunk/sandbox/exarkun/manhole/test_text.py", line 86, in testComplexStructure
    "\x1b[1;31;46mForeground Red, Background Cyan, Bold"
  File "/home/exarkun/projects/python/Twisted/trunk/twisted/trial/unittest.py", line 415, in <lambda>
    failUnlessEqual = lambda self, a, b, msg=None: failUnlessEqual(a, b, msg)
  File "/home/exarkun/projects/python/Twisted/trunk/twisted/trial/assertions.py", line 77, in failUnlessEqual
    raise FailTest, (msg or '%r != %r' % (first, second))
twisted.trial.assertions.FailTest: '\x1b[1;31;46mForeground Red, Background Cyan, Bold\x1b[1;5;31;46mBlinking\x1b[0;31;46mForeground Red, Background Cyan, normal\x1b[1;32;46mForeground Green, Background Cyan, Bold' != '\x1b[1;31;46mForeground Red, Background Cyan, Bold\x1b[5mBlinking\x1b[0;31;46mForeground Red, Background Cyan, normal\x1b[1;32;46mForeground Green, Background Cyan, Bold'
===============================================================================
[FAIL]: testNesting (test_text.Serialization)


  File "/home/exarkun/projects/python/Twisted/trunk/twisted/internet/defer.py", line 117, in maybeDeferred
    result = f(*args, **kw)
  File "/home/exarkun/projects/python/Twisted/trunk/sandbox/exarkun/manhole/test_text.py", line 42, in testNesting
    '\x1b[1mHello, \x1b[4mworld.')
  File "/home/exarkun/projects/python/Twisted/trunk/twisted/trial/unittest.py", line 415, in <lambda>
    failUnlessEqual = lambda self, a, b, msg=None: failUnlessEqual(a, b, msg)
  File "/home/exarkun/projects/python/Twisted/trunk/twisted/trial/assertions.py", line 77, in failUnlessEqual
    raise FailTest, (msg or '%r != %r' % (first, second))
twisted.trial.assertions.FailTest: '\x1b[1mHello, \x1b[1;4mworld.' != '\x1b[1mHello, \x1b[4mworld.'
-------------------------------------------------------------------------------
Ran 183 tests in 12.204s

FAILED (failures=24, successes=159)
