------------------------------------------------------------
/home/lvh/tmp/pypy/bin/pip run on Sat Jun 25 12:57:30 2011
Obtaining file:///home/lvh/Development/Twisted/bzr/twisted
  Running setup.py egg_info for package from file:///home/lvh/Development/Twisted/bzr/twisted
    running egg_info
    writing top-level names to Twisted.egg-info/top_level.txt
    writing requirements to Twisted.egg-info/requires.txt
    writing Twisted.egg-info/PKG-INFO
    writing dependency_links to Twisted.egg-info/dependency_links.txt
    warning: manifest_maker: standard file '-c' not found
    
    reading manifest file 'Twisted.egg-info/SOURCES.txt'
    writing manifest file 'Twisted.egg-info/SOURCES.txt'
Requirement already satisfied (use --upgrade to upgrade): zope.interface in ./site-packages (from Twisted==11.0.0)
Requirement already satisfied (use --upgrade to upgrade): distribute in ./site-packages/distribute-0.6.15-py2.7.egg (from zope.interface->Twisted==11.0.0)
Installing collected packages: Twisted
  Running setup.py develop for Twisted
    Running command /home/lvh/tmp/pypy/bin/pypy -c "import setuptools; __file__='/home/lvh/Development/Twisted/bzr/twisted/setup.py'; exec(compile(open(__file__).read().replace('\r\n', '\n'), __file__, 'exec'))" develop --no-deps
    running develop
    running egg_info
    writing top-level names to Twisted.egg-info/top_level.txt
    writing requirements to Twisted.egg-info/requires.txt
    writing Twisted.egg-info/PKG-INFO
    writing dependency_links to Twisted.egg-info/dependency_links.txt
    warning: manifest_maker: standard file '-c' not found
    
    reading manifest file 'Twisted.egg-info/SOURCES.txt'
    writing manifest file 'Twisted.egg-info/SOURCES.txt'
    running build_ext
    cc -fPIC -Wimplicit -I/home/lvh/tmp/pypy/include -c conftest.c -o conftest.o
    cc -fPIC -Wimplicit -I/home/lvh/tmp/pypy/include -c conftest.c -o conftest.o
    building 'twisted.python._epoll' extension
    creating build/temp.linux-x86_64-2.7/twisted/python
    cc -fPIC -Wimplicit -I/home/lvh/tmp/pypy/include -c twisted/python/_epoll.c -o build/temp.linux-x86_64-2.7/twisted/python/_epoll.o
    twisted/python/_epoll.c: In function ‘__Pyx_ErrRestore’:
    twisted/python/_epoll.c:1872:5: warning: implicit declaration of function ‘PyThreadState_GET’
    twisted/python/_epoll.c:1872:29: warning: initialization makes pointer from integer without a cast
    twisted/python/_epoll.c:1874:22: error: ‘PyThreadState’ has no member named ‘curexc_type’
    twisted/python/_epoll.c:1875:23: error: ‘PyThreadState’ has no member named ‘curexc_value’
    twisted/python/_epoll.c:1876:20: error: ‘PyThreadState’ has no member named ‘curexc_traceback’
    twisted/python/_epoll.c:1877:11: error: ‘PyThreadState’ has no member named ‘curexc_type’
    twisted/python/_epoll.c:1878:11: error: ‘PyThreadState’ has no member named ‘curexc_value’
    twisted/python/_epoll.c:1879:11: error: ‘PyThreadState’ has no member named ‘curexc_traceback’
    twisted/python/_epoll.c: In function ‘__Pyx_ErrFetch’:
    twisted/python/_epoll.c:1886:29: warning: initialization makes pointer from integer without a cast
    twisted/python/_epoll.c:1887:19: error: ‘PyThreadState’ has no member named ‘curexc_type’
    twisted/python/_epoll.c:1888:20: error: ‘PyThreadState’ has no member named ‘curexc_value’
    twisted/python/_epoll.c:1889:17: error: ‘PyThreadState’ has no member named ‘curexc_traceback’
    twisted/python/_epoll.c:1891:11: error: ‘PyThreadState’ has no member named ‘curexc_type’
    twisted/python/_epoll.c:1892:11: error: ‘PyThreadState’ has no member named ‘curexc_value’
    twisted/python/_epoll.c:1893:11: error: ‘PyThreadState’ has no member named ‘curexc_traceback’
    twisted/python/_epoll.c: In function ‘__Pyx_AddTraceback’:
    twisted/python/_epoll.c:2466:5: warning: passing argument 1 of ‘PyFrame_New’ makes pointer from integer without a cast
    /home/lvh/tmp/pypy/include/pypy_decl.h:129:29: note: expected ‘struct PyThreadState *’ but argument is of type ‘int’
    error: command 'cc' failed with exit status 1
    Complete output from command /home/lvh/tmp/pypy/bin/pypy -c "import setuptools; __file__='/home/lvh/Development/Twisted/bzr/twisted/setup.py'; exec(compile(open(__file__).read().replace('\r\n', '\n'), __file__, 'exec'))" develop --no-deps:
    running develop

running egg_info

writing top-level names to Twisted.egg-info/top_level.txt

writing requirements to Twisted.egg-info/requires.txt

writing Twisted.egg-info/PKG-INFO

writing dependency_links to Twisted.egg-info/dependency_links.txt

warning: manifest_maker: standard file '-c' not found



reading manifest file 'Twisted.egg-info/SOURCES.txt'

writing manifest file 'Twisted.egg-info/SOURCES.txt'

running build_ext

cc -fPIC -Wimplicit -I/home/lvh/tmp/pypy/include -c conftest.c -o conftest.o

cc -fPIC -Wimplicit -I/home/lvh/tmp/pypy/include -c conftest.c -o conftest.o

building 'twisted.python._epoll' extension

creating build/temp.linux-x86_64-2.7/twisted/python

cc -fPIC -Wimplicit -I/home/lvh/tmp/pypy/include -c twisted/python/_epoll.c -o build/temp.linux-x86_64-2.7/twisted/python/_epoll.o

twisted/python/_epoll.c: In function ‘__Pyx_ErrRestore’:

twisted/python/_epoll.c:1872:5: warning: implicit declaration of function ‘PyThreadState_GET’

twisted/python/_epoll.c:1872:29: warning: initialization makes pointer from integer without a cast

twisted/python/_epoll.c:1874:22: error: ‘PyThreadState’ has no member named ‘curexc_type’

twisted/python/_epoll.c:1875:23: error: ‘PyThreadState’ has no member named ‘curexc_value’

twisted/python/_epoll.c:1876:20: error: ‘PyThreadState’ has no member named ‘curexc_traceback’

twisted/python/_epoll.c:1877:11: error: ‘PyThreadState’ has no member named ‘curexc_type’

twisted/python/_epoll.c:1878:11: error: ‘PyThreadState’ has no member named ‘curexc_value’

twisted/python/_epoll.c:1879:11: error: ‘PyThreadState’ has no member named ‘curexc_traceback’

twisted/python/_epoll.c: In function ‘__Pyx_ErrFetch’:

twisted/python/_epoll.c:1886:29: warning: initialization makes pointer from integer without a cast

twisted/python/_epoll.c:1887:19: error: ‘PyThreadState’ has no member named ‘curexc_type’

twisted/python/_epoll.c:1888:20: error: ‘PyThreadState’ has no member named ‘curexc_value’

twisted/python/_epoll.c:1889:17: error: ‘PyThreadState’ has no member named ‘curexc_traceback’

twisted/python/_epoll.c:1891:11: error: ‘PyThreadState’ has no member named ‘curexc_type’

twisted/python/_epoll.c:1892:11: error: ‘PyThreadState’ has no member named ‘curexc_value’

twisted/python/_epoll.c:1893:11: error: ‘PyThreadState’ has no member named ‘curexc_traceback’

twisted/python/_epoll.c: In function ‘__Pyx_AddTraceback’:

twisted/python/_epoll.c:2466:5: warning: passing argument 1 of ‘PyFrame_New’ makes pointer from integer without a cast

/home/lvh/tmp/pypy/include/pypy_decl.h:129:29: note: expected ‘struct PyThreadState *’ but argument is of type ‘int’

error: command 'cc' failed with exit status 1

----------------------------------------
Command /home/lvh/tmp/pypy/bin/pypy -c "import setuptools; __file__='/home/lvh/Development/Twisted/bzr/twisted/setup.py'; exec(compile(open(__file__).read().replace('\r\n', '\n'), __file__, 'exec'))" develop --no-deps failed with error code 1
Exception information:
Traceback (most recent call last):
  File "/home/lvh/tmp/pypy/site-packages/pip-1.0.1-py2.7.egg/pip/basecommand.py", line 126, in main
    self.run(options, args)
  File "/home/lvh/tmp/pypy/site-packages/pip-1.0.1-py2.7.egg/pip/commands/install.py", line 228, in run
    requirement_set.install(install_options, global_options)
  File "/home/lvh/tmp/pypy/site-packages/pip-1.0.1-py2.7.egg/pip/req.py", line 1100, in install
    requirement.install(install_options, global_options)
  File "/home/lvh/tmp/pypy/site-packages/pip-1.0.1-py2.7.egg/pip/req.py", line 548, in install
    self.install_editable(install_options, global_options)
  File "/home/lvh/tmp/pypy/site-packages/pip-1.0.1-py2.7.egg/pip/req.py", line 630, in install_editable
    show_stdout=False)
  File "/home/lvh/tmp/pypy/site-packages/pip-1.0.1-py2.7.egg/pip/__init__.py", line 255, in call_subprocess
    % (command_desc, proc.returncode))
InstallationError: Command /home/lvh/tmp/pypy/bin/pypy -c "import setuptools; __file__='/home/lvh/Development/Twisted/bzr/twisted/setup.py'; exec(compile(open(__file__).read().replace('\r\n', '\n'), __file__, 'exec'))" develop --no-deps failed with error code 1
