cd ~/Scratch/Test/
~/Projects/Twisted/bin/trial -o --tbformat=emacs  -x/home/glyph/Projects/Twisted/twisted/test/test_conch.py
testDSA (twisted.test.test_conch.SSHKeysHandlingTestCase) ... [OK]
testRSA (twisted.test.test_conch.SSHKeysHandlingTestCase) ... [FAIL]
testOurServerOpenSSHClient (twisted.test.test_conch.SSHTransportTestCase) ... [OK]
testOurServerOurClient (twisted.test.test_conch.SSHTransportTestCase) ... [OK]

===============================================================================
FAILURE: testRSA (twisted.test.test_conch.SSHKeysHandlingTestCase)
-------------------------------------------------------------------------------
Traceback: twisted.trial.unittest.FailTest, '-----BEGIN RSA PRIVATE KEY-----\nMIIBxwIBAAJhAK8ycfDmDpyZs3+LXwRLy4vA1T6yd/3PZNiPwM+uH8Yx3/YpskSW\n4sbUIZR/ZXzY1CMfuC5qyR+UDUbBaaK3Bwyjk8E02C4eSpkabJZGB0Yr3CUpG4fw\nvgUd7rQ0ueeZlQIBIwJgbh+1VZfr7WftK5lu7MHtqE1S1vPWZQYE3+VUn8yJADyb\nZ4fsZaCrzW9lkIqXkE3GIY+ojdhZhkO1gbG0118sIgphwSWKRxK0mvh6ERxKqIt1\nxJEJO74EykXZV4oNJ8sjAjEAy0pL0EBH6EVS98evDCBtQw22OZT52qXlAwZ2gyTr\niKFVoqjeEjt3SZKKqXHSApP/AjEA3J9r2ZghVhGN6V8DnQrTk24Td0E8hU8AcP0F\nVP+8PQm/g/aXf2QQkQT+omdHVEJrAjAXO7DkmaHRZwIq8j/kIPaLUgYyd20DC6Uk\n6su3N2tgEnAv2MjsJA2iAh55w918ozMCMEukX33NwkllGrZpuBiV/2W/VyGStaoM\ndS4Nm22Zgl4R+IUEFq9VggXV06VlPQbyMwIwJQPp/z+HDpM0ntg9cAo3390laeF0\nk8jwQJ0gL5x0oMYdpOhV0O5Ck/yrsRDCKDZA\n-----END RSA PRIVATE KEY-----' != '-----BEGIN RSA PRIVATE KEY-----\nMIIByAIBAAJhAK8ycfDmDpyZs3+LXwRLy4vA1T6yd/3PZNiPwM+uH8Yx3/YpskSW\n4sbUIZR/ZXzY1CMfuC5qyR+UDUbBaaK3Bwyjk8E02C4eSpkabJZGB0Yr3CUpG4fw\nvgUd7rQ0ueeZlQIBIwJgbh+1VZfr7WftK5lu7MHtqE1S1vPWZQYE3+VUn8yJADyb\nZ4fsZaCrzW9lkIqXkE3GIY+ojdhZhkO1gbG0118sIgphwSWKRxK0mvh6ERxKqIt1\nxJEJO74EykXZV4oNJ8sjAjEA3J9r2ZghVhGN6V8DnQrTk24Td0E8hU8AcP0FVP+8\nPQm/g/aXf2QQkQT+omdHVEJrAjEAy0pL0EBH6EVS98evDCBtQw22OZT52qXlAwZ2\ngyTriKFVoqjeEjt3SZKKqXHSApP/AjBLpF99zcJJZRq2abgYlf9lv1chkrWqDHUu\nDZttmYJeEfiFBBavVYIF1dOlZT0G8jMCMBc7sOSZodFnAiryP+Qg9otSBjJ3bQML\npSTqy7c3a2AScC/YyOwkDaICHnnD3XyjMwIxALRzl0tQEKMXs6hH8ToUdlLROCrP\nEhQ0wahUTCk1gKA4uPD6TMTChavbh4K63OvbKg==\n-----END RSA PRIVATE KEY-----'
/home/glyph/Projects/Twisted/twisted/trial/unittest.py:248:_runPhase
/home/glyph/Projects/Twisted/twisted/trial/unittest.py:270:_main
/home/glyph/Projects/Twisted/twisted/trial/runner.py:100:runTest
/home/glyph/Projects/Twisted/twisted/test/test_conch.py:77:testRSA
/home/glyph/Projects/Twisted/twisted/test/test_conch.py:86:_testKey
/home/glyph/Projects/Twisted/twisted/test/test_conch.py:119:_testGenerateKey
/home/glyph/Projects/Twisted/twisted/trial/unittest.py:126:failUnlessEqual

-------------------------------------------------------------------------------
Ran 4 tests in 1.718s

FAILED (failures=1)

Compilation exited abnormally with code 1 at Tue Sep 16 23:02:58
