Script started on Fri 23 Jun 2006 02:13:16 PM EDT
$ svn://svn.twistedmatrix.com/svn/Twisted/trunk                                             ./bint /trial twisted.test
/misc/pdtools/scm/.scmikes/python2.4/download/twistedsvn/trunk/twisted/test/test_persisted.py:161: DeprecationWarning: twisted.persisted.marmalade is deprecated
  from twisted.persisted import marmalade
Running 895 tests.
twisted.test.test_adbapi.FirebirdADBAPITestCase.testPool ... [SKIPPED]
twisted.test.test_adbapi.FirebirdReconnectTestCase.testPool ... [SKIPPED]
twisted.test.test_adbapi.GadflyADBAPITestCase.testPool ... [SKIPPED]
twisted.test.test_adbapi.GadflyReconnectTestCase.testPool ... [SKIPPED]
twisted.test.test_adbapi.MySQLADBAPITestCase.testPool ... [SKIPPED]
twisted.test.test_adbapi.MySQLReconnectTestCase.testPool ... [SKIPPED]
twisted.test.test_adbapi.PsycopgADBAPITestCase.testPool ... [SKIPPED]
twisted.test.test_adbapi.PsycopgReconnectTestCase.testPool ... [SKIPPED]
twisted.test.test_adbapi.PyPgSQLADBAPITestCase.testPool ... [SKIPPED]
twisted.test.test_adbapi.PyPgSQLReconnectTestCase.testPool ... [SKIPPED]
twisted.test.test_adbapi.SQLiteADBAPITestCase.testPool ... [SKIPPED]
twisted.test.test_adbapi.SQLiteReconnectTestCase.testPool ... [SKIPPED]
twisted.test.test_application.TestAppSupport.testLoadApplication ... [OK]
twisted.test.test_application.TestAppSupport.testPassphrase ... [OK]
twisted.test.test_application.TestAppSupport.test_convertStyle ... [OK]
twisted.test.test_application.TestAppSupport.test_getLogFile ... [OK]
twisted.test.test_application.TestAppSupport.test_startApplication ... [OK]
twisted.test.test_application.TestApplication.testConstructor ... [OK]
twisted.test.test_application.TestApplication.testPersistableComponent ... [OK]
twisted.test.test_application.TestApplication.testProcessComponent ... [OK]
twisted.test.test_application.TestApplication.testServiceComponent ... [OK]
twisted.test.test_application.TestInterfaces.testMultiService ... [OK]
twisted.test.test_application.TestInterfaces.testProcess ... [OK]
twisted.test.test_application.TestInterfaces.testService ... [OK]
twisted.test.test_application.TestInternet2.testBrokenTimer ... [OK]
twisted.test.test_application.TestInternet2.testConnectionGettingRefused ... [OK]
twisted.test.test_application.TestInternet2.testEverythingThere ... [OK]
twisted.test.test_application.TestInternet2.testPickledTimer ... [OK]
twisted.test.test_application.TestInternet2.testPrivileged ... [OK]
twisted.test.test_application.TestInternet2.testStoppingServer ... [OK]
twisted.test.test_application.TestInternet2.testTCP ... [OK]
twisted.test.test_application.TestInternet2.testUDP ... [OK]
twisted.test.test_application.TestInternet2.testUNIX ... [OK]
twisted.test.test_application.TestInternet2.testVolatile ... [OK]
twisted.test.test_application.TestLoading.test_simpleStoreAndLoad ... [OK]
twisted.test.test_application.TestProcess.testDefaults ... [OK]
twisted.test.test_application.TestProcess.testID ... [OK]
twisted.test.test_application.TestProcess.testProcessName ... [OK]
twisted.test.test_application.TestService.testAddingIntoRunning ... [OK]
twisted.test.test_application.TestService.testApplicationAsParent ... [OK]
twisted.test.test_application.TestService.testCopying ... [OK]
twisted.test.test_application.TestService.testDisowning ... [OK]
twisted.test.test_application.TestService.testDoublyNamedChild ... [OK]
twisted.test.test_application.TestService.testDuplicateNamedChild ... [OK]
twisted.test.test_application.TestService.testName ... [OK]
twisted.test.test_application.TestService.testNamedChild ... [OK]
twisted.test.test_application.TestService.testParent ... [OK]
twisted.test.test_application.TestService.testPrivileged ... [OK]
twisted.test.test_application.TestService.testRunning ... [OK]
twisted.test.test_application.TestService.testRunningChildren ... [OK]
twisted.test.test_application.TestTimerBasic.testTimerLoops ... [OK]
twisted.test.test_application.TestTimerBasic.testTimerRestart ... [OK]
twisted.test.test_application.TestTimerBasic.testTimerRuns ... [OK]
twisted.test.test_assertions.Assertions.testExceptions ... [OK]
twisted.test.test_banana.BananaTestCase.testCrashNegativeLong ... [OK]
twisted.test.test_banana.BananaTestCase.testCrashString ... [OK]
twisted.test.test_banana.BananaTestCase.testFloat ... [OK]
twisted.test.test_banana.BananaTestCase.testInteger ... [OK]
twisted.test.test_banana.BananaTestCase.testList ... [OK]
twisted.test.test_banana.BananaTestCase.testLong ... [OK]
twisted.test.test_banana.BananaTestCase.testNegative ... [OK]
twisted.test.test_banana.BananaTestCase.testNegativeLong ... [OK]
twisted.test.test_banana.BananaTestCase.testOversizedList ... [OK]
twisted.test.test_banana.BananaTestCase.testOversizedString ... [OK]
twisted.test.test_banana.BananaTestCase.testPartial ... [OK]
twisted.test.test_banana.BananaTestCase.testString ... [OK]
twisted.test.test_banana.MathTestCase.testInt2b128 ... [OK]
twisted.test.test_compat.CompatTestCase.testBool ... [OK]
twisted.test.test_compat.CompatTestCase.testDict ... [OK]
twisted.test.test_compat.CompatTestCase.testIsinstance ... [OK]
twisted.test.test_compat.CompatTestCase.testIteration ... [OK]
twisted.test.test_compat.CompatTestCase.testNToP ... [OK]
twisted.test.test_compat.CompatTestCase.testPToN ... [OK]
twisted.test.test_compat.CompatTestCase.testStrip ... [OK]
twisted.test.test_components.AdapterTestCase.testAdapterGetComponent ... [OK]
twisted.test.test_components.AdapterTestCase.testAllowDuplicates ... [OK]
twisted.test.test_components.AdapterTestCase.testBadRegister ... [OK]
twisted.test.test_components.AdapterTestCase.testGetAdapter ... [OK]
twisted.test.test_components.AdapterTestCase.testGetAdapterClass ... [OK]
twisted.test.test_components.AdapterTestCase.testGetSubAdapter ... [OK]
twisted.test.test_components.AdapterTestCase.testMultipleInterfaceRegistration ... [OK]
twisted.test.test_components.AdapterTestCase.testNoAdapter ... [OK]
twisted.test.test_components.AdapterTestCase.testParentInterface ... [OK]
twisted.test.test_components.AdapterTestCase.testSelfIsAdapter ... [OK]
twisted.test.test_components.ComponentizedTestCase.testComponentized ... [OK]
twisted.test.test_components.ComponentizedTestCase.testInheritanceAdaptation ... [OK]
twisted.test.test_components.ComponentizedTestCase.testMultiAdapter ... [OK]
twisted.test.test_components.InterfacesTestCase.testClasses ... [OK]
twisted.test.test_components.InterfacesTestCase.testInstances ... [OK]
twisted.test.test_components.InterfacesTestCase.testModules ... [OK]
twisted.test.test_components.InterfacesTestCase.testOther ... [OK]
twisted.test.test_components.TestInterfaceInterface.testBasic ... [OK]
twisted.test.test_components.TestMetaInterface.testAdapterWithCmp ... [OK]
twisted.test.test_components.TestMetaInterface.testBasic ... [OK]
twisted.test.test_components.TestMetaInterface.testComponentizedInteraction ... [OK]
twisted.test.test_components.TestZope.testAdapter ... [OK]
twisted.test.test_components.TestZope.testClassIsGCd ... [OK]
twisted.test.test_components.TestZope.testSignatureString ... [OK]
twisted.test.test_context.ContextTest.testBasicContext ... [OK]
twisted.test.test_cooperator.TestCooperator.testCallbackReCoiterate ... [OK]
twisted.test.test_cooperator.TestCooperator.testCooperation ... [OK]
twisted.test.test_cooperator.TestCooperator.testResourceExhaustion ... [OK]
twisted.test.test_cooperator.TestCooperator.testStopOutstanding ... [OK]
twisted.test.test_cooperator.TestCooperator.testStopRunning ... [OK]
twisted.test.test_cooperator.TestCooperator.testStoppedRejectsNewTasks ... [OK]
twisted.test.test_cooperator.TestCooperator.testUnexpectedError ... [OK]
twisted.test.test_cooperator.TestCooperator.testUnexpectedErrorActuallyLater ... [OK]
twisted.test.test_cooperator.TestCooperator.testUnexpectedErrorNotActuallyLater ... [OK]
twisted.test.test_defer.AlreadyCalledTestCase.testAlreadyCalledDebug_CC ... [OK]
twisted.test.test_defer.AlreadyCalledTestCase.testAlreadyCalledDebug_CE ... [OK]
twisted.test.test_defer.AlreadyCalledTestCase.testAlreadyCalledDebug_EC ... [OK]
twisted.test.test_defer.AlreadyCalledTestCase.testAlreadyCalledDebug_EE ... [OK]
twisted.test.test_defer.AlreadyCalledTestCase.testAlreadyCalled_CC ... [OK]
twisted.test.test_defer.AlreadyCalledTestCase.testAlreadyCalled_CE ... [OK]
twisted.test.test_defer.AlreadyCalledTestCase.testAlreadyCalled_EC ... [OK]
twisted.test.test_defer.AlreadyCalledTestCase.testAlreadyCalled_EE ... [OK]
twisted.test.test_defer.AlreadyCalledTestCase.testNoDebugging ... [OK]
twisted.test.test_defer.AlreadyCalledTestCase.testSwitchDebugging ... [OK]
twisted.test.test_defer.DeferredTestCase.testCallbackErrors ... [OK]
twisted.test.test_defer.DeferredTestCase.testCallbackWithArgs ... [OK]
twisted.test.test_defer.DeferredTestCase.testCallbackWithKwArgs ... [OK]
twisted.test.test_defer.DeferredTestCase.testCallbackWithoutArgs ... [OK]
twisted.test.test_defer.DeferredTestCase.testDeferredList ... [OK]
twisted.test.test_defer.DeferredTestCase.testDeferredListConsumeErrors ... [OK]
twisted.test.test_defer.DeferredTestCase.testDeferredListDontConsumeErrors ... [OK]
twisted.test.test_defer.DeferredTestCase.testDeferredListFireOnOneError ... 
/misc/pdtools/scm/.scmikes/python2.4/download/twistedsvn/trunk/twisted/test/test_defer.py:147: <type 'exceptions.DeprecationWarning'>: FirstError.__getitem__ is deprecated.  Use attributes instead.

/misc/pdtools/scm/.scmikes/python2.4/download/twistedsvn/trunk/twisted/test/test_defer.py:148: <type 'exceptions.DeprecationWarning'>: FirstError.__getitem__ is deprecated.  Use attributes instead.
[OK]
twisted.test.test_defer.DeferredTestCase.testDeferredListFireOnOneErrorWithAlreadyFiredDeferreds ... [OK]
twisted.test.test_defer.DeferredTestCase.testDeferredListWithAlreadyFiredDeferreds ... [OK]
twisted.test.test_defer.DeferredTestCase.testEmptyDeferredList ... [OK]
twisted.test.test_defer.DeferredTestCase.testGatherResults ... [OK]
twisted.test.test_defer.DeferredTestCase.testImmediateFailure ... [OK]
twisted.test.test_defer.DeferredTestCase.testImmediateSuccess ... [OK]
twisted.test.test_defer.DeferredTestCase.testImmediateSuccess2 ... 
/misc/pdtools/scm/.scmikes/python2.4/download/twistedsvn/trunk/twisted/test/test_defer.py:241: <type 'exceptions.DeprecationWarning'>: Deferred.setTimeout is deprecated.  Look for timeout support specific to the API you are using instead.
[OK]
twisted.test.test_defer.DeferredTestCase.testMaybeDeferred ... [OK]
twisted.test.test_defer.DeferredTestCase.testPausedFailure ... [OK]
twisted.test.test_defer.DeferredTestCase.testReturnDeferred ... [OK]
twisted.test.test_defer.DeferredTestCase.testTimeOut ... 
/misc/pdtools/scm/.scmikes/python2.4/download/twistedsvn/trunk/twisted/test/test_defer.py:221: <type 'exceptions.DeprecationWarning'>: Deferred.setTimeout is deprecated.  Look for timeout support specific to the API you are using instead.
[OK]
twisted.test.test_defer.DeferredTestCase.testTwoCallbacks ... [OK]
twisted.test.test_defer.DeferredTestCase.testUnpauseBeforeCallback ... [OK]
twisted.test.test_defer.DeferredTestCaseII.testDeferredListEmpty ... [OK]
twisted.test.test_defer.LogTestCase.testErrorLog ... [OK]
twisted.test.test_defer.OtherPrimitives.testLock ... [OK]
twisted.test.test_defer.OtherPrimitives.testQueue ... [OK]
twisted.test.test_defer.OtherPrimitives.testSemaphore ... [OK]
twisted.test.test_defgen.DefGenTests.testBasics ... [OK]
twisted.test.test_defgen.DefGenTests.testBuggyGen ... [OK]
twisted.test.test_defgen.DefGenTests.testDeferredYielding ... [OK]
twisted.test.test_defgen.DefGenTests.testHandledTerminalAsyncFailure ... [OK]
twisted.test.test_defgen.DefGenTests.testHandledTerminalFailure ... [OK]
twisted.test.test_defgen.DefGenTests.testNothing ... [OK]
twisted.test.test_defgen.DefGenTests.testStackUsage ... [OK]
twisted.test.test_defgen.DefGenTests.testStackUsage2 ... [OK]
twisted.test.test_dict.ParamTest.testParseParam ... [OK]
twisted.test.test_dirdbm.DirDbmTestCase.testAll ... [OK]
twisted.test.test_dirdbm.DirDbmTestCase.testDbm ... [OK]
twisted.test.test_dirdbm.DirDbmTestCase.testModificationTime ... [OK]
twisted.test.test_dirdbm.DirDbmTestCase.testRebuildInteraction ... [OK]
twisted.test.test_dirdbm.DirDbmTestCase.testRecovery ... [OK]
twisted.test.test_dirdbm.ShelfTestCase.testAll ... [OK]
twisted.test.test_dirdbm.ShelfTestCase.testDbm ... [OK]
twisted.test.test_dirdbm.ShelfTestCase.testModificationTime ... [OK]
twisted.test.test_dirdbm.ShelfTestCase.testRebuildInteraction ... [OK]
twisted.test.test_dirdbm.ShelfTestCase.testRecovery ... [OK]
twisted.test.test_dist.GetVersionTest.test_getVersionCore ... [OK]
twisted.test.test_dist.GetVersionTest.test_getVersionOther ... [OK]
twisted.test.test_doc.DocCoverage.testModules ... [SKIPPED]
twisted.test.test_doc.DocCoverage.testPackages ... 
/misc/pdtools/scm/.scmikes/python2.4/download/twistedsvn/trunk/twisted/words/im/__init__.py:8: <type 'exceptions.UserWarning'>: twisted.im will be undergoing a rewrite at some point in the future.
[OK]
twisted.test.test_enterprise.QuotingTestCase.testQuoting ... [OK]
twisted.test.test_error.TestStringification.testThemAll ... [OK]
twisted.test.test_explorer.TestBrowseFunction.test_sanity ... [OK]
twisted.test.test_explorer.TestBrowseFunction.test_signature_crazy ... [OK]
twisted.test.test_explorer.TestBrowseFunction.test_signature_noArgs ... [OK]
twisted.test.test_explorer.TestBrowseFunction.test_signature_simple ... [OK]
twisted.test.test_explorer.TestBrowseFunction.test_signature_variable ... [OK]
twisted.test.test_explorer.TestBrowser.test_chain ... [OK]
twisted.test.test_extensions.CorrectComments.testNoSlashSlashComments ... [OK]
twisted.test.test_factories.ReconnectingFactoryTestCase.testStopTrying ... [OK]
twisted.test.test_failure.FailureTestCase.testBrokenStr ... [OK]
twisted.test.test_failure.FailureTestCase.testConstructionFails ... [OK]
twisted.test.test_failure.FailureTestCase.testExplictPass ... [OK]
twisted.test.test_failure.FailureTestCase.testFailAndTrap ... [ERROR]
twisted.test.test_failure.FailureTestCase.testLackOfTB ... [TODO]
twisted.test.test_failure.FailureTestCase.testPrinting ... [OK]
twisted.test.test_failure.FailureTestCase.testRaiseExceptionWithTB ... [OK]
twisted.test.test_failure.FailureTestCase.testStringExceptions ... 
/misc/pdtools/scm/.scmikes/python2.4/download/twistedsvn/trunk/twisted/test/test_failure.py:94: <type 'exceptions.DeprecationWarning'>: raising a string exception is deprecated

/misc/pdtools/scm/.scmikes/python2.4/download/twistedsvn/trunk/twisted/python/failure.py:258: <type 'exceptions.DeprecationWarning'>: raising a string exception is deprecated
[OK]
twisted.test.test_failure.FailureTestCase.test_notTrapped ... [OK]
twisted.test.test_finger.FingerTestCase.testForwarding ... [OK]
twisted.test.test_finger.FingerTestCase.testList ... [OK]
twisted.test.test_finger.FingerTestCase.testSimple ... [OK]
twisted.test.test_finger.FingerTestCase.testSimpleW ... [OK]
twisted.test.test_formmethod.ArgumentTestCase.testBoolean ... [OK]
twisted.test.test_formmethod.ArgumentTestCase.testChoice ... [OK]
twisted.test.test_formmethod.ArgumentTestCase.testDate ... [OK]
twisted.test.test_formmethod.ArgumentTestCase.testFlags ... [OK]
twisted.test.test_formmethod.ArgumentTestCase.testFloat ... [OK]
twisted.test.test_formmethod.ArgumentTestCase.testInt ... [OK]
twisted.test.test_formmethod.ArgumentTestCase.testRangedInteger ... [OK]
twisted.test.test_formmethod.ArgumentTestCase.testString ... [OK]
twisted.test.test_formmethod.ArgumentTestCase.testVerifiedPassword ... [OK]
twisted.test.test_ftp.BasicFTPServerTestCase.testAnonymousLogin ... [OK]
twisted.test.test_ftp.BasicFTPServerTestCase.testAnonymousLoginDenied ... [FAILURE][ERROR]

/misc/pdtools/scm/.scmikes/python2.4/download/twistedsvn/trunk/twisted/trial/reporter.py:199: <class 'twisted.trial.reporter.BrokenTestCaseWarning'>: REACTOR UNCLEAN! traceback(s) follow: 
Traceback (most recent call last):
  File "/misc/pdtools/scm/.scmikes/python2.4/download/twistedsvn/trunk/twisted/trial/unittest.py", line 456, in _classCleanUp
    util._Janitor().postClassCleanup()
  File "/misc/pdtools/scm/.scmikes/python2.4/download/twistedsvn/trunk/twisted/trial/util.py", line 68, in postClassCleanup
    'cleanPending', 'cleanThreads')
  File "/misc/pdtools/scm/.scmikes/python2.4/download/twistedsvn/trunk/twisted/trial/util.py", line 72, in _dispatch
    getattr(self, "do_%s" % attr)()
  File "/misc/pdtools/scm/.scmikes/python2.4/download/twistedsvn/trunk/twisted/trial/util.py", line 129, in do_cleanReactor
    raise DirtyReactorError(' '.join(s))
<class 'twisted.trial.util.DirtyReactorError'>: THIS WILL BECOME AN ERROR SOON! reactor left in unclean state, the following Selectables were left over:  <ProtocolWrapper #0 on 0>

twisted.test.test_ftp.BasicFTPServerTestCase.testBadCommandArgs ... [FAILURE][ERROR]
twisted.test.test_ftp.BasicFTPServerTestCase.testDecodeHostPort ... 
/misc/pdtools/scm/.scmikes/python2.4/download/twistedsvn/trunk/twisted/trial/reporter.py:199: <class 'twisted.trial.reporter.BrokenTestCaseWarning'>: REACTOR UNCLEAN! traceback(s) follow: 
Traceback (most recent call last):
  File "/misc/pdtools/scm/.scmikes/python2.4/download/twistedsvn/trunk/twisted/trial/unittest.py", line 444, in _cleanUp
    util._Janitor().postCaseCleanup()
  File "/misc/pdtools/scm/.scmikes/python2.4/download/twistedsvn/trunk/twisted/trial/util.py", line 64, in postCaseCleanup
    return self._dispatch('logErrCheck', 'cleanPending')
  File "/misc/pdtools/scm/.scmikes/python2.4/download/twistedsvn/trunk/twisted/trial/util.py", line 72, in _dispatch
    getattr(self, "do_%s" % attr)()
  File "/misc/pdtools/scm/.scmikes/python2.4/download/twistedsvn/trunk/twisted/trial/util.py", line 99, in do_cleanPending
    raise PendingTimedCallsError(s)
<class 'twisted.trial.util.PendingTimedCallsError'>: pendingTimedCalls still pending (consider setting twisted.internet.base.DelayedCall.debug = True): <DelayedCall 182952524256 [599.899410009s] called=0 cancelled=0 FTP.__timedOut()>
 <DelayedCall 182956147056 [599.986116886s] called=0 cancelled=0 FTP.__timedOut()>



twisted.test.test_ftp.BasicFTPServerTestCase.testNoParamsForPASS ... [OK]
twisted.test.test_ftp.BasicFTPServerTestCase.testNoParamsForUSER ... [OK]
twisted.test.test_ftp.BasicFTPServerTestCase.testNotLoggedInReply ... [OK]
twisted.test.test_ftp.BasicFTPServerTestCase.testPASSBeforeUSER ... [OK]
twisted.test.test_ftp.BasicFTPServerTestCase.testPASV ... [OK]
twisted.test.test_ftp.BasicFTPServerTestCase.testQuit ... [OK]
twisted.test.test_ftp.BasicFTPServerTestCase.testRETRBeforePORT ... [FAILURE][ERROR]
twisted.test.test_ftp.BasicFTPServerTestCase.testSTORBeforePORT ... [FAILURE][ERROR]
twisted.test.test_ftp.BasicFTPServerTestCase.testSYST ... 
/misc/pdtools/scm/.scmikes/python2.4/download/twistedsvn/trunk/twisted/trial/reporter.py:199: <class 'twisted.trial.reporter.BrokenTestCaseWarning'>: REACTOR UNCLEAN! traceback(s) follow: 
Traceback (most recent call last):
  File "/misc/pdtools/scm/.scmikes/python2.4/download/twistedsvn/trunk/twisted/trial/unittest.py", line 444, in _cleanUp
    util._Janitor().postCaseCleanup()
  File "/misc/pdtools/scm/.scmikes/python2.4/download/twistedsvn/trunk/twisted/trial/util.py", line 64, in postCaseCleanup
    return self._dispatch('logErrCheck', 'cleanPending')
  File "/misc/pdtools/scm/.scmikes/python2.4/download/twistedsvn/trunk/twisted/trial/util.py", line 72, in _dispatch
    getattr(self, "do_%s" % attr)()
  File "/misc/pdtools/scm/.scmikes/python2.4/download/twistedsvn/trunk/twisted/trial/util.py", line 99, in do_cleanPending
    raise PendingTimedCallsError(s)
<class 'twisted.trial.util.PendingTimedCallsError'>: pendingTimedCalls still pending (consider setting twisted.internet.base.DelayedCall.debug = True): <DelayedCall 182956976176 [599.819741964s] called=0 cancelled=0 FTP.__timedOut()>
 <DelayedCall 182958851208 [599.911700964s] called=0 cancelled=0 FTP.__timedOut()>



twisted.test.test_ftp.BasicFTPServerTestCase.testUnknownCommand ... [FAILURE][ERROR]
twisted.test.test_ftp.FTPClientBasicTests.testGreeting ... 
/misc/pdtools/scm/.scmikes/python2.4/download/twistedsvn/trunk/twisted/trial/reporter.py:199: <class 'twisted.trial.reporter.BrokenTestCaseWarning'>: REACTOR UNCLEAN! traceback(s) follow: 
Traceback (most recent call last):
  File "/misc/pdtools/scm/.scmikes/python2.4/download/twistedsvn/trunk/twisted/trial/unittest.py", line 444, in _cleanUp
    util._Janitor().postCaseCleanup()
  File "/misc/pdtools/scm/.scmikes/python2.4/download/twistedsvn/trunk/twisted/trial/util.py", line 64, in postCaseCleanup
    return self._dispatch('logErrCheck', 'cleanPending')
  File "/misc/pdtools/scm/.scmikes/python2.4/download/twistedsvn/trunk/twisted/trial/util.py", line 72, in _dispatch
    getattr(self, "do_%s" % attr)()
  File "/misc/pdtools/scm/.scmikes/python2.4/download/twistedsvn/trunk/twisted/trial/util.py", line 99, in do_cleanPending
    raise PendingTimedCallsError(s)
<class 'twisted.trial.util.PendingTimedCallsError'>: pendingTimedCalls still pending (consider setting twisted.internet.base.DelayedCall.debug = True): <DelayedCall 182959297024 [599.993223906s] called=0 cancelled=0 FTP.__timedOut()>



twisted.test.test_ftp.FTPClientBasicTests.testMultilineResponse ... [OK]
twisted.test.test_ftp.FTPClientBasicTests.testNoPasswordGiven ... [OK]
twisted.test.test_ftp.FTPClientBasicTests.testNoPasswordNeeded ... [OK]
twisted.test.test_ftp.FTPClientBasicTests.testResponseWithNoMessage ... [OK]
twisted.test.test_ftp.FTPClientTests.testErrbacksUponDisconnect ... [OK]
twisted.test.test_ftp.FTPClientTests.testFailedRETR ... [OK]
twisted.test.test_ftp.FTPFileListingTests.testOneLine ... [OK]
twisted.test.test_ftp.FTPFileListingTests.testUnknownLine ... [OK]
twisted.test.test_ftp.FTPFileListingTests.testVariantLines ... [OK]
twisted.test.test_ftp.FTPFileListingTests.testYear ... [OK]
twisted.test.test_ftp.FTPServerPasvDataConnectionTestCase.testEmptyLIST ... [OK]
twisted.test.test_ftp.FTPServerPasvDataConnectionTestCase.testManyLargeDownloads ... [OK]
twisted.test.test_ftp.FTPServerPasvDataConnectionTestCase.testTwoDirLIST ... [OK]
twisted.test.test_ftp.FTPServerPortDataConnectionTestCase.testEmptyLIST ... [OK]
twisted.test.test_ftp.FTPServerPortDataConnectionTestCase.testManyLargeDownloads ... [OK]
twisted.test.test_ftp.FTPServerPortDataConnectionTestCase.testPORTCannotConnect ... [OK]
twisted.test.test_ftp.FTPServerPortDataConnectionTestCase.testTwoDirLIST ... [OK]
twisted.test.test_ftp.PathHandling.testNormalizer ... [OK]
twisted.test.test_hook.HookTestCase.testBaseHook ... [OK]
twisted.test.test_hook.HookTestCase.testSubHook ... [OK]
twisted.test.test_htb.ConsumerShaperTest.testBucketRefs ... [OK]
twisted.test.test_htb.ConsumerShaperTest.testRate ... [OK]
twisted.test.test_htb.TestBucket.testBucketDrian ... [OK]
twisted.test.test_htb.TestBucket.testBucketSize ... [OK]
twisted.test.test_htb.TestBucketNesting.testBucketParentRate ... [OK]
twisted.test.test_htb.TestBucketNesting.testBucketParentSize ... [OK]
twisted.test.test_ident.ClassParserTestCase.testErrors ... [OK]
twisted.test.test_ident.ClassParserTestCase.testLostConnection ... [OK]
twisted.test.test_ident.ProcMixinTestCase.testDottedQuadFromHexString ... [OK]
twisted.test.test_ident.ProcMixinTestCase.testExistingAddress ... [OK]
twisted.test.test_ident.ProcMixinTestCase.testLineParser ... [OK]
twisted.test.test_ident.ProcMixinTestCase.testNonExistingAddress ... [OK]
twisted.test.test_ident.ProcMixinTestCase.testUnpackAddress ... [OK]
twisted.test.test_ident.ServerParserTestCase.testErrors ... [FAILURE][ERROR]
twisted.test.test_ident.ServerParserTestCase.testSuccess ... [OK]
twisted.test.test_import.AtLeastImportTestCase.test_enterprise ... [OK]
twisted.test.test_import.AtLeastImportTestCase.test_internet ... [OK]
twisted.test.test_import.AtLeastImportTestCase.test_misc ... [OK]
twisted.test.test_import.AtLeastImportTestCase.test_persisted ... [OK]
twisted.test.test_import.AtLeastImportTestCase.test_protocols ... 
/misc/pdtools/scm/.scmikes/python2.4/download/twistedsvn/trunk/twisted/test/test_import.py:71: <type 'exceptions.DeprecationWarning'>: As of Twisted 2.1, twisted.protocols.telnet is deprecated.  See twisted.conch.telnet for the current, supported API.
[OK]
twisted.test.test_import.AtLeastImportTestCase.test_spread ... [OK]
twisted.test.test_import.AtLeastImportTestCase.test_test ... [OK]
twisted.test.test_import.AtLeastImportTestCase.test_twistedPython ... [OK]
twisted.test.test_import.AtLeastImportTestCase.test_unix ... [OK]
twisted.test.test_internet.DelayedTestCase.testActive ... [OK]
twisted.test.test_internet.DelayedTestCase.testGetDelayedCalls ... [OK]
twisted.test.test_internet.InterfaceTestCase.testCallInNextIteration ... [OK]
twisted.test.test_internet.InterfaceTestCase.testCallLater ... [OK]
twisted.test.test_internet.InterfaceTestCase.testCallLaterDelayAndReset ... [OK]
twisted.test.test_internet.InterfaceTestCase.testCallLaterOrder ... [SKIPPED]
twisted.test.test_internet.InterfaceTestCase.testCallLaterOrder2 ... [SKIPPED]
twisted.test.test_internet.InterfaceTestCase.testCallLaterTime ... [OK]
twisted.test.test_internet.InterfaceTestCase.testDelayedCallSecondsOverride ... [OK]
twisted.test.test_internet.InterfaceTestCase.testDelayedCallStringification ... [OK]
twisted.test.test_internet.InterfaceTestCase.testWakeUp ... [OK]
twisted.test.test_internet.PortStringification.testTCP ... [OK]
twisted.test.test_internet.PortStringification.testUDP ... [OK]
twisted.test.test_internet.ProtocolTestCase.testFactory ... [OK]
twisted.test.test_internet.ReactorCoreTestCase.testCrash ... 
/misc/pdtools/scm/.scmikes/python2.4/download/twistedsvn/trunk/twisted/trial/unittest.py:525: <type 'exceptions.DeprecationWarning'>: 'timeout' attribute needs to be a number.
[OK]
twisted.test.test_internet.ReactorCoreTestCase.testIterate ... [OK]
twisted.test.test_internet.ReactorCoreTestCase.testRun ... [OK]
twisted.test.test_internet.Resolve.testChildResolve ... [OK]
twisted.test.test_internet.SystemEventTestCase.testTriggerSystemEvent1 ... [OK]
twisted.test.test_internet.SystemEventTestCase.testTriggerSystemEvent2 ... [OK]
twisted.test.test_internet.SystemEventTestCase.testTriggerSystemEvent3 ... [OK]
twisted.test.test_internet.SystemEventTestCase.testTriggerSystemEvent4 ... [OK]
twisted.test.test_internet.SystemEventTestCase.testTriggerSystemEvent5 ... [OK]
twisted.test.test_internet.TestProducer.testDoubleProducer ... [OK]
twisted.test.test_internet.TestProducer.testUnconnectedFileDescriptor ... [OK]
twisted.test.test_internet.callFromThreadTestCase.testCorrectOrder ... [OK]
twisted.test.test_internet.callFromThreadTestCase.testNotRunAtOnce ... [OK]
twisted.test.test_internet.callFromThreadTestCase.testScheduling ... [OK]
twisted.test.test_iutils.UtilsTestCase.testOutput ... [OK]
twisted.test.test_iutils.UtilsTestCase.testOutputAndValue ... [OK]
twisted.test.test_iutils.UtilsTestCase.testOutputSignal ... [OK]
twisted.test.test_iutils.UtilsTestCase.testOutputWithErrorCollected ... [OK]
twisted.test.test_iutils.UtilsTestCase.testOutputWithErrorIgnored ... [OK]
twisted.test.test_iutils.UtilsTestCase.testValue ... [OK]
twisted.test.test_iutils.WarningSuppression.testSuppressWarnings ... [OK]
twisted.test.test_jelly.CircularReferenceTestCase.testCircleWithInvoker ... [OK]
twisted.test.test_jelly.CircularReferenceTestCase.testSimpleCircle ... [OK]
twisted.test.test_jelly.JellyTestCase.testClassSecurity ... [OK]
twisted.test.test_jelly.JellyTestCase.testDateTime ... [OK]
twisted.test.test_jelly.JellyTestCase.testIdentity ... [OK]
twisted.test.test_jelly.JellyTestCase.testLotsaTypes ... [OK]
twisted.test.test_jelly.JellyTestCase.testMethodSelfIdentity ... [OK]
twisted.test.test_jelly.JellyTestCase.testMoreReferences ... [OK]
twisted.test.test_jelly.JellyTestCase.testNewStyle ... [TODO]
twisted.test.test_jelly.JellyTestCase.testNewStyleClasses ... [OK]
twisted.test.test_jelly.JellyTestCase.testPersistentStorage ... [OK]
twisted.test.test_jelly.JellyTestCase.testSetState ... [OK]
twisted.test.test_jelly.JellyTestCase.testSimple ... [OK]
twisted.test.test_jelly.JellyTestCase.testStressReferences ... [OK]
twisted.test.test_jelly.JellyTestCase.testTypeSecurity ... [OK]
twisted.test.test_jelly.JellyTestCase.testUnicode ... [OK]
twisted.test.test_jelly.JellyTestCase.testUnjellyable ... [OK]
twisted.test.test_journal.JournalTestCase.testCommandExecution ... [OK]
twisted.test.test_journal.JournalTestCase.testLogging ... [OK]
twisted.test.test_journal.JournalTestCase.testRecovery ... [OK]
twisted.test.test_journal.JournalTestCase.testTime ... [OK]
twisted.test.test_lockfile.LockingTestCase.testBasics ... [OK]
twisted.test.test_lockfile.LockingTestCase.testBigLoop ... [OK]
twisted.test.test_lockfile.LockingTestCase.testIsLocked ... [OK]
twisted.test.test_lockfile.LockingTestCase.testProtection ... [OK]
twisted.test.test_log.FileObserverTestCase.testBrokenSystem__str__ ... [OK]
twisted.test.test_log.FileObserverTestCase.testEvilFormat__repr__And__str__ ... [OK]
twisted.test.test_log.FileObserverTestCase.testFormattingAnObjectWithBroken__repr__Indirect ... [OK]
twisted.test.test_log.FileObserverTestCase.testFormattingAnObjectWithBroken__str__ ... [OK]
twisted.test.test_log.FileObserverTestCase.testLoggingAnObjectWithBroken__str__ ... [OK]
twisted.test.test_log.FileObserverTestCase.testRidiculousFormat ... [OK]
twisted.test.test_log.FileObserverTestCase.testSimpleBrokenFormat ... [OK]
twisted.test.test_log.FileObserverTestCase.testSystemWithBroker__repr__Indirect ... [OK]
twisted.test.test_log.LogPublisherTestCase.testMultipleString ... [OK]
twisted.test.test_log.LogPublisherTestCase.testSingleString ... [OK]
twisted.test.test_log.LogPublisherTestCase.testSingleUnicode ... [OK]
twisted.test.test_log.LogTest.testContext ... [OK]
twisted.test.test_log.LogTest.testErroneousErrors ... [OK]
twisted.test.test_log.LogTest.testErrors ... [OK]
twisted.test.test_log.LogTest.testErrorsWithWhy ... [OK]
twisted.test.test_log.LogTest.testObservation ... [OK]
twisted.test.test_logfile.DailyLogFileTestCase.testRotation ... [OK]
twisted.test.test_logfile.DailyLogFileTestCase.testWriting ... [OK]
twisted.test.test_logfile.LogFileTestCase.testAppend ... [OK]
twisted.test.test_logfile.LogFileTestCase.testLogReader ... [OK]
twisted.test.test_logfile.LogFileTestCase.testModePreservation ... [OK]
twisted.test.test_logfile.LogFileTestCase.testNoPermission ... [OK]
twisted.test.test_logfile.LogFileTestCase.testRotation ... [OK]
twisted.test.test_logfile.LogFileTestCase.testWriting ... [OK]
twisted.test.test_loopback.LoopbackTCPTestCase.testRegularFunction ... [OK]
twisted.test.test_loopback.LoopbackTCPTestCase.testSneakyHiddenDoom ... [OK]
twisted.test.test_loopback.LoopbackTestCase.testRegularFunction ... [OK]
twisted.test.test_loopback.LoopbackTestCase.testSneakyHiddenDoom ... [OK]
twisted.test.test_loopback.LoopbackUNIXTestCase.testRegularFunction ... [OK]
twisted.test.test_loopback.LoopbackUNIXTestCase.testSneakyHiddenDoom ... [OK]
twisted.test.test_manhole.ManholeTest.test_importIdentity ... [OK]
twisted.test.test_manhole.ManholeTest.test_importMain ... [OK]
twisted.test.test_newcred.CramMD5CredentialsTestCase.testCheckPassword ... [OK]
twisted.test.test_newcred.CramMD5CredentialsTestCase.testIdempotentChallenge ... [OK]
twisted.test.test_newcred.CramMD5CredentialsTestCase.testWrongPassword ... [OK]
twisted.test.test_newcred.HashedPasswordOnDiskDatabaseTestCase.testBadCredentials ... [OK]
twisted.test.test_newcred.HashedPasswordOnDiskDatabaseTestCase.testGoodCredentials ... [OK]
twisted.test.test_newcred.HashedPasswordOnDiskDatabaseTestCase.testGoodCredentials_login ... [OK]
twisted.test.test_newcred.HashedPasswordOnDiskDatabaseTestCase.testHashedCredentials ... [OK]
twisted.test.test_newcred.HashlessFilePasswordDBCheckerTestCase.testNegative ... [OK]
twisted.test.test_newcred.HashlessFilePasswordDBCheckerTestCase.testPositive ... [OK]
twisted.test.test_newcred.LocallyHashedFilePasswordDBCheckerTestCase.testNegative ... [OK]
twisted.test.test_newcred.LocallyHashedFilePasswordDBCheckerTestCase.testPositive ... [OK]
twisted.test.test_newcred.NetworkHashedFilePasswordDBCheckerTestCase.testNegative ... [OK]
twisted.test.test_newcred.NetworkHashedFilePasswordDBCheckerTestCase.testPositive ... [OK]
twisted.test.test_newcred.NewCredTest.testBasicLogin ... [OK]
twisted.test.test_newcred.NewCredTest.testFailedLogin ... [OK]
twisted.test.test_newcred.NewCredTest.testFailedLoginName ... [OK]
twisted.test.test_newcred.NewCredTest.testListCheckers ... [OK]
twisted.test.test_newcred.OnDiskDatabaseTestCase.testCaseInSensitivity ... [OK]
twisted.test.test_newcred.OnDiskDatabaseTestCase.testRequestAvatarId ... [OK]
twisted.test.test_newcred.OnDiskDatabaseTestCase.testRequestAvatarId_hashed ... [OK]
twisted.test.test_newcred.OnDiskDatabaseTestCase.testUserLookup ... [OK]
twisted.test.test_newcred.PluggableAuthenticationModulesTest.testBadCredentials ... [SKIPPED]
twisted.test.test_newcred.PluggableAuthenticationModulesTest.testBadUsername ... [SKIPPED]
twisted.test.test_newcred.PluggableAuthenticationModulesTest.testRequestAvatarId ... [SKIPPED]
twisted.test.test_nmea.NMEAReceiverTestCase.testGPSMessages ... [OK]
twisted.test.test_paths.FilePathTestCase.testComparison ... [OK]
twisted.test.test_paths.FilePathTestCase.testCopyTo ... [OK]
twisted.test.test_paths.FilePathTestCase.testCrossMountMoveTo ... [OK]
twisted.test.test_paths.FilePathTestCase.testGetAndSet ... [OK]
twisted.test.test_paths.FilePathTestCase.testInsecureUNIX ... [OK]
twisted.test.test_paths.FilePathTestCase.testInsecureWin32 ... [SKIPPED]
twisted.test.test_paths.FilePathTestCase.testInsecureWin32Whacky ... [SKIPPED]
twisted.test.test_paths.FilePathTestCase.testInvalidSubdir ... [OK]
twisted.test.test_paths.FilePathTestCase.testMoveTo ... [OK]
twisted.test.test_paths.FilePathTestCase.testMultiExt ... [OK]
twisted.test.test_paths.FilePathTestCase.testOpen ... [OK]
twisted.test.test_paths.FilePathTestCase.testPersist ... [OK]
twisted.test.test_paths.FilePathTestCase.testPreauthChild ... [OK]
twisted.test.test_paths.FilePathTestCase.testRemove ... [OK]
twisted.test.test_paths.FilePathTestCase.testSibling ... [OK]
twisted.test.test_paths.FilePathTestCase.testStatCache ... [OK]
twisted.test.test_paths.FilePathTestCase.testSymbolicLink ... [OK]
twisted.test.test_paths.FilePathTestCase.testTemporarySibling ... [OK]
twisted.test.test_paths.FilePathTestCase.testValidFiles ... [OK]
twisted.test.test_paths.FilePathTestCase.testValidSubdir ... [OK]
twisted.test.test_paths.FilePathTestCase.testWalk ... [OK]
twisted.test.test_paths.URLPathTestCase.testChildString ... [OK]
twisted.test.test_paths.URLPathTestCase.testHereString ... [OK]
twisted.test.test_paths.URLPathTestCase.testParentString ... [OK]
twisted.test.test_paths.URLPathTestCase.testSiblingString ... [OK]
twisted.test.test_paths.URLPathTestCase.testStringConversion ... [OK]
twisted.test.test_pb.BrokerTestCase.testCache ... [OK]
twisted.test.test_pb.BrokerTestCase.testCopy ... [OK]
twisted.test.test_pb.BrokerTestCase.testDefer ... [OK]
twisted.test.test_pb.BrokerTestCase.testFactoryCopy ... [OK]
twisted.test.test_pb.BrokerTestCase.testObserve ... [OK]
twisted.test.test_pb.BrokerTestCase.testPublishable ... [OK]
twisted.test.test_pb.BrokerTestCase.testRefcount ... [OK]
twisted.test.test_pb.BrokerTestCase.testReference ... [OK]
twisted.test.test_pb.BrokerTestCase.testResult ... [OK]
twisted.test.test_pb.BrokerTestCase.testTooManyRefs ... [ERROR]
twisted.test.test_pb.DisconnectionTestCase.testBadSerialization ... [OK]
twisted.test.test_pb.DisconnectionTestCase.testDisconnection ... [OK]
twisted.test.test_pb.NSPTestCase.testNSP ... [OK]
twisted.test.test_pb.NewCredTestCase.testBadLogin ... [ERROR][ERROR]

/misc/pdtools/scm/.scmikes/python2.4/download/twistedsvn/trunk/twisted/trial/reporter.py:199: <class 'twisted.trial.reporter.BrokenTestCaseWarning'>: REACTOR UNCLEAN! traceback(s) follow: 
Traceback (most recent call last):
  File "/misc/pdtools/scm/.scmikes/python2.4/download/twistedsvn/trunk/twisted/trial/unittest.py", line 456, in _classCleanUp
    util._Janitor().postClassCleanup()
  File "/misc/pdtools/scm/.scmikes/python2.4/download/twistedsvn/trunk/twisted/trial/util.py", line 68, in postClassCleanup
    'cleanPending', 'cleanThreads')
  File "/misc/pdtools/scm/.scmikes/python2.4/download/twistedsvn/trunk/twisted/trial/util.py", line 72, in _dispatch
    getattr(self, "do_%s" % attr)()
  File "/misc/pdtools/scm/.scmikes/python2.4/download/twistedsvn/trunk/twisted/trial/util.py", line 129, in do_cleanReactor
    raise DirtyReactorError(' '.join(s))
<class 'twisted.trial.util.DirtyReactorError'>: THIS WILL BECOME AN ERROR SOON! reactor left in unclean state, the following Selectables were left over:  <<class 'twisted.internet.tcp.Port'> of twisted.spread.pb.PBServerFactory on 48181> <<class 'twisted.internet.tcp.Client'> to ('127.0.0.1', 48181) at 2a994f74d0> <Broker #0 on 0>

twisted.test.test_pb.NewCredTestCase.testClientConnectionLost ... [OK]
twisted.test.test_pb.NewCredTestCase.testDeadReferenceError ... [OK]
twisted.test.test_pb.NewCredTestCase.testGetRootObject ... [OK]
twisted.test.test_pb.NewCredTestCase.testImmediateClose ... [OK]
twisted.test.test_pb.NewCredTestCase.testLoginLogout ... [OK]
twisted.test.test_pb.NewCredTestCase.testView ... [OK]
twisted.test.test_pb.NewStyleCachedTestCase.testNewStyleCache ... [OK]
twisted.test.test_pb.NewStyleTestCase.testAlloc ... [OK]
twisted.test.test_pb.NewStyleTestCase.testNewStyle ... [OK]
twisted.test.test_pb.PagingTestCase.testFilePagingWithCallback ... [OK]
twisted.test.test_pb.PagingTestCase.testFilePagingWithoutCallback ... [OK]
twisted.test.test_pb.PagingTestCase.testPagingWithCallback ... [OK]
twisted.test.test_pb.PagingTestCase.testPagingWithoutCallback ... [OK]
twisted.test.test_pb.SpreadUtilTestCase.testAsync ... [OK]
twisted.test.test_pb.SpreadUtilTestCase.testAsyncFail ... [OK]
twisted.test.test_pb.SpreadUtilTestCase.testRemoteMethod ... [OK]
twisted.test.test_pb.SpreadUtilTestCase.testSync ... [OK]
twisted.test.test_pbfailure.PBFailureTest.testCopiedFailureLogging ... [ERROR]
twisted.test.test_pbfailure.PBFailureTest.testPBFailures ... [ERROR][ERROR]
twisted.test.test_pbfailure.PBFailureTestUnsafe.testCopiedFailureLogging ... [ERROR]
twisted.test.test_pbfailure.PBFailureTestUnsafe.testPBFailures ... [ERROR][ERROR]
twisted.test.test_pcp.BufferedConsumerTest.testPauseIntercept ... [OK]
twisted.test.test_pcp.BufferedConsumerTest.testRegisterPull ... [OK]
twisted.test.test_pcp.BufferedConsumerTest.testResumeIntercept ... [OK]
twisted.test.test_pcp.BufferedConsumerTest.testTriggerPause ... [OK]
twisted.test.test_pcp.BufferedConsumerTest.testTriggerResume ... [OK]
twisted.test.test_pcp.BufferedPullTests.testLateWriteBuffering ... [OK]
twisted.test.test_pcp.BufferedPullTests.testResumePull ... [OK]
twisted.test.test_pcp.ConsumerProxyTest.testFinish ... [OK]
twisted.test.test_pcp.ConsumerProxyTest.testUnregister ... [OK]
twisted.test.test_pcp.ConsumerProxyTest.testWrite ... [OK]
twisted.test.test_pcp.PCPII_ConsumerInterfaceTest.testFinish ... [OK]
twisted.test.test_pcp.PCPII_ConsumerInterfaceTest.testRegisterPush ... [OK]
twisted.test.test_pcp.PCPII_ConsumerInterfaceTest.testUnregister ... [OK]
twisted.test.test_pcp.PCPII_ProducerInterfaceTest.testPause ... [OK]
twisted.test.test_pcp.PCPII_ProducerInterfaceTest.testRegistersProducer ... [OK]
twisted.test.test_pcp.PCPII_ProducerInterfaceTest.testResume ... [OK]
twisted.test.test_pcp.PCPII_ProducerInterfaceTest.testResumeBuffer ... [OK]
twisted.test.test_pcp.PCPII_ProducerInterfaceTest.testResumeNoEmptyWrite ... [OK]
twisted.test.test_pcp.PCPII_ProducerInterfaceTest.testStop ... [OK]
twisted.test.test_pcp.PCPII_PullProducerTest.testHoldWrites ... [OK]
twisted.test.test_pcp.PCPII_PullProducerTest.testLateWrite ... [OK]
twisted.test.test_pcp.PCPII_PullProducerTest.testMergeWrites ... [OK]
twisted.test.test_pcp.PCPII_PullProducerTest.testPull ... [OK]
twisted.test.test_pcp.PCP_ConsumerInterfaceTest.testFinish ... [OK]
twisted.test.test_pcp.PCP_ConsumerInterfaceTest.testRegisterPush ... [OK]
twisted.test.test_pcp.PCP_ConsumerInterfaceTest.testUnregister ... [OK]
twisted.test.test_pcp.PCP_ProducerInterfaceTest.testPause ... [OK]
twisted.test.test_pcp.PCP_ProducerInterfaceTest.testRegistersProducer ... [OK]
twisted.test.test_pcp.PCP_ProducerInterfaceTest.testResume ... [OK]
twisted.test.test_pcp.PCP_ProducerInterfaceTest.testResumeBuffer ... [OK]
twisted.test.test_pcp.PCP_ProducerInterfaceTest.testResumeNoEmptyWrite ... [OK]
twisted.test.test_pcp.PCP_ProducerInterfaceTest.testStop ... [OK]
twisted.test.test_pcp.PCP_PullProducerTest.testHoldWrites ... [OK]
twisted.test.test_pcp.PCP_PullProducerTest.testLateWrite ... [OK]
twisted.test.test_pcp.PCP_PullProducerTest.testMergeWrites ... [OK]
twisted.test.test_pcp.PCP_PullProducerTest.testPull ... [OK]
twisted.test.test_pcp.ProducerProxyTest.testStop ... [OK]
twisted.test.test_pcp.TransportInterfaceTest.testWrite ... [OK]
twisted.test.test_persisted.AOTTestCase.testBasicIdentity ... [OK]
twisted.test.test_persisted.AOTTestCase.testCopyReg ... [OK]
twisted.test.test_persisted.AOTTestCase.testFunkyReferences ... [OK]
twisted.test.test_persisted.AOTTestCase.testMethodSelfIdentity ... [OK]
twisted.test.test_persisted.AOTTestCase.testNonDictState ... [OK]
twisted.test.test_persisted.AOTTestCase.testSimpleTypes ... [OK]
twisted.test.test_persisted.EphemeralTestCase.testEphemeral ... [OK]
twisted.test.test_persisted.MarmaladeTestCase.testBasicIdentity ... [OK]
twisted.test.test_persisted.MarmaladeTestCase.testCopyReg ... [OK]
twisted.test.test_persisted.MarmaladeTestCase.testMarmaladeable ... [OK]
twisted.test.test_persisted.MarmaladeTestCase.testMethodSelfIdentity ... [OK]
twisted.test.test_persisted.PicklingTestCase.testClassMethod ... [OK]
twisted.test.test_persisted.PicklingTestCase.testInstanceMethod ... [OK]
twisted.test.test_persisted.PicklingTestCase.testModule ... [OK]
twisted.test.test_persisted.PicklingTestCase.testStringIO ... [OK]
twisted.test.test_persisted.VersionTestCase.testNonIdentityHash ... [OK]
twisted.test.test_persisted.VersionTestCase.testNullVersionUpgrade ... [OK]
twisted.test.test_persisted.VersionTestCase.testUpgradeDeserializesObjectsRequiringUpgrade ... [OK]
twisted.test.test_persisted.VersionTestCase.testVersionUpgrade ... [OK]
twisted.test.test_plugin.PluginTestCase.testCache ... [OK]
twisted.test.test_plugin.PluginTestCase.testDetectFilesChanged ... [FAILURE]
twisted.test.test_plugin.PluginTestCase.testDetectFilesRemoved ... [OK]
twisted.test.test_plugin.PluginTestCase.testDetectNewFiles ... [OK]
twisted.test.test_plugin.PluginTestCase.testPlugins ... [OK]
twisted.test.test_policies.LimitTotalConnectionsFactoryTestCase.testConnectionCounting ... [OK]
twisted.test.test_policies.LimitTotalConnectionsFactoryTestCase.testConnectionLimiting ... [OK]
twisted.test.test_policies.LoggingFactoryTestCase.testThingsGetLogged ... [OK]
twisted.test.test_policies.TestTimeout.testCancelTimeout ... [OK]
twisted.test.test_policies.TestTimeout.testNoTimeout ... [OK]
twisted.test.test_policies.TestTimeout.testOverriddenCallLater ... [OK]
twisted.test.test_policies.TestTimeout.testResetTimeout ... [OK]
twisted.test.test_policies.TestTimeout.testReturn ... [OK]
twisted.test.test_policies.TestTimeout.testTimeout ... [OK]
twisted.test.test_policies.ThrottlingTestCase.testLimit ... [OK]
twisted.test.test_policies.ThrottlingTestCase.testReadLimit ... [SKIPPED]
twisted.test.test_policies.ThrottlingTestCase.testWriteLimit ... [SKIPPED]
twisted.test.test_policies.TimeoutTestCase.testReceiveAvoidsTimeout ... [OK]
twisted.test.test_policies.TimeoutTestCase.testSendAvoidsTimeout ... [OK]
twisted.test.test_policies.TimeoutTestCase.testTimeout ... [OK]
twisted.test.test_policies.WrapperTestCase.testProtocolFactoryAttribute ... [OK]
twisted.test.test_postfix.PostfixTCPMapQuoteTestCase.testData ... [OK]
twisted.test.test_postfix.Valid.testChat ... [OK]
twisted.test.test_postfix.Valid.testDeferredChat ... [OK]
twisted.test.test_process.ClosingPipes.test_stderr ... [OK]
twisted.test.test_process.ClosingPipes.test_stdout ... [OK]
twisted.test.test_process.FDTest.testFD ... [OK]
twisted.test.test_process.FDTest.testLinger ... [OK]
twisted.test.test_process.PosixProcessTestCase.testAbnormalTermination ... [OK]
twisted.test.test_process.PosixProcessTestCase.testNormalTermination ... [OK]
twisted.test.test_process.PosixProcessTestCase.testProcess ... [OK]
twisted.test.test_process.PosixProcessTestCase.testSignalHUP ... [OK]
twisted.test.test_process.PosixProcessTestCase.testSignalINT ... [OK]
twisted.test.test_process.PosixProcessTestCase.testSignalKILL ... [OK]
twisted.test.test_process.PosixProcessTestCase.testStderr ... [OK]
twisted.test.test_process.PosixProcessTestCasePTY.testAbnormalTermination ... [OK]
twisted.test.test_process.PosixProcessTestCasePTY.testBadArgs ... [OK]
twisted.test.test_process.PosixProcessTestCasePTY.testNormalTermination ... [OK]
twisted.test.test_process.PosixProcessTestCasePTY.testOpeningTTY ... [OK]
twisted.test.test_process.PosixProcessTestCasePTY.testSignalHUP ... [OK]
twisted.test.test_process.PosixProcessTestCasePTY.testSignalINT ... [OK]
twisted.test.test_process.PosixProcessTestCasePTY.testSignalKILL ... [OK]
twisted.test.test_process.ProcessTestCase.testCommandLine ... [OK]
twisted.test.test_process.ProcessTestCase.testEcho ... [OK]
twisted.test.test_process.ProcessTestCase.testManyProcesses ... [OK]
twisted.test.test_process.ProcessTestCase.testProcess ... [OK]
twisted.test.test_process.ProcessTestCase.testStdio ... [OK]
twisted.test.test_process.TestTwoProcessesNonPosix.testClose ... [SKIPPED]
twisted.test.test_process.TestTwoProcessesPosix.testClose ... [OK]
twisted.test.test_process.TestTwoProcessesPosix.testClosePty ... [OK]
twisted.test.test_process.TestTwoProcessesPosix.testKill ... [OK]
twisted.test.test_process.TestTwoProcessesPosix.testKillPty ... [OK]
twisted.test.test_process.UtilTestCase.testWhich ... [OK]
twisted.test.test_process.UtilTestCase.testWhichPathExt ... [OK]
twisted.test.test_process.Win32ProcessTestCase.testBadArgs ... [SKIPPED]
twisted.test.test_process.Win32ProcessTestCase.testStdinReader ... [SKIPPED]
twisted.test.test_protocols.Int32TestCase.testIllegal ... [OK]
twisted.test.test_protocols.Int32TestCase.testPartial ... [OK]
twisted.test.test_protocols.Int32TestCase.testReceive ... [OK]
twisted.test.test_protocols.LineOnlyReceiverTestCase.testBuffer ... [OK]
twisted.test.test_protocols.LineOnlyReceiverTestCase.testLineTooLong ... [OK]
twisted.test.test_protocols.LineReceiverTestCase.testBuffer ... [OK]
twisted.test.test_protocols.LineReceiverTestCase.testLineReceiverAsProducer ... [OK]
twisted.test.test_protocols.LineReceiverTestCase.testPausing ... [OK]
twisted.test.test_protocols.LineReceiverTestCase.testRawPausing ... [OK]
twisted.test.test_protocols.LineReceiverTestCase.testStopProducing ... [OK]
twisted.test.test_protocols.NetstringReceiverTestCase.testBuffer ... [OK]
twisted.test.test_protocols.NetstringReceiverTestCase.testIllegal ... [OK]
twisted.test.test_protocols.Portforwarding.testPortforward ... [OK]
twisted.test.test_protocols.ProducerTestCase.testPauseResume ... [OK]
twisted.test.test_protocols.WireTestCase.testDiscard ... [OK]
twisted.test.test_protocols.WireTestCase.testEcho ... [OK]
twisted.test.test_protocols.WireTestCase.testQOTD ... [OK]
twisted.test.test_protocols.WireTestCase.testWho ... [OK]
twisted.test.test_rebuild.NewStyleTestCase.testSlots ... [TODO]
twisted.test.test_rebuild.NewStyleTestCase.testTypeSubclass ... [TODO]
twisted.test.test_rebuild.RebuildTestCase.testBananaInteraction ... [OK]
twisted.test.test_rebuild.RebuildTestCase.testComponentInteraction ... [OK]
twisted.test.test_rebuild.RebuildTestCase.testFileRebuild ... [OK]
twisted.test.test_rebuild.RebuildTestCase.testRebuild ... [OK]
twisted.test.test_rebuild.RebuildTestCase.testUpdateInstance ... [OK]
twisted.test.test_reflect.AccessorTest.testDel ... [OK]
twisted.test.test_reflect.AccessorTest.testGet ... [OK]
twisted.test.test_reflect.AccessorTest.testSet ... [OK]
twisted.test.test_reflect.GetClass.testNew ... [OK]
twisted.test.test_reflect.GetClass.testOld ... [OK]
twisted.test.test_reflect.LookupsTestCase.testClassLookup ... [OK]
twisted.test.test_reflect.LookupsTestCase.testModuleLookup ... [OK]
twisted.test.test_reflect.LookupsTestCaseII.testAttributeLookup ... [OK]
twisted.test.test_reflect.LookupsTestCaseII.testClassLookup ... [OK]
twisted.test.test_reflect.LookupsTestCaseII.testExceptionHandling ... [OK]
twisted.test.test_reflect.LookupsTestCaseII.testModuleLookup ... [OK]
twisted.test.test_reflect.LookupsTestCaseII.testPackageLookup ... [OK]
twisted.test.test_reflect.LookupsTestCaseII.testSecondAttributeLookup ... [OK]
twisted.test.test_reflect.ObjectGrep.testBoundMethod ... [OK]
twisted.test.test_reflect.ObjectGrep.testDepthLimit ... [OK]
twisted.test.test_reflect.ObjectGrep.testDictionary ... [OK]
twisted.test.test_reflect.ObjectGrep.testEverything ... [OK]
twisted.test.test_reflect.ObjectGrep.testInstance ... [OK]
twisted.test.test_reflect.ObjectGrep.testList ... [OK]
twisted.test.test_reflect.ObjectGrep.testTuple ... [OK]
twisted.test.test_reflect.ObjectGrep.testWeakref ... [OK]
twisted.test.test_reflect.SafeRepr.testBrokenClassRepr ... [OK]
twisted.test.test_reflect.SafeRepr.testBrokenClassStr ... [OK]
twisted.test.test_reflect.SafeRepr.testBrokenRepr ... [OK]
twisted.test.test_reflect.SafeRepr.testBrokenStr ... [OK]
twisted.test.test_reflect.SafeRepr.testBroken__Class__Attr ... [OK]
twisted.test.test_reflect.SafeRepr.testBroken__Class__Name__Attr ... [OK]
twisted.test.test_reflect.SafeRepr.testWorkingRepr ... [OK]
twisted.test.test_reflect.SafeStr.testBrokenClassRepr ... [OK]
twisted.test.test_reflect.SafeStr.testBrokenClassStr ... [OK]
twisted.test.test_reflect.SafeStr.testBrokenRepr ... [OK]
twisted.test.test_reflect.SafeStr.testBrokenStr ... [OK]
twisted.test.test_reflect.SafeStr.testBroken__Class__Attr ... [OK]
twisted.test.test_reflect.SafeStr.testBroken__Class__Name__Attr ... [OK]
twisted.test.test_reflect.SafeStr.testWorkingStr ... [OK]
twisted.test.test_reflect.SettableTest.testSet ... [OK]
twisted.test.test_adbapi.FirebirdReflectorTestCase.testReflector ... [SKIPPED]
twisted.test.test_adbapi.FirebirdReflectorTestCase.testSaveAndDelete ... [SKIPPED]
twisted.test.test_adbapi.GadflyReflectorTestCase.testReflector ... [SKIPPED]
twisted.test.test_adbapi.GadflyReflectorTestCase.testSaveAndDelete ... [SKIPPED]
twisted.test.test_adbapi.MySQLReflectorTestCase.testReflector ... [SKIPPED]
twisted.test.test_adbapi.MySQLReflectorTestCase.testSaveAndDelete ... [SKIPPED]
twisted.test.test_adbapi.PsycopgReflectorTestCase.testReflector ... [SKIPPED]
twisted.test.test_adbapi.PsycopgReflectorTestCase.testSaveAndDelete ... [SKIPPED]
twisted.test.test_adbapi.PyPgSQLReflectorTestCase.testReflector ... [SKIPPED]
twisted.test.test_adbapi.PyPgSQLReflectorTestCase.testSaveAndDelete ... [SKIPPED]
twisted.test.test_adbapi.SQLiteReflectorTestCase.testReflector ... [SKIPPED]
twisted.test.test_adbapi.SQLiteReflectorTestCase.testSaveAndDelete ... [SKIPPED]
twisted.test.test_release.GetVersionTest.test_getVersionSafelyDontExplode ... [OK]
twisted.test.test_release.ProjectTest.test_fullyQualifiedNameCore ... [OK]
twisted.test.test_release.ProjectTest.test_fullyQualifiedNameOther ... [OK]
twisted.test.test_release.UtilityTest.test_chdir ... [OK]
twisted.test.test_release.UtilityTest.test_replaceInFile ... [OK]
twisted.test.test_release.VersionWritingTest.test_replaceProjectVersion ... [OK]
twisted.test.test_roots.RootsTest.testCollection ... [OK]
twisted.test.test_roots.RootsTest.testConstrained ... [OK]
twisted.test.test_roots.RootsTest.testExceptions ... [OK]
twisted.test.test_roots.RootsTest.testHomogenous ... [OK]
twisted.test.test_sip.AuthorizationTestCase.testChallenge ... [OK]
twisted.test.test_sip.LiveTest.testAmoralRPort ... [OK]
twisted.test.test_sip.LiveTest.testRegister ... [OK]
twisted.test.test_sip.MakeMessageTestCase.testRequest ... [OK]
twisted.test.test_sip.MakeMessageTestCase.testResponse ... [OK]
twisted.test.test_sip.MakeMessageTestCase.testStatusCode ... [OK]
twisted.test.test_sip.MessageParsingTestCase.testGarbage ... [OK]
twisted.test.test_sip.MessageParsingTestCase.testShort ... [OK]
twisted.test.test_sip.MessageParsingTestCase.testSimple ... [OK]
twisted.test.test_sip.MessageParsingTestCase.testSimpleResponse ... [OK]
twisted.test.test_sip.MessageParsingTestCase.testThreeInOne ... [OK]
twisted.test.test_sip.MessageParsingTestCase.testTwoMessages ... [OK]
twisted.test.test_sip.MessageParsingTestCase2.testGarbage ... [OK]
twisted.test.test_sip.MessageParsingTestCase2.testShort ... [OK]
twisted.test.test_sip.MessageParsingTestCase2.testSimple ... [OK]
twisted.test.test_sip.MessageParsingTestCase2.testSimpleResponse ... [OK]
twisted.test.test_sip.MessageParsingTestCase2.testThreeInOne ... [OK]
twisted.test.test_sip.MessageParsingTestCase2.testTwoMessages ... [OK]
twisted.test.test_sip.ParseTestCase.testParseAddress ... [OK]
twisted.test.test_sip.ProxyTestCase.testCantForwardRequest ... [OK]
twisted.test.test_sip.ProxyTestCase.testCantForwardResponse ... [OK]
twisted.test.test_sip.ProxyTestCase.testLoop ... [OK]
twisted.test.test_sip.ProxyTestCase.testReceivedRequestForward ... [OK]
twisted.test.test_sip.ProxyTestCase.testReceivedResponseForward ... [OK]
twisted.test.test_sip.ProxyTestCase.testRequestForward ... [OK]
twisted.test.test_sip.ProxyTestCase.testResponseForward ... [OK]
twisted.test.test_sip.ProxyTestCase.testResponseToUs ... [OK]
twisted.test.test_sip.ProxyTestCase.testResponseWrongVia ... [OK]
twisted.test.test_sip.RegistrationTestCase.testBasicAuthentication ... [OK]
twisted.test.test_sip.RegistrationTestCase.testFailedAuthentication ... [OK]
twisted.test.test_sip.RegistrationTestCase.testFailedBasicAuthentication ... [OK]
twisted.test.test_sip.RegistrationTestCase.testNoContactLookup ... [OK]
twisted.test.test_sip.RegistrationTestCase.testRegister ... [OK]
twisted.test.test_sip.RegistrationTestCase.testUnregister ... [OK]
twisted.test.test_sip.RegistrationTestCase.testWrongDomainLookup ... [OK]
twisted.test.test_sip.RegistrationTestCase.testWrongDomainRegister ... [OK]
twisted.test.test_sip.RegistrationTestCase.testWrongToDomainRegister ... [OK]
twisted.test.test_sip.URLTestCase.testComplex ... [OK]
twisted.test.test_sip.URLTestCase.testRoundtrip ... [OK]
twisted.test.test_sip.ViaTestCase.testComplex ... [OK]
twisted.test.test_sip.ViaTestCase.testExtraWhitespace ... [OK]
twisted.test.test_sip.ViaTestCase.testNAT ... [OK]
twisted.test.test_sip.ViaTestCase.testRPort ... [OK]
twisted.test.test_sip.ViaTestCase.testSimple ... [OK]
twisted.test.test_sip.ViaTestCase.testSimpler ... [OK]
twisted.test.test_sob.PersistTestCase.testEncryptedPython ... 
/misc/pdtools/scm/.scmikes/python2.4/download/twistedsvn/trunk/twisted/trial/unittest.py:416: <type 'exceptions.UserWarning'>: Do not raise unittest.SkipTest with no arguments! Give a reason for skipping tests!
[SKIPPED]
twisted.test.test_sob.PersistTestCase.testEncryptedStyles ... [SKIPPED]
twisted.test.test_sob.PersistTestCase.testEverythingEphemeralException ... [OK]
twisted.test.test_sob.PersistTestCase.testEverythingEphemeralGetattr ... [OK]
twisted.test.test_sob.PersistTestCase.testEverythingEphemeralSetattr ... [OK]
twisted.test.test_sob.PersistTestCase.testNames ... [OK]
twisted.test.test_sob.PersistTestCase.testPython ... [OK]
twisted.test.test_sob.PersistTestCase.testStyles ... [OK]
twisted.test.test_sob.PersistTestCase.testStylesBeingSet ... [OK]
twisted.test.test_sob.PersistTestCase.testTypeGuesser ... [OK]
twisted.test.test_socks.Bind.test_access_denied ... [OK]
twisted.test.test_socks.Bind.test_bad_source ... [OK]
twisted.test.test_socks.Bind.test_eof_local ... [OK]
twisted.test.test_socks.Bind.test_eof_remote ... [OK]
twisted.test.test_socks.Bind.test_simple ... [OK]
twisted.test.test_socks.Connect.test_access_denied ... [OK]
twisted.test.test_socks.Connect.test_eof_local ... [OK]
twisted.test.test_socks.Connect.test_eof_remote ... [OK]
twisted.test.test_socks.Connect.test_simple ... [OK]
twisted.test.test_split_compat.TestCompatibility.testCompatibility ... [OK]
twisted.test.test_spread.SpreadUtilTest.testLocalAsyncForwarder ... [OK]
twisted.test.test_ssl.BufferingTestCase.testOpenSSLBuffering ... [SKIPPED]
twisted.test.test_ssl.ConnectionLostTestCase.testFailedVerify ... [SKIPPED]
twisted.test.test_ssl.ConnectionLostTestCase.testImmediateDisconnect ... [SKIPPED]
twisted.test.test_ssl.ConnectionLostTestCase.testFailedVerify ... [SKIPPED]
twisted.test.test_ssl.ConnectionLostTestCase.testImmediateDisconnect ... [SKIPPED]
twisted.test.test_ssl.SpammyTLSTestCase.testBackwardsTLS ... [SKIPPED]
twisted.test.test_ssl.SpammyTLSTestCase.testTLS ... [SKIPPED]
twisted.test.test_ssl.SpammyTLSTestCase.testUnTLS ... [SKIPPED]
twisted.test.test_ssl.StolenTCPTestCase.testProperlyCloseFiles ... [SKIPPED]
twisted.test.test_ssl.StolenTCPTestCase.testWriter ... [SKIPPED]
twisted.test.test_ssl.TLSTestCase.testBackwardsTLS ... [SKIPPED]
twisted.test.test_ssl.TLSTestCase.testTLS ... [SKIPPED]
twisted.test.test_ssl.TLSTestCase.testUnTLS ... [SKIPPED]
twisted.test.test_stateful.Int32TestCase.testBigReceive ... [OK]
twisted.test.test_stateful.Int32TestCase.testIllegal ... [OK]
twisted.test.test_stateful.Int32TestCase.testPartial ... [OK]
twisted.test.test_stateful.Int32TestCase.testReceive ... [OK]
twisted.test.test_stdio.StandardInputOutputTestCase.testConsumer ... [OK]
twisted.test.test_stdio.StandardInputOutputTestCase.testHostAndPeer ... [OK]
twisted.test.test_stdio.StandardInputOutputTestCase.testLoseConnection ... [OK]
twisted.test.test_stdio.StandardInputOutputTestCase.testProducer ... [OK]
twisted.test.test_stdio.StandardInputOutputTestCase.testWrite ... [OK]
twisted.test.test_stdio.StandardInputOutputTestCase.testWriteSequence ... [OK]
twisted.test.test_strports.ParserTestCase.testAllKeywords ... [OK]
twisted.test.test_strports.ParserTestCase.testBacklogTCP ... [OK]
twisted.test.test_strports.ParserTestCase.testEscape ... [OK]
twisted.test.test_strports.ParserTestCase.testImpliedEscape ... [OK]
twisted.test.test_strports.ParserTestCase.testInterfaceTCP ... [OK]
twisted.test.test_strports.ParserTestCase.testModedUNIX ... [OK]
twisted.test.test_strports.ParserTestCase.testNonstandardDefault ... [OK]
twisted.test.test_strports.ParserTestCase.testSimpleNumeric ... [OK]
twisted.test.test_strports.ParserTestCase.testSimpleTCP ... [OK]
twisted.test.test_strports.ParserTestCase.testSimpleUnix ... [OK]
twisted.test.test_task.ClockTestCase.testAdvance ... [OK]
twisted.test.test_task.ClockTestCase.testCallLater ... [OK]
twisted.test.test_task.ClockTestCase.testCallLaterCancelled ... [OK]
twisted.test.test_task.ClockTestCase.testCallLaterDelayed ... [OK]
twisted.test.test_task.ClockTestCase.testCallLaterResetLater ... [OK]
twisted.test.test_task.ClockTestCase.testCallLaterResetSooner ... [OK]
twisted.test.test_task.ClockTestCase.testSeconds ... [OK]
twisted.test.test_task.LoopTestCase.testBadDelay ... [OK]
twisted.test.test_task.LoopTestCase.testBasicFunction ... [OK]
twisted.test.test_task.LoopTestCase.testDelayedStart ... [OK]
twisted.test.test_task.LoopTestCase.testStopAtOnce ... [OK]
twisted.test.test_task.LoopTestCase.testStoppingBeforeDelayedStart ... [OK]
twisted.test.test_task.ReactorLoopTestCase.testEveryIteration ... [OK]
twisted.test.test_task.ReactorLoopTestCase.testFailAndStop ... [OK]
twisted.test.test_task.ReactorLoopTestCase.testFailure ... [OK]
twisted.test.test_task.ReactorLoopTestCase.testFailurePropagation ... [OK]
twisted.test.test_task.ReactorLoopTestCase.testStopAtOnceLater ... [OK]
twisted.test.test_task.ReactorLoopTestCase.testWaitDeferred ... [OK]
twisted.test.test_tcp.AddressTestCase.testBuildProtocol ... [OK]
twisted.test.test_tcp.CannotBindTestCase.testCannotBind ... [OK]
twisted.test.test_tcp.CannotBindTestCase.testClientBind ... [OK]
twisted.test.test_tcp.ConnectorTestCase.testConnectorIdentity ... [OK]
twisted.test.test_tcp.ConnectorTestCase.testReconnect ... [OK]
twisted.test.test_tcp.ConnectorTestCase.testUserFail ... [OK]
twisted.test.test_tcp.FactoryTestCase.testClientStartStop ... [OK]
twisted.test.test_tcp.FactoryTestCase.testServerStartStop ... [OK]
twisted.test.test_tcp.HalfClose2TestCase.testNoNotification ... [OK]
twisted.test.test_tcp.HalfClose2TestCase.testShutdownException ... [OK]
twisted.test.test_tcp.HalfClose3TestCase.testReadNotificationRaises ... [OK]
twisted.test.test_tcp.HalfClose3TestCase.testWriteNotificationRaises ... [OK]
twisted.test.test_tcp.HalfCloseTestCase.testCloseWriteCloser ... [OK]
twisted.test.test_tcp.HalfCloseTestCase.testWriteCloseNotification ... [OK]
twisted.test.test_tcp.LargeBufferTestCase.testWriter ... [OK]
twisted.test.test_tcp.ListeningTestCase.testListen ... [OK]
twisted.test.test_tcp.ListeningTestCase.testNumberedInterface ... [OK]
twisted.test.test_tcp.ListeningTestCase.testPortRepr ... [OK]
twisted.test.test_tcp.ListeningTestCase.testStopListening ... [OK]
twisted.test.test_tcp.LocalRemoteAddressTestCase.testHostAddress ... [OK]
twisted.test.test_tcp.LoopbackTestCase.testClosePortInProtocolFactory ... [OK]
twisted.test.test_tcp.LoopbackTestCase.testConnectByService ... [OK]
twisted.test.test_tcp.LoopbackTestCase.testConnectByServiceFail ... [OK]
twisted.test.test_tcp.LoopbackTestCase.testFailing ... [OK]
twisted.test.test_tcp.LoopbackTestCase.testTcpKeepAlive ... [OK]
twisted.test.test_tcp.LoopbackTestCase.testTcpNoDelay ... [OK]
twisted.test.test_tcp.ProperlyCloseFilesTestCase.testProperlyCloseFiles ... [OK]
twisted.test.test_tcp.WriteDataTestCase.testWriter ... [OK]
twisted.test.test_text.SplitTest.test_multiWord ... [OK]
twisted.test.test_text.SplitTest.test_oneWord ... [OK]
twisted.test.test_text.StrFileTest.test_1_1 ... [OK]
twisted.test.test_text.StrFileTest.test_1_2 ... [OK]
twisted.test.test_text.StrFileTest.test_1_3 ... [OK]
twisted.test.test_text.StrFileTest.test_1_4 ... [OK]
twisted.test.test_text.StrFileTest.test_1_5 ... [OK]
twisted.test.test_text.StrFileTest.test_1_6 ... [OK]
twisted.test.test_text.StrFileTest.test_1_f ... [OK]
twisted.test.test_text.StrFileTest.test_3_1 ... [OK]
twisted.test.test_text.StrFileTest.test_3_2 ... [OK]
twisted.test.test_text.StrFileTest.test_3_3 ... [OK]
twisted.test.test_text.StrFileTest.test_3_4 ... [OK]
twisted.test.test_text.StrFileTest.test_3_f ... [OK]
twisted.test.test_text.StrFileTest.test_insensitive ... [OK]
twisted.test.test_text.StrFileTest.test_large_1 ... [OK]
twisted.test.test_text.StrFileTest.test_large_2 ... [OK]
twisted.test.test_text.StrFileTest.test_large_f ... [OK]
twisted.test.test_text.StrFileTest.test_overlarge_f ... [OK]
twisted.test.test_text.StrFileTest.test_self ... [OK]
twisted.test.test_text.WrapTest.test_lineLength ... [OK]
twisted.test.test_text.WrapTest.test_wordCount ... [OK]
twisted.test.test_text.WrapTest.test_wordMatch ... [OK]
twisted.test.test_threadable.SerializationTestCase.testPickling ... [OK]
twisted.test.test_threadable.SerializationTestCase.testUnpickling ... [OK]
twisted.test.test_threadable.SynchronizationTestCase.testIsInIOThread ... [OK]
twisted.test.test_threadable.SynchronizationTestCase.testThreadedSynchronization ... [OK]
twisted.test.test_threadable.SynchronizationTestCase.testUnthreadedSynchronization ... [OK]
twisted.test.test_threadpool.RaceConditionTestCase.testRace ... [OK]
twisted.test.test_threadpool.RaceConditionTestCase.testSingleThread ... [OK]
twisted.test.test_threadpool.ThreadPoolTestCase.testCallInThread ... [OK]
twisted.test.test_threadpool.ThreadPoolTestCase.testDispatch ... [OK]
twisted.test.test_threadpool.ThreadPoolTestCase.testExistingWork ... [OK]
twisted.test.test_threadpool.ThreadPoolTestCase.testPersistence ... [OK]
twisted.test.test_threads.DeferredResultTestCase.testCallMultiple ... [OK]
twisted.test.test_threads.DeferredResultTestCase.testDeferredFailure ... [OK]
twisted.test.test_threads.DeferredResultTestCase.testDeferredFailure2 ... [OK]
twisted.test.test_threads.DeferredResultTestCase.testDeferredResult ... [OK]
twisted.test.test_threads.ReactorThreadsTestCase.testCallFromThread ... [OK]
twisted.test.test_threads.ReactorThreadsTestCase.testCallInThread ... [OK]
twisted.test.test_threads.ReactorThreadsTestCase.testSuggestThreadPoolSize ... [OK]
twisted.test.test_threads.ReactorThreadsTestCase.testWakerOverflow ... [OK]
twisted.test.test_threads.StartupBehaviorTestCase.testCallBeforeStartupUnexecuted ... [OK]
twisted.test.test_timeoutqueue.TimeoutQueueTest.testGet ... [OK]
twisted.test.test_timeoutqueue.TimeoutQueueTest.testTimeout ... [OK]
twisted.test.test_tpfile.FileSenderTestCase.testSendingEmptyFile ... [OK]
twisted.test.test_tpfile.FileSenderTestCase.testSendingFile ... [OK]
twisted.test.test_udp.MulticastTestCase.testInterface ... [OK]
twisted.test.test_udp.MulticastTestCase.testJoinFailure ... [OK]
twisted.test.test_udp.MulticastTestCase.testJoinLeave ... [OK]
twisted.test.test_udp.MulticastTestCase.testLoopback ... [OK]
twisted.test.test_udp.MulticastTestCase.testMultiListen ... [SKIPPED]
twisted.test.test_udp.MulticastTestCase.testMulticast ... [OK]
twisted.test.test_udp.MulticastTestCase.testTTL ... [OK]
twisted.test.test_udp.OldConnectedUDPTestCase.testConnectionRefused ... [OK]
twisted.test.test_udp.OldConnectedUDPTestCase.testDNSFailure ... [OK]
twisted.test.test_udp.OldConnectedUDPTestCase.testSendPackets ... [OK]
twisted.test.test_udp.OldConnectedUDPTestCase.testStartStop ... [OK]
twisted.test.test_udp.ReactorShutdownInteraction.testShutdownFromDatagramReceived ... [OK]
twisted.test.test_udp.UDPTestCase.testBadConnect ... [OK]
twisted.test.test_udp.UDPTestCase.testBindError ... [OK]
twisted.test.test_udp.UDPTestCase.testConnectionRefused ... [OK]
twisted.test.test_udp.UDPTestCase.testDatagramReceivedError ... [OK]
twisted.test.test_udp.UDPTestCase.testOldAddress ... [OK]
twisted.test.test_udp.UDPTestCase.testPortRepr ... [OK]
twisted.test.test_udp.UDPTestCase.testRebind ... [OK]
twisted.test.test_udp.UDPTestCase.testSendPackets ... [OK]
twisted.test.test_udp.UDPTestCase.testStartStop ... [OK]
twisted.test.test_unix.DatagramUnixSocketTestCase.testCannotListen ... [OK]
twisted.test.test_unix.DatagramUnixSocketTestCase.testExchange ... [OK]
twisted.test.test_unix.DatagramUnixSocketTestCase.testRepr ... [OK]
twisted.test.test_unix.UnixSocketTestCase.testDumber ... [OK]
twisted.test.test_unix.UnixSocketTestCase.testMode ... [OK]
twisted.test.test_unix.UnixSocketTestCase.testPIDFile ... [OK]
twisted.test.test_unix.UnixSocketTestCase.testRepr ... [OK]
twisted.test.test_unix.UnixSocketTestCase.testSocketLocking ... [OK]
twisted.test.test_unix.UnixSocketTestCase.testUncleanServerSocketLocking ... [OK]
twisted.test.test_unix.UnixSocketTestCase.testUncleanSocketLockingFromThePerspectiveOfAClientConnectingToTheDeadServerSocket ... [OK]
twisted.test.test_usage.HelpStringTest.test_noGoBoom ... [OK]
twisted.test.test_usage.HelpStringTest.test_whitespaceStripFlagsAndParameters ... [OK]
twisted.test.test_usage.OutputTest.test_uppercasing ... [OK]
twisted.test.test_usage.ParseCorrectnessTest.test_checkCustoms ... [OK]
twisted.test.test_usage.ParseCorrectnessTest.test_checkFlags ... [OK]
twisted.test.test_usage.ParseCorrectnessTest.test_checkParameters ... [OK]
twisted.test.test_usage.SubCommandTest.test_anotherSubcommandWithFlagsAndOptions ... [OK]
twisted.test.test_usage.SubCommandTest.test_defaultSubcommand ... [OK]
twisted.test.test_usage.SubCommandTest.test_noSubcommand ... [OK]
twisted.test.test_usage.SubCommandTest.test_simpleSubcommand ... [OK]
twisted.test.test_usage.SubCommandTest.test_subCommandInTwoPlaces ... [OK]
twisted.test.test_usage.SubCommandTest.test_subCommandParseOptionsHasParent ... [OK]
twisted.test.test_usage.SubCommandTest.test_subcommandAliasWithFlagsAndOptions ... [OK]
twisted.test.test_usage.SubCommandTest.test_subcommandWithFlagsAndOptions ... [OK]
twisted.test.test_util.DSU.testDSU ... [OK]
twisted.test.test_util.GetPasswordTest.testStdIn ... [OK]
twisted.test.test_util.InsensitiveDictTest.testNoPreserve ... [OK]
twisted.test.test_util.InsensitiveDictTest.testPreserve ... [OK]
twisted.test.test_util.IntervalDifferentialTestCase.testDefault ... [OK]
twisted.test.test_util.IntervalDifferentialTestCase.testInsert ... [OK]
twisted.test.test_util.IntervalDifferentialTestCase.testPair ... [OK]
twisted.test.test_util.IntervalDifferentialTestCase.testRemove ... [OK]
twisted.test.test_util.IntervalDifferentialTestCase.testSingle ... [OK]
twisted.test.test_util.IntervalDifferentialTestCase.testTriple ... [OK]
twisted.test.test_util.OrderedDictTest.testInitialization ... [OK]
twisted.test.test_util.OrderedDictTest.testOrderedDict ... [OK]
twisted.test.test_util.SearchUpwardsTest.testSearchupwards ... [OK]
twisted.test.test_util.TestFancyEqMixin.testEquality ... [OK]
twisted.test.test_util.TestFancyEqMixin.testIsInstance ... [OK]
twisted.test.test_util.UtilTestCase.testFunctionMetaMerge ... [OK]
twisted.test.test_util.UtilTestCase.testRaises ... [OK]
twisted.test.test_util.UtilTestCase.testUninterruptably ... [OK]
twisted.test.test_util.UtilTestCase.testUniq ... [OK]
twisted.test.test_util.UtilTestCase.testUnsignedID ... [OK]
twisted.test.test_versions.VersionsTest.testDontAllowBuggyComparisons ... [OK]
twisted.test.test_versions.VersionsTest.testRepr ... [OK]
twisted.test.test_versions.VersionsTest.testShort ... [OK]
twisted.test.test_versions.VersionsTest.testStr ... [OK]
twisted.test.test_versions.VersionsTest.testVersionComparison ... [OK]
twisted.test.test_zipstream.ZipstreamTest.test_unzipping ... [ERROR]

===============================================================================
[SKIPPED]: twisted.test.test_adbapi.FirebirdADBAPITestCase.testPool

Firebird: Cannot access db
===============================================================================
[SKIPPED]: twisted.test.test_adbapi.FirebirdReconnectTestCase.testPool

Firebird: Cannot access db
===============================================================================
[SKIPPED]: twisted.test.test_adbapi.GadflyADBAPITestCase.testPool

Gadfly: Cannot access db
===============================================================================
[SKIPPED]: twisted.test.test_adbapi.GadflyReconnectTestCase.testPool

Gadfly: Cannot access db
===============================================================================
[SKIPPED]: twisted.test.test_adbapi.MySQLADBAPITestCase.testPool

MySQL: Cannot access db
===============================================================================
[SKIPPED]: twisted.test.test_adbapi.MySQLReconnectTestCase.testPool

MySQL: Cannot access db
===============================================================================
[SKIPPED]: twisted.test.test_adbapi.PsycopgADBAPITestCase.testPool

Psycopg: Cannot access db
===============================================================================
[SKIPPED]: twisted.test.test_adbapi.PsycopgReconnectTestCase.testPool

Psycopg: Cannot access db
===============================================================================
[SKIPPED]: twisted.test.test_adbapi.PyPgSQLADBAPITestCase.testPool

PyPgSQL: Cannot access db
===============================================================================
[SKIPPED]: twisted.test.test_adbapi.PyPgSQLReconnectTestCase.testPool

PyPgSQL: Cannot access db
===============================================================================
[SKIPPED]: twisted.test.test_adbapi.SQLiteADBAPITestCase.testPool

SQLite: Cannot access db
===============================================================================
[SKIPPED]: twisted.test.test_adbapi.SQLiteReconnectTestCase.testPool

SQLite: Cannot access db
===============================================================================
[SKIPPED]: twisted.test.test_doc.DocCoverage.testModules

Activate me when you feel like writing docstrings, and fixing GTK crashing bugs.
===============================================================================
[SKIPPED]: twisted.test.test_internet.InterfaceTestCase.testCallLaterOrder

Trial bug, todo doesn't work! See bug 1397
===============================================================================
[SKIPPED]: twisted.test.test_internet.InterfaceTestCase.testCallLaterOrder2

Trial bug, todo doesn't work! See bug 1397
===============================================================================
[SKIPPED]: twisted.test.test_newcred.PluggableAuthenticationModulesTest.testBadCredentials

Can't run without PyPAM
===============================================================================
[SKIPPED]: twisted.test.test_newcred.PluggableAuthenticationModulesTest.testBadUsername

Can't run without PyPAM
===============================================================================
[SKIPPED]: twisted.test.test_newcred.PluggableAuthenticationModulesTest.testRequestAvatarId

Can't run without PyPAM
===============================================================================
[SKIPPED]: twisted.test.test_paths.FilePathTestCase.testInsecureWin32

Consider yourself lucky.
===============================================================================
[SKIPPED]: twisted.test.test_paths.FilePathTestCase.testInsecureWin32Whacky

Consider yourself lucky.
===============================================================================
[SKIPPED]: twisted.test.test_policies.ThrottlingTestCase.testReadLimit

Inaccurate tests are worse than no tests.
===============================================================================
[SKIPPED]: twisted.test.test_policies.ThrottlingTestCase.testWriteLimit

Inaccurate tests are worse than no tests.
===============================================================================
[SKIPPED]: twisted.test.test_process.TestTwoProcessesNonPosix.testClose

wrong platform or reactor doesn't support IReactorProcess
===============================================================================
[SKIPPED]: twisted.test.test_process.Win32ProcessTestCase.testBadArgs

wrong platform or reactor doesn't support IReactorProcess
===============================================================================
[SKIPPED]: twisted.test.test_process.Win32ProcessTestCase.testStdinReader

wrong platform or reactor doesn't support IReactorProcess
===============================================================================
[SKIPPED]: twisted.test.test_adbapi.FirebirdReflectorTestCase.testReflector

Firebird: Cannot access db
===============================================================================
[SKIPPED]: twisted.test.test_adbapi.FirebirdReflectorTestCase.testSaveAndDelete

Firebird: Cannot access db
===============================================================================
[SKIPPED]: twisted.test.test_adbapi.GadflyReflectorTestCase.testReflector

Gadfly: Cannot access db
===============================================================================
[SKIPPED]: twisted.test.test_adbapi.GadflyReflectorTestCase.testSaveAndDelete

Gadfly: Cannot access db
===============================================================================
[SKIPPED]: twisted.test.test_adbapi.MySQLReflectorTestCase.testReflector

MySQL: Cannot access db
===============================================================================
[SKIPPED]: twisted.test.test_adbapi.MySQLReflectorTestCase.testSaveAndDelete

MySQL: Cannot access db
===============================================================================
[SKIPPED]: twisted.test.test_adbapi.PsycopgReflectorTestCase.testReflector

Psycopg: Cannot access db
===============================================================================
[SKIPPED]: twisted.test.test_adbapi.PsycopgReflectorTestCase.testSaveAndDelete

Psycopg: Cannot access db
===============================================================================
[SKIPPED]: twisted.test.test_adbapi.PyPgSQLReflectorTestCase.testReflector

PyPgSQL: Cannot access db
===============================================================================
[SKIPPED]: twisted.test.test_adbapi.PyPgSQLReflectorTestCase.testSaveAndDelete

PyPgSQL: Cannot access db
===============================================================================
[SKIPPED]: twisted.test.test_adbapi.SQLiteReflectorTestCase.testReflector

SQLite: Cannot access db
===============================================================================
[SKIPPED]: twisted.test.test_adbapi.SQLiteReflectorTestCase.testSaveAndDelete

SQLite: Cannot access db
===============================================================================
[SKIPPED]: twisted.test.test_sob.PersistTestCase.testEncryptedPython

[Failure instance: Traceback: <class 'twisted.trial.unittest.SkipTest'>: 
/misc/pdtools/scm/.scmikes/python2.4/download/twistedsvn/trunk/twisted/internet/defer.py:182:addCallbacks
/misc/pdtools/scm/.scmikes/python2.4/download/twistedsvn/trunk/twisted/internet/defer.py:317:_runCallbacks
/misc/pdtools/scm/.scmikes/python2.4/download/twistedsvn/trunk/twisted/trial/unittest.py:390:deferTestMethod
/misc/pdtools/scm/.scmikes/python2.4/download/twistedsvn/trunk/twisted/trial/unittest.py:336:_run
--- <exception caught here> ---
/misc/pdtools/scm/.scmikes/python2.4/download/twistedsvn/trunk/twisted/internet/defer.py:107:maybeDeferred
/misc/pdtools/scm/.scmikes/python2.4/download/twistedsvn/trunk/twisted/internet/utils.py:144:runWithWarningsSuppressed
/misc/pdtools/scm/.scmikes/python2.4/download/twistedsvn/trunk/twisted/test/test_sob.py:101:testEncryptedPython
]
===============================================================================
[SKIPPED]: twisted.test.test_sob.PersistTestCase.testEncryptedStyles

[Failure instance: Traceback: <class 'twisted.trial.unittest.SkipTest'>: 
/misc/pdtools/scm/.scmikes/python2.4/download/twistedsvn/trunk/twisted/internet/defer.py:182:addCallbacks
/misc/pdtools/scm/.scmikes/python2.4/download/twistedsvn/trunk/twisted/internet/defer.py:317:_runCallbacks
/misc/pdtools/scm/.scmikes/python2.4/download/twistedsvn/trunk/twisted/trial/unittest.py:390:deferTestMethod
/misc/pdtools/scm/.scmikes/python2.4/download/twistedsvn/trunk/twisted/trial/unittest.py:336:_run
--- <exception caught here> ---
/misc/pdtools/scm/.scmikes/python2.4/download/twistedsvn/trunk/twisted/internet/defer.py:107:maybeDeferred
/misc/pdtools/scm/.scmikes/python2.4/download/twistedsvn/trunk/twisted/internet/utils.py:144:runWithWarningsSuppressed
/misc/pdtools/scm/.scmikes/python2.4/download/twistedsvn/trunk/twisted/test/test_sob.py:80:testEncryptedStyles
]
===============================================================================
[SKIPPED]: twisted.test.test_ssl.BufferingTestCase.testOpenSSLBuffering

Reactor does not support SSL, cannot run SSL tests
===============================================================================
[SKIPPED]: twisted.test.test_ssl.ConnectionLostTestCase.testFailedVerify

Reactor does not support SSL, cannot run SSL tests
===============================================================================
[SKIPPED]: twisted.test.test_ssl.ConnectionLostTestCase.testImmediateDisconnect

Reactor does not support SSL, cannot run SSL tests
===============================================================================
[SKIPPED]: twisted.test.test_ssl.ConnectionLostTestCase.testFailedVerify

Reactor does not support SSL, cannot run SSL tests
===============================================================================
[SKIPPED]: twisted.test.test_ssl.ConnectionLostTestCase.testImmediateDisconnect

Reactor does not support SSL, cannot run SSL tests
===============================================================================
[SKIPPED]: twisted.test.test_ssl.SpammyTLSTestCase.testBackwardsTLS

Reactor does not support SSL, cannot run SSL tests
===============================================================================
[SKIPPED]: twisted.test.test_ssl.SpammyTLSTestCase.testTLS

Reactor does not support SSL, cannot run SSL tests
===============================================================================
[SKIPPED]: twisted.test.test_ssl.SpammyTLSTestCase.testUnTLS

Reactor does not support SSL, cannot run SSL tests
===============================================================================
[SKIPPED]: twisted.test.test_ssl.StolenTCPTestCase.testProperlyCloseFiles

Reactor does not support SSL, cannot run SSL tests
===============================================================================
[SKIPPED]: twisted.test.test_ssl.StolenTCPTestCase.testWriter

Reactor does not support SSL, cannot run SSL tests
===============================================================================
[SKIPPED]: twisted.test.test_ssl.TLSTestCase.testBackwardsTLS

Reactor does not support SSL, cannot run SSL tests
===============================================================================
[SKIPPED]: twisted.test.test_ssl.TLSTestCase.testTLS

Reactor does not support SSL, cannot run SSL tests
===============================================================================
[SKIPPED]: twisted.test.test_ssl.TLSTestCase.testUnTLS

Reactor does not support SSL, cannot run SSL tests
===============================================================================
[SKIPPED]: twisted.test.test_udp.MulticastTestCase.testMultiListen

on non-linux platforms it appears multiple processes can listen, but not multiple sockets in same process?
===============================================================================
[TODO]: twisted.test.test_failure.FailureTestCase.testLackOfTB

Reason: "the traceback is not preserved, exarkun said he'll try to fix this! god knows how"
Traceback (most recent call last):
  File "/misc/pdtools/scm/.scmikes/python2.4/download/twistedsvn/trunk/twisted/test/test_failure.py", line 88, in testLackOfTB
    self.assertEquals(innerline, '1/0')
<class 'twisted.trial.unittest.FailTest'>: 'raise self.type, self.value, self.tb' != '1/0'
===============================================================================
[TODO]: twisted.test.test_jelly.JellyTestCase.testNewStyle

Reason: 'jelly does not support new-style classes yet'
Traceback (most recent call last):
  File "/misc/pdtools/scm/.scmikes/python2.4/download/twistedsvn/trunk/twisted/test/test_jelly.py", line 94, in testNewStyle
    c = jelly.jelly(n)
  File "/misc/pdtools/scm/.scmikes/python2.4/download/twistedsvn/trunk/twisted/spread/jelly.py", line 892, in jelly
    return _Jellier(taster, persistentStore, invoker).jelly(object)
  File "/misc/pdtools/scm/.scmikes/python2.4/download/twistedsvn/trunk/twisted/spread/jelly.py", line 498, in jelly
    raise NotImplementedError("Don't know the type: %s" % objType)
<type 'exceptions.NotImplementedError'>: Don't know the type: <class 'twisted.test.test_jelly.NewStyle'>
===============================================================================
[TODO]: twisted.test.test_rebuild.NewStyleTestCase.testSlots

Reason: 'New Style classes are poorly supported'
Traceback (most recent call last):
  File "/misc/pdtools/scm/.scmikes/python2.4/download/twistedsvn/trunk/twisted/test/test_rebuild.py", line 139, in testSlots
    rebuild.updateInstance(self.m.SlottedClass())
  File "/misc/pdtools/scm/.scmikes/python2.4/download/twistedsvn/trunk/twisted/python/rebuild.py", line 99, in updateInstance
    self.__class__ = latestClass(self.__class__)
<type 'exceptions.TypeError'>: __class__ assignment: 'SlottedClass' object layout differs from 'SlottedClass'
===============================================================================
[TODO]: twisted.test.test_rebuild.NewStyleTestCase.testTypeSubclass

Reason: 'New Style classes are poorly supported'
Traceback (most recent call last):
  File "/misc/pdtools/scm/.scmikes/python2.4/download/twistedsvn/trunk/twisted/test/test_rebuild.py", line 143, in testTypeSubclass
    rebuild.updateInstance(self.m.ListSubclass())
  File "/misc/pdtools/scm/.scmikes/python2.4/download/twistedsvn/trunk/twisted/python/rebuild.py", line 99, in updateInstance
    self.__class__ = latestClass(self.__class__)
<type 'exceptions.TypeError'>: __class__ assignment: 'ListSubclass' object layout differs from 'ListSubclass'
===============================================================================
[FAIL]: twisted.test.test_ftp.BasicFTPServerTestCase.testAnonymousLoginDenied

Traceback (most recent call last):
  File "/misc/pdtools/scm/.scmikes/python2.4/download/twistedsvn/trunk/twisted/trial/unittest.py", line 251, in _eb
    % (failure, expectedFailures))
<class 'twisted.trial.unittest.FailTest'>: <twisted.python.failure.Failure <class 'twisted.trial.unittest.FailTest'>> not expected ((<class 'twisted.protocols.ftp.CommandFailed'>,))
===============================================================================
[FAIL]: twisted.test.test_ftp.BasicFTPServerTestCase.testBadCommandArgs

Traceback (most recent call last):
  File "/misc/pdtools/scm/.scmikes/python2.4/download/twistedsvn/trunk/twisted/trial/unittest.py", line 251, in _eb
    % (failure, expectedFailures))
<class 'twisted.trial.unittest.FailTest'>: <twisted.python.failure.Failure <class 'twisted.trial.unittest.FailTest'>> not expected ((<class 'twisted.protocols.ftp.CommandFailed'>,))
===============================================================================
[FAIL]: twisted.test.test_ftp.BasicFTPServerTestCase.testRETRBeforePORT

Traceback (most recent call last):
  File "/misc/pdtools/scm/.scmikes/python2.4/download/twistedsvn/trunk/twisted/test/test_ftp.py", line 135, in failed
    expectedResponse, exception.args[0])
<class 'twisted.trial.unittest.FailTest'>: ['503 Incorrect sequence of commands: PORT or PASV required before RETR'] != ['550 Requested action not taken: internal server error']
===============================================================================
[FAIL]: twisted.test.test_ftp.BasicFTPServerTestCase.testSTORBeforePORT

Traceback (most recent call last):
  File "/misc/pdtools/scm/.scmikes/python2.4/download/twistedsvn/trunk/twisted/test/test_ftp.py", line 135, in failed
    expectedResponse, exception.args[0])
<class 'twisted.trial.unittest.FailTest'>: ['503 Incorrect sequence of commands: PORT or PASV required before STOR'] != ['550 Requested action not taken: internal server error']
===============================================================================
[FAIL]: twisted.test.test_ftp.BasicFTPServerTestCase.testUnknownCommand

Traceback (most recent call last):
  File "/misc/pdtools/scm/.scmikes/python2.4/download/twistedsvn/trunk/twisted/test/test_ftp.py", line 135, in failed
    expectedResponse, exception.args[0])
<class 'twisted.trial.unittest.FailTest'>: ["502 Command 'GIBBERISH' not implemented"] != ['550 Requested action not taken: internal server error']
===============================================================================
[FAIL]: twisted.test.test_ident.ServerParserTestCase.testErrors

Traceback (most recent call last):
  File "/misc/pdtools/scm/.scmikes/python2.4/download/twistedsvn/trunk/twisted/test/test_ident.py", line 88, in testErrors
    self.assertEquals(L[1], '432, 210 : ERROR : NO-USER')
<class 'twisted.trial.unittest.FailTest'>: '432, 210 : ERROR : UNKNOWN-ERROR' != '432, 210 : ERROR : NO-USER'
===============================================================================
[FAIL]: twisted.test.test_plugin.PluginTestCase.testDetectFilesChanged

Traceback (most recent call last):
  File "/misc/pdtools/scm/.scmikes/python2.4/download/twistedsvn/trunk/twisted/test/test_plugin.py", line 202, in testDetectFilesChanged
    self._testWithCacheness(self._testDetectFilesChanged)
  File "/misc/pdtools/scm/.scmikes/python2.4/download/twistedsvn/trunk/twisted/test/test_plugin.py", line 76, in _testWithCacheness
    meth()
  File "/misc/pdtools/scm/.scmikes/python2.4/download/twistedsvn/trunk/twisted/test/test_plugin.py", line 189, in _testDetectFilesChanged
    [p.__name__ for p in plgs]))
<class 'twisted.trial.unittest.FailTest'>: Unexpected plugins found: ['TestPlugin', 'FourthTestPlugin']
===============================================================================
[ERROR]: twisted.test.test_failure.FailureTestCase.testFailAndTrap

Traceback (most recent call last):
  File "/misc/pdtools/scm/.scmikes/python2.4/download/twistedsvn/trunk/twisted/test/test_failure.py", line 30, in testFailAndTrap
    raise NotImplementedError('test')
<type 'exceptions.NotImplementedError'>: test
===============================================================================
[ERROR]: twisted.test.test_ftp.BasicFTPServerTestCase.testAnonymousLoginDenied

Traceback (most recent call last):
  File "/misc/pdtools/scm/.scmikes/python2.4/download/twistedsvn/trunk/twisted/protocols/ftp.py", line 722, in _ebLogin
    raise AuthorizationError
<class 'twisted.protocols.ftp.AuthorizationError'>: 
===============================================================================
[ERROR]: twisted.test.test_ftp.BasicFTPServerTestCase.testBadCommandArgs

Traceback (most recent call last):
Failure: <class 'twisted.protocols.ftp.CmdNotImplementedForArgError'>: z
===============================================================================
[ERROR]: twisted.test.test_ftp.BasicFTPServerTestCase.testRETRBeforePORT

Traceback (most recent call last):
  File "/misc/pdtools/scm/.scmikes/python2.4/download/twistedsvn/trunk/twisted/internet/defer.py", line 107, in maybeDeferred
    result = f(*args, **kw)
  File "/misc/pdtools/scm/.scmikes/python2.4/download/twistedsvn/trunk/twisted/protocols/ftp.py", line 668, in processCommand
    return method(*params)
  File "/misc/pdtools/scm/.scmikes/python2.4/download/twistedsvn/trunk/twisted/protocols/ftp.py", line 884, in ftp_RETR
    raise BadCmdSequenceError('PORT or PASV required before RETR')
<class 'twisted.protocols.ftp.BadCmdSequenceError'>: PORT or PASV required before RETR
===============================================================================
[ERROR]: twisted.test.test_ftp.BasicFTPServerTestCase.testSTORBeforePORT

Traceback (most recent call last):
  File "/misc/pdtools/scm/.scmikes/python2.4/download/twistedsvn/trunk/twisted/internet/defer.py", line 107, in maybeDeferred
    result = f(*args, **kw)
  File "/misc/pdtools/scm/.scmikes/python2.4/download/twistedsvn/trunk/twisted/protocols/ftp.py", line 668, in processCommand
    return method(*params)
  File "/misc/pdtools/scm/.scmikes/python2.4/download/twistedsvn/trunk/twisted/protocols/ftp.py", line 942, in ftp_STOR
    raise BadCmdSequenceError('PORT or PASV required before STOR')
<class 'twisted.protocols.ftp.BadCmdSequenceError'>: PORT or PASV required before STOR
===============================================================================
[ERROR]: twisted.test.test_ftp.BasicFTPServerTestCase.testUnknownCommand

Traceback (most recent call last):
Failure: <class 'twisted.protocols.ftp.CmdNotImplementedError'>: GIBBERISH
===============================================================================
[ERROR]: twisted.test.test_ident.ServerParserTestCase.testErrors

Traceback (most recent call last):
  File "/misc/pdtools/scm/.scmikes/python2.4/download/twistedsvn/trunk/twisted/internet/defer.py", line 107, in maybeDeferred
    result = f(*args, **kw)
  File "/misc/pdtools/scm/.scmikes/python2.4/download/twistedsvn/trunk/twisted/test/test_ident.py", line 70, in lookup
    raise self.exceptionType()
<class 'twisted.protocols.ident.NoUser'>: NO-USER
===============================================================================
[ERROR]: twisted.test.test_pb.BrokerTestCase.testTooManyRefs

Traceback (most recent call last):
  File "/misc/pdtools/scm/.scmikes/python2.4/download/twistedsvn/trunk/twisted/test/test_pb.py", line 490, in testTooManyRefs
    pump.pump()
  File "/misc/pdtools/scm/.scmikes/python2.4/download/twistedsvn/trunk/twisted/test/test_pb.py", line 91, in pump
    self.server.dataReceived(byte)
  File "/misc/pdtools/scm/.scmikes/python2.4/download/twistedsvn/trunk/twisted/spread/banana.py", line 184, in dataReceived
    gotItem(item)
  File "/misc/pdtools/scm/.scmikes/python2.4/download/twistedsvn/trunk/twisted/spread/banana.py", line 114, in gotItem
    self.callExpressionReceived(item)
  File "/misc/pdtools/scm/.scmikes/python2.4/download/twistedsvn/trunk/twisted/spread/banana.py", line 81, in callExpressionReceived
    self.expressionReceived(obj)
  File "/misc/pdtools/scm/.scmikes/python2.4/download/twistedsvn/trunk/twisted/spread/pb.py", line 523, in expressionReceived
    method(*sexp[1:])
  File "/misc/pdtools/scm/.scmikes/python2.4/download/twistedsvn/trunk/twisted/spread/pb.py", line 834, in proto_message
    self._recvMessage(self.localObjectForID, requestID, objectID, message, answerRequired, netArgs, netKw)
  File "/misc/pdtools/scm/.scmikes/python2.4/download/twistedsvn/trunk/twisted/spread/pb.py", line 860, in _recvMessage
    self._sendError(CopyableFailure(e), requestID)
  File "/misc/pdtools/scm/.scmikes/python2.4/download/twistedsvn/trunk/twisted/spread/pb.py", line 917, in _sendError
    self.sendCall("error", requestID, self.serialize(fail))
  File "/misc/pdtools/scm/.scmikes/python2.4/download/twistedsvn/trunk/twisted/spread/pb.py", line 771, in serialize
    return jelly(object, self.security, None, self)
  File "/misc/pdtools/scm/.scmikes/python2.4/download/twistedsvn/trunk/twisted/spread/jelly.py", line 892, in jelly
    return _Jellier(taster, persistentStore, invoker).jelly(object)
  File "/misc/pdtools/scm/.scmikes/python2.4/download/twistedsvn/trunk/twisted/spread/jelly.py", line 417, in jelly
    return obj.jellyFor(self)
  File "/misc/pdtools/scm/.scmikes/python2.4/download/twistedsvn/trunk/twisted/spread/flavors.py", line 308, in jellyFor
    sxp.extend([t, jellier.jelly(state)])
  File "/misc/pdtools/scm/.scmikes/python2.4/download/twistedsvn/trunk/twisted/spread/jelly.py", line 477, in jelly
    sxp.append([self.jelly(key), self.jelly(val)])
  File "/misc/pdtools/scm/.scmikes/python2.4/download/twistedsvn/trunk/twisted/spread/jelly.py", line 469, in jelly
    sxp.append(self.jelly(item))
  File "/misc/pdtools/scm/.scmikes/python2.4/download/twistedsvn/trunk/twisted/spread/jelly.py", line 505, in jelly
    (objType, obj))
<class 'twisted.spread.jelly.InsecureJelly'>: Type not allowed for object: <type 'type'> <class 'twisted.spread.pb.Error'>
===============================================================================
[ERROR]: twisted.test.test_pb.NewCredTestCase.testBadLogin

Traceback (most recent call last):
Failure: <class 'twisted.internet.defer.TimeoutError'>: <twisted.test.test_pb.NewCredTestCase testMethod=testBadLogin> (testBadLogin) still running at 120.0 secs
===============================================================================
[ERROR]: twisted.test.test_pb.NewCredTestCase.testBadLogin

Traceback (most recent call last):
Failure: <class 'twisted.cred.error.UnauthorizedLogin'>: 
===============================================================================
[ERROR]: twisted.test.test_pbfailure.PBFailureTest.testCopiedFailureLogging

Traceback (most recent call last):
  File "/misc/pdtools/scm/.scmikes/python2.4/download/twistedsvn/trunk/twisted/internet/selectreactor.py", line 139, in _doReadOrWrite
    why = getattr(selectable, method)()
  File "/misc/pdtools/scm/.scmikes/python2.4/download/twistedsvn/trunk/twisted/internet/tcp.py", line 348, in doRead
    return self.protocol.dataReceived(data)
  File "/misc/pdtools/scm/.scmikes/python2.4/download/twistedsvn/trunk/twisted/spread/banana.py", line 184, in dataReceived
    gotItem(item)
  File "/misc/pdtools/scm/.scmikes/python2.4/download/twistedsvn/trunk/twisted/spread/banana.py", line 114, in gotItem
    self.callExpressionReceived(item)
  File "/misc/pdtools/scm/.scmikes/python2.4/download/twistedsvn/trunk/twisted/spread/banana.py", line 81, in callExpressionReceived
    self.expressionReceived(obj)
  File "/misc/pdtools/scm/.scmikes/python2.4/download/twistedsvn/trunk/twisted/spread/pb.py", line 523, in expressionReceived
    method(*sexp[1:])
  File "/misc/pdtools/scm/.scmikes/python2.4/download/twistedsvn/trunk/twisted/spread/pb.py", line 834, in proto_message
    self._recvMessage(self.localObjectForID, requestID, objectID, message, answerRequired, netArgs, netKw)
  File "/misc/pdtools/scm/.scmikes/python2.4/download/twistedsvn/trunk/twisted/spread/pb.py", line 865, in _recvMessage
    self._sendError(f, requestID)
  File "/misc/pdtools/scm/.scmikes/python2.4/download/twistedsvn/trunk/twisted/spread/pb.py", line 917, in _sendError
    self.sendCall("error", requestID, self.serialize(fail))
  File "/misc/pdtools/scm/.scmikes/python2.4/download/twistedsvn/trunk/twisted/spread/pb.py", line 771, in serialize
    return jelly(object, self.security, None, self)
  File "/misc/pdtools/scm/.scmikes/python2.4/download/twistedsvn/trunk/twisted/spread/jelly.py", line 892, in jelly
    return _Jellier(taster, persistentStore, invoker).jelly(object)
  File "/misc/pdtools/scm/.scmikes/python2.4/download/twistedsvn/trunk/twisted/spread/jelly.py", line 417, in jelly
    return obj.jellyFor(self)
  File "/misc/pdtools/scm/.scmikes/python2.4/download/twistedsvn/trunk/twisted/spread/flavors.py", line 308, in jellyFor
    sxp.extend([t, jellier.jelly(state)])
  File "/misc/pdtools/scm/.scmikes/python2.4/download/twistedsvn/trunk/twisted/spread/jelly.py", line 477, in jelly
    sxp.append([self.jelly(key), self.jelly(val)])
  File "/misc/pdtools/scm/.scmikes/python2.4/download/twistedsvn/trunk/twisted/spread/jelly.py", line 469, in jelly
    sxp.append(self.jelly(item))
  File "/misc/pdtools/scm/.scmikes/python2.4/download/twistedsvn/trunk/twisted/spread/jelly.py", line 505, in jelly
    (objType, obj))
<class 'twisted.spread.jelly.InsecureJelly'>: Type not allowed for object: <type 'type'> <class 'twisted.test.test_pbfailure.DieError'>
===============================================================================
[ERROR]: twisted.test.test_pbfailure.PBFailureTest.testPBFailures

Traceback (most recent call last):
Failure: <class 'twisted.internet.defer.FirstError'>: FirstError(<twisted.python.failure.Failure <class 'twisted.spread.pb.PBConnectionLost'>>, 0)
===============================================================================
[ERROR]: twisted.test.test_pbfailure.PBFailureTest.testPBFailures

Traceback (most recent call last):
Failure: <class 'twisted.test.test_pbfailure.PoopError'>: Someone threw poopie at me!
===============================================================================
[ERROR]: twisted.test.test_pbfailure.PBFailureTestUnsafe.testCopiedFailureLogging

Traceback (most recent call last):
  File "/misc/pdtools/scm/.scmikes/python2.4/download/twistedsvn/trunk/twisted/internet/selectreactor.py", line 139, in _doReadOrWrite
    why = getattr(selectable, method)()
  File "/misc/pdtools/scm/.scmikes/python2.4/download/twistedsvn/trunk/twisted/internet/tcp.py", line 348, in doRead
    return self.protocol.dataReceived(data)
  File "/misc/pdtools/scm/.scmikes/python2.4/download/twistedsvn/trunk/twisted/spread/banana.py", line 184, in dataReceived
    gotItem(item)
  File "/misc/pdtools/scm/.scmikes/python2.4/download/twistedsvn/trunk/twisted/spread/banana.py", line 114, in gotItem
    self.callExpressionReceived(item)
  File "/misc/pdtools/scm/.scmikes/python2.4/download/twistedsvn/trunk/twisted/spread/banana.py", line 81, in callExpressionReceived
    self.expressionReceived(obj)
  File "/misc/pdtools/scm/.scmikes/python2.4/download/twistedsvn/trunk/twisted/spread/pb.py", line 523, in expressionReceived
    method(*sexp[1:])
  File "/misc/pdtools/scm/.scmikes/python2.4/download/twistedsvn/trunk/twisted/spread/pb.py", line 834, in proto_message
    self._recvMessage(self.localObjectForID, requestID, objectID, message, answerRequired, netArgs, netKw)
  File "/misc/pdtools/scm/.scmikes/python2.4/download/twistedsvn/trunk/twisted/spread/pb.py", line 865, in _recvMessage
    self._sendError(f, requestID)
  File "/misc/pdtools/scm/.scmikes/python2.4/download/twistedsvn/trunk/twisted/spread/pb.py", line 917, in _sendError
    self.sendCall("error", requestID, self.serialize(fail))
  File "/misc/pdtools/scm/.scmikes/python2.4/download/twistedsvn/trunk/twisted/spread/pb.py", line 771, in serialize
    return jelly(object, self.security, None, self)
  File "/misc/pdtools/scm/.scmikes/python2.4/download/twistedsvn/trunk/twisted/spread/jelly.py", line 892, in jelly
    return _Jellier(taster, persistentStore, invoker).jelly(object)
  File "/misc/pdtools/scm/.scmikes/python2.4/download/twistedsvn/trunk/twisted/spread/jelly.py", line 417, in jelly
    return obj.jellyFor(self)
  File "/misc/pdtools/scm/.scmikes/python2.4/download/twistedsvn/trunk/twisted/spread/flavors.py", line 308, in jellyFor
    sxp.extend([t, jellier.jelly(state)])
  File "/misc/pdtools/scm/.scmikes/python2.4/download/twistedsvn/trunk/twisted/spread/jelly.py", line 477, in jelly
    sxp.append([self.jelly(key), self.jelly(val)])
  File "/misc/pdtools/scm/.scmikes/python2.4/download/twistedsvn/trunk/twisted/spread/jelly.py", line 469, in jelly
    sxp.append(self.jelly(item))
  File "/misc/pdtools/scm/.scmikes/python2.4/download/twistedsvn/trunk/twisted/spread/jelly.py", line 505, in jelly
    (objType, obj))
<class 'twisted.spread.jelly.InsecureJelly'>: Type not allowed for object: <type 'type'> <class 'twisted.test.test_pbfailure.DieError'>
===============================================================================
[ERROR]: twisted.test.test_pbfailure.PBFailureTestUnsafe.testPBFailures

Traceback (most recent call last):
Failure: <class 'twisted.internet.defer.FirstError'>: FirstError(<twisted.python.failure.Failure <class 'twisted.spread.pb.PBConnectionLost'>>, 0)
===============================================================================
[ERROR]: twisted.test.test_pbfailure.PBFailureTestUnsafe.testPBFailures

Traceback (most recent call last):
Failure: <class 'twisted.test.test_pbfailure.PoopError'>: Someone threw poopie at me!
===============================================================================
[ERROR]: twisted.test.test_zipstream.ZipstreamTest.test_unzipping

Traceback (most recent call last):
  File "/misc/pdtools/scm/.scmikes/python2.4/download/twistedsvn/trunk/twisted/test/test_zipstream.py", line 44, in test_unzipping
    r=uziter.next()
  File "/misc/pdtools/scm/.scmikes/python2.4/download/twistedsvn/trunk/twisted/python/zipstream.py", line 224, in unzipIterChunky
    fp=czf.readfile(entry)
  File "/misc/pdtools/scm/.scmikes/python2.4/download/twistedsvn/trunk/twisted/python/zipstream.py", line 26, in readfile
    self.fp.seek(zinfo.file_offset, 0)
<type 'exceptions.AttributeError'>: 'ZipInfo' object has no attribute 'file_offset'
-------------------------------------------------------------------------------
Ran 895 tests in 179.913s

FAILED (skips=53, expectedFailures=4, failures=7, errors=17, successes=820)
$ 
Script done on Fri 23 Jun 2006 02:17:05 PM EDT
