===============================================================================
[SKIPPED]
cannot import name _epoll

twisted.internet.test.test_core.ObjectModelIntegrationTest_EPollReactor.test_newstyleReactor
twisted.internet.test.test_core.SystemEventTestsBuilder_EPollReactor.test_callWhenRunningOrder
twisted.internet.test.test_core.SystemEventTestsBuilder_EPollReactor.test_crash
twisted.internet.test.test_core.SystemEventTestsBuilder_EPollReactor.test_iterate
twisted.internet.test.test_core.SystemEventTestsBuilder_EPollReactor.test_multipleRun
twisted.internet.test.test_core.SystemEventTestsBuilder_EPollReactor.test_runAfterCrash
twisted.internet.test.test_core.SystemEventTestsBuilder_EPollReactor.test_runWithAsynchronousBeforeStartupTrigger
twisted.internet.test.test_core.SystemEventTestsBuilder_EPollReactor.test_runningForStartupEvents
twisted.internet.test.test_core.SystemEventTestsBuilder_EPollReactor.test_shutdownDisconnectsCleanly
twisted.internet.test.test_core.SystemEventTestsBuilder_EPollReactor.test_shutdownFiresTriggersAsynchronously
twisted.internet.test.test_core.SystemEventTestsBuilder_EPollReactor.test_signalHandlersInstalledDuringStartup
twisted.internet.test.test_core.SystemEventTestsBuilder_EPollReactor.test_stopShutDownEvents
twisted.internet.test.test_core.SystemEventTestsBuilder_EPollReactor.test_stopWhenAlreadyStopped
twisted.internet.test.test_core.SystemEventTestsBuilder_EPollReactor.test_stopWhenNotStarted
twisted.internet.test.test_fdset.ReactorFDSetTestsBuilder_EPollReactor.test_addReader
twisted.internet.test.test_fdset.ReactorFDSetTestsBuilder_EPollReactor.test_addWriter
twisted.internet.test.test_fdset.ReactorFDSetTestsBuilder_EPollReactor.test_getReaders
twisted.internet.test.test_fdset.ReactorFDSetTestsBuilder_EPollReactor.test_getWriters
twisted.internet.test.test_fdset.ReactorFDSetTestsBuilder_EPollReactor.test_removeAll
twisted.internet.test.test_fdset.ReactorFDSetTestsBuilder_EPollReactor.test_removeReader
twisted.internet.test.test_fdset.ReactorFDSetTestsBuilder_EPollReactor.test_removeWriter
twisted.internet.test.test_process.PTYProcessTestsBuilder_EPollReactor.test_processExitedWithSignal
twisted.internet.test.test_process.PTYProcessTestsBuilder_EPollReactor.test_spawnProcessEarlyIsReaped
twisted.internet.test.test_process.PTYProcessTestsBuilder_EPollReactor.test_systemCallUninterruptedByChildExit
twisted.internet.test.test_process.ProcessTestsBuilder_EPollReactor.test_childConnectionLost
twisted.internet.test.test_process.ProcessTestsBuilder_EPollReactor.test_processCommandLineArguments
twisted.internet.test.test_process.ProcessTestsBuilder_EPollReactor.test_processEnded
twisted.internet.test.test_process.ProcessTestsBuilder_EPollReactor.test_processExited
twisted.internet.test.test_process.ProcessTestsBuilder_EPollReactor.test_processExitedWithSignal
twisted.internet.test.test_process.ProcessTestsBuilder_EPollReactor.test_shebang
twisted.internet.test.test_process.ProcessTestsBuilder_EPollReactor.test_spawnProcessEarlyIsReaped
twisted.internet.test.test_process.ProcessTestsBuilder_EPollReactor.test_systemCallUninterruptedByChildExit
twisted.internet.test.test_tcp.TCPClientTestsBuilder_EPollReactor.test_addresses
twisted.internet.test.test_tcp.TCPClientTestsBuilder_EPollReactor.test_clientConnectionFailedStopsReactor
twisted.internet.test.test_tcp.TCPClientTestsBuilder_EPollReactor.test_connectEvent
twisted.internet.test.test_tcp.TCPClientTestsBuilder_EPollReactor.test_interface
twisted.internet.test.test_threads.ThreadTestsBuilder_EPollReactor.test_cleanUpThreadPoolEvenBeforeReactorIsRun
twisted.internet.test.test_threads.ThreadTestsBuilder_EPollReactor.test_delayedCallFromThread
twisted.internet.test.test_threads.ThreadTestsBuilder_EPollReactor.test_getThreadPool
twisted.internet.test.test_threads.ThreadTestsBuilder_EPollReactor.test_stopThreadPool
twisted.internet.test.test_threads.ThreadTestsBuilder_EPollReactor.test_stopThreadPoolWhenStartedAfterReactorRan
twisted.internet.test.test_threads.ThreadTestsBuilder_EPollReactor.test_suggestThreadPoolSize
twisted.internet.test.test_time.TimeTestsBuilder_EPollReactor.test_delayedCallStopsReactor
twisted.internet.test.test_tls.SSLClientTestsMixin_EPollReactor.test_disconnectAfterWriteAfterStartTLS
twisted.internet.test.test_udp.UDPServerTestsBuilder_EPollReactor.test_interface
twisted.internet.test.test_unix.UNIXDatagramTestsBuilder_EPollReactor.test_listenMode
twisted.internet.test.test_unix.UNIXDatagramTestsBuilder_EPollReactor.test_listenOnLinuxAbstractNamespace
twisted.internet.test.test_unix.UNIXTestsBuilder_EPollReactor.test_connectToLinuxAbstractNamespace
twisted.internet.test.test_unix.UNIXTestsBuilder_EPollReactor.test_interface
twisted.internet.test.test_unix.UNIXTestsBuilder_EPollReactor.test_listenOnLinuxAbstractNamespace
twisted.internet.test.test_unix.UNIXTestsBuilder_EPollReactor.test_mode
===============================================================================
[SKIPPED]
No module named win32api

twisted.internet.test.test_core.ObjectModelIntegrationTest_IOCPReactor.test_newstyleReactor
twisted.internet.test.test_core.SystemEventTestsBuilder_IOCPReactor.test_callWhenRunningOrder
twisted.internet.test.test_core.SystemEventTestsBuilder_IOCPReactor.test_crash
twisted.internet.test.test_core.SystemEventTestsBuilder_IOCPReactor.test_iterate
twisted.internet.test.test_core.SystemEventTestsBuilder_IOCPReactor.test_multipleRun
twisted.internet.test.test_core.SystemEventTestsBuilder_IOCPReactor.test_runAfterCrash
twisted.internet.test.test_core.SystemEventTestsBuilder_IOCPReactor.test_runWithAsynchronousBeforeStartupTrigger
twisted.internet.test.test_core.SystemEventTestsBuilder_IOCPReactor.test_runningForStartupEvents
twisted.internet.test.test_core.SystemEventTestsBuilder_IOCPReactor.test_shutdownDisconnectsCleanly
twisted.internet.test.test_core.SystemEventTestsBuilder_IOCPReactor.test_shutdownFiresTriggersAsynchronously
twisted.internet.test.test_core.SystemEventTestsBuilder_IOCPReactor.test_signalHandlersInstalledDuringStartup
twisted.internet.test.test_core.SystemEventTestsBuilder_IOCPReactor.test_stopShutDownEvents
twisted.internet.test.test_core.SystemEventTestsBuilder_IOCPReactor.test_stopWhenAlreadyStopped
twisted.internet.test.test_core.SystemEventTestsBuilder_IOCPReactor.test_stopWhenNotStarted
twisted.internet.test.test_fdset.ReactorFDSetTestsBuilder_IOCPReactor.test_addReader
twisted.internet.test.test_fdset.ReactorFDSetTestsBuilder_IOCPReactor.test_addWriter
twisted.internet.test.test_fdset.ReactorFDSetTestsBuilder_IOCPReactor.test_getReaders
twisted.internet.test.test_fdset.ReactorFDSetTestsBuilder_IOCPReactor.test_getWriters
twisted.internet.test.test_fdset.ReactorFDSetTestsBuilder_IOCPReactor.test_removeAll
twisted.internet.test.test_fdset.ReactorFDSetTestsBuilder_IOCPReactor.test_removeReader
twisted.internet.test.test_fdset.ReactorFDSetTestsBuilder_IOCPReactor.test_removeWriter
twisted.internet.test.test_process.PTYProcessTestsBuilder_IOCPReactor.test_processExitedWithSignal
twisted.internet.test.test_process.PTYProcessTestsBuilder_IOCPReactor.test_spawnProcessEarlyIsReaped
twisted.internet.test.test_process.PTYProcessTestsBuilder_IOCPReactor.test_systemCallUninterruptedByChildExit
twisted.internet.test.test_process.ProcessTestsBuilder_IOCPReactor.test_childConnectionLost
twisted.internet.test.test_process.ProcessTestsBuilder_IOCPReactor.test_processCommandLineArguments
twisted.internet.test.test_process.ProcessTestsBuilder_IOCPReactor.test_processEnded
twisted.internet.test.test_process.ProcessTestsBuilder_IOCPReactor.test_processExited
twisted.internet.test.test_process.ProcessTestsBuilder_IOCPReactor.test_processExitedWithSignal
twisted.internet.test.test_process.ProcessTestsBuilder_IOCPReactor.test_shebang
twisted.internet.test.test_process.ProcessTestsBuilder_IOCPReactor.test_spawnProcessEarlyIsReaped
twisted.internet.test.test_process.ProcessTestsBuilder_IOCPReactor.test_systemCallUninterruptedByChildExit
twisted.internet.test.test_tcp.TCPClientTestsBuilder_IOCPReactor.test_addresses
twisted.internet.test.test_tcp.TCPClientTestsBuilder_IOCPReactor.test_clientConnectionFailedStopsReactor
twisted.internet.test.test_tcp.TCPClientTestsBuilder_IOCPReactor.test_connectEvent
twisted.internet.test.test_tcp.TCPClientTestsBuilder_IOCPReactor.test_interface
twisted.internet.test.test_threads.ThreadTestsBuilder_IOCPReactor.test_cleanUpThreadPoolEvenBeforeReactorIsRun
twisted.internet.test.test_threads.ThreadTestsBuilder_IOCPReactor.test_delayedCallFromThread
twisted.internet.test.test_threads.ThreadTestsBuilder_IOCPReactor.test_getThreadPool
twisted.internet.test.test_threads.ThreadTestsBuilder_IOCPReactor.test_stopThreadPool
twisted.internet.test.test_threads.ThreadTestsBuilder_IOCPReactor.test_stopThreadPoolWhenStartedAfterReactorRan
twisted.internet.test.test_threads.ThreadTestsBuilder_IOCPReactor.test_suggestThreadPoolSize
twisted.internet.test.test_time.TimeTestsBuilder_IOCPReactor.test_delayedCallStopsReactor
twisted.internet.test.test_tls.SSLClientTestsMixin_IOCPReactor.test_disconnectAfterWriteAfterStartTLS
twisted.internet.test.test_udp.UDPServerTestsBuilder_IOCPReactor.test_interface
twisted.internet.test.test_unix.UNIXDatagramTestsBuilder_IOCPReactor.test_listenMode
twisted.internet.test.test_unix.UNIXDatagramTestsBuilder_IOCPReactor.test_listenOnLinuxAbstractNamespace
twisted.internet.test.test_unix.UNIXTestsBuilder_IOCPReactor.test_connectToLinuxAbstractNamespace
twisted.internet.test.test_unix.UNIXTestsBuilder_IOCPReactor.test_interface
twisted.internet.test.test_unix.UNIXTestsBuilder_IOCPReactor.test_listenOnLinuxAbstractNamespace
twisted.internet.test.test_unix.UNIXTestsBuilder_IOCPReactor.test_mode
===============================================================================
[SKIPPED]
'module' object has no attribute 'kqueuereactor'

twisted.internet.test.test_core.ObjectModelIntegrationTest_KQueueReactor.test_newstyleReactor
twisted.internet.test.test_core.SystemEventTestsBuilder_KQueueReactor.test_callWhenRunningOrder
twisted.internet.test.test_core.SystemEventTestsBuilder_KQueueReactor.test_crash
twisted.internet.test.test_core.SystemEventTestsBuilder_KQueueReactor.test_iterate
twisted.internet.test.test_core.SystemEventTestsBuilder_KQueueReactor.test_multipleRun
twisted.internet.test.test_core.SystemEventTestsBuilder_KQueueReactor.test_runAfterCrash
twisted.internet.test.test_core.SystemEventTestsBuilder_KQueueReactor.test_runWithAsynchronousBeforeStartupTrigger
twisted.internet.test.test_core.SystemEventTestsBuilder_KQueueReactor.test_runningForStartupEvents
twisted.internet.test.test_core.SystemEventTestsBuilder_KQueueReactor.test_shutdownDisconnectsCleanly
twisted.internet.test.test_core.SystemEventTestsBuilder_KQueueReactor.test_shutdownFiresTriggersAsynchronously
twisted.internet.test.test_core.SystemEventTestsBuilder_KQueueReactor.test_signalHandlersInstalledDuringStartup
twisted.internet.test.test_core.SystemEventTestsBuilder_KQueueReactor.test_stopShutDownEvents
twisted.internet.test.test_core.SystemEventTestsBuilder_KQueueReactor.test_stopWhenAlreadyStopped
twisted.internet.test.test_core.SystemEventTestsBuilder_KQueueReactor.test_stopWhenNotStarted
twisted.internet.test.test_fdset.ReactorFDSetTestsBuilder_KQueueReactor.test_addReader
twisted.internet.test.test_fdset.ReactorFDSetTestsBuilder_KQueueReactor.test_addWriter
twisted.internet.test.test_fdset.ReactorFDSetTestsBuilder_KQueueReactor.test_getReaders
twisted.internet.test.test_fdset.ReactorFDSetTestsBuilder_KQueueReactor.test_getWriters
twisted.internet.test.test_fdset.ReactorFDSetTestsBuilder_KQueueReactor.test_removeAll
twisted.internet.test.test_fdset.ReactorFDSetTestsBuilder_KQueueReactor.test_removeReader
twisted.internet.test.test_fdset.ReactorFDSetTestsBuilder_KQueueReactor.test_removeWriter
twisted.internet.test.test_process.PTYProcessTestsBuilder_KQueueReactor.test_processExitedWithSignal
twisted.internet.test.test_process.PTYProcessTestsBuilder_KQueueReactor.test_spawnProcessEarlyIsReaped
twisted.internet.test.test_process.PTYProcessTestsBuilder_KQueueReactor.test_systemCallUninterruptedByChildExit
twisted.internet.test.test_process.ProcessTestsBuilder_KQueueReactor.test_childConnectionLost
twisted.internet.test.test_process.ProcessTestsBuilder_KQueueReactor.test_processCommandLineArguments
twisted.internet.test.test_process.ProcessTestsBuilder_KQueueReactor.test_processEnded
twisted.internet.test.test_process.ProcessTestsBuilder_KQueueReactor.test_processExited
twisted.internet.test.test_process.ProcessTestsBuilder_KQueueReactor.test_processExitedWithSignal
twisted.internet.test.test_process.ProcessTestsBuilder_KQueueReactor.test_shebang
twisted.internet.test.test_process.ProcessTestsBuilder_KQueueReactor.test_spawnProcessEarlyIsReaped
twisted.internet.test.test_process.ProcessTestsBuilder_KQueueReactor.test_systemCallUninterruptedByChildExit
twisted.internet.test.test_tcp.TCPClientTestsBuilder_KQueueReactor.test_addresses
twisted.internet.test.test_tcp.TCPClientTestsBuilder_KQueueReactor.test_clientConnectionFailedStopsReactor
twisted.internet.test.test_tcp.TCPClientTestsBuilder_KQueueReactor.test_connectEvent
twisted.internet.test.test_tcp.TCPClientTestsBuilder_KQueueReactor.test_interface
twisted.internet.test.test_threads.ThreadTestsBuilder_KQueueReactor.test_cleanUpThreadPoolEvenBeforeReactorIsRun
twisted.internet.test.test_threads.ThreadTestsBuilder_KQueueReactor.test_delayedCallFromThread
twisted.internet.test.test_threads.ThreadTestsBuilder_KQueueReactor.test_getThreadPool
twisted.internet.test.test_threads.ThreadTestsBuilder_KQueueReactor.test_stopThreadPool
twisted.internet.test.test_threads.ThreadTestsBuilder_KQueueReactor.test_stopThreadPoolWhenStartedAfterReactorRan
twisted.internet.test.test_threads.ThreadTestsBuilder_KQueueReactor.test_suggestThreadPoolSize
twisted.internet.test.test_time.TimeTestsBuilder_KQueueReactor.test_delayedCallStopsReactor
twisted.internet.test.test_tls.SSLClientTestsMixin_KQueueReactor.test_disconnectAfterWriteAfterStartTLS
twisted.internet.test.test_udp.UDPServerTestsBuilder_KQueueReactor.test_interface
twisted.internet.test.test_unix.UNIXDatagramTestsBuilder_KQueueReactor.test_listenMode
twisted.internet.test.test_unix.UNIXDatagramTestsBuilder_KQueueReactor.test_listenOnLinuxAbstractNamespace
twisted.internet.test.test_unix.UNIXTestsBuilder_KQueueReactor.test_connectToLinuxAbstractNamespace
twisted.internet.test.test_unix.UNIXTestsBuilder_KQueueReactor.test_interface
twisted.internet.test.test_unix.UNIXTestsBuilder_KQueueReactor.test_listenOnLinuxAbstractNamespace
twisted.internet.test.test_unix.UNIXTestsBuilder_KQueueReactor.test_mode
===============================================================================
[SKIPPED]
No module named win32file

twisted.internet.test.test_core.ObjectModelIntegrationTest_Win32Reactor.test_newstyleReactor
twisted.internet.test.test_core.SystemEventTestsBuilder_Win32Reactor.test_callWhenRunningOrder
twisted.internet.test.test_core.SystemEventTestsBuilder_Win32Reactor.test_crash
twisted.internet.test.test_core.SystemEventTestsBuilder_Win32Reactor.test_iterate
twisted.internet.test.test_core.SystemEventTestsBuilder_Win32Reactor.test_multipleRun
twisted.internet.test.test_core.SystemEventTestsBuilder_Win32Reactor.test_runAfterCrash
twisted.internet.test.test_core.SystemEventTestsBuilder_Win32Reactor.test_runWithAsynchronousBeforeStartupTrigger
twisted.internet.test.test_core.SystemEventTestsBuilder_Win32Reactor.test_runningForStartupEvents
twisted.internet.test.test_core.SystemEventTestsBuilder_Win32Reactor.test_shutdownDisconnectsCleanly
twisted.internet.test.test_core.SystemEventTestsBuilder_Win32Reactor.test_shutdownFiresTriggersAsynchronously
twisted.internet.test.test_core.SystemEventTestsBuilder_Win32Reactor.test_signalHandlersInstalledDuringStartup
twisted.internet.test.test_core.SystemEventTestsBuilder_Win32Reactor.test_stopShutDownEvents
twisted.internet.test.test_core.SystemEventTestsBuilder_Win32Reactor.test_stopWhenAlreadyStopped
twisted.internet.test.test_core.SystemEventTestsBuilder_Win32Reactor.test_stopWhenNotStarted
twisted.internet.test.test_fdset.ReactorFDSetTestsBuilder_Win32Reactor.test_addReader
twisted.internet.test.test_fdset.ReactorFDSetTestsBuilder_Win32Reactor.test_addWriter
twisted.internet.test.test_fdset.ReactorFDSetTestsBuilder_Win32Reactor.test_getReaders
twisted.internet.test.test_fdset.ReactorFDSetTestsBuilder_Win32Reactor.test_getWriters
twisted.internet.test.test_fdset.ReactorFDSetTestsBuilder_Win32Reactor.test_removeAll
twisted.internet.test.test_fdset.ReactorFDSetTestsBuilder_Win32Reactor.test_removeReader
twisted.internet.test.test_fdset.ReactorFDSetTestsBuilder_Win32Reactor.test_removeWriter
twisted.internet.test.test_process.PTYProcessTestsBuilder_Win32Reactor.test_processExitedWithSignal
twisted.internet.test.test_process.PTYProcessTestsBuilder_Win32Reactor.test_spawnProcessEarlyIsReaped
twisted.internet.test.test_process.PTYProcessTestsBuilder_Win32Reactor.test_systemCallUninterruptedByChildExit
twisted.internet.test.test_process.ProcessTestsBuilder_Win32Reactor.test_childConnectionLost
twisted.internet.test.test_process.ProcessTestsBuilder_Win32Reactor.test_processCommandLineArguments
twisted.internet.test.test_process.ProcessTestsBuilder_Win32Reactor.test_processEnded
twisted.internet.test.test_process.ProcessTestsBuilder_Win32Reactor.test_processExited
twisted.internet.test.test_process.ProcessTestsBuilder_Win32Reactor.test_processExitedWithSignal
twisted.internet.test.test_process.ProcessTestsBuilder_Win32Reactor.test_shebang
twisted.internet.test.test_process.ProcessTestsBuilder_Win32Reactor.test_spawnProcessEarlyIsReaped
twisted.internet.test.test_process.ProcessTestsBuilder_Win32Reactor.test_systemCallUninterruptedByChildExit
twisted.internet.test.test_tcp.TCPClientTestsBuilder_Win32Reactor.test_addresses
twisted.internet.test.test_tcp.TCPClientTestsBuilder_Win32Reactor.test_clientConnectionFailedStopsReactor
twisted.internet.test.test_tcp.TCPClientTestsBuilder_Win32Reactor.test_connectEvent
twisted.internet.test.test_tcp.TCPClientTestsBuilder_Win32Reactor.test_interface
twisted.internet.test.test_threads.ThreadTestsBuilder_Win32Reactor.test_cleanUpThreadPoolEvenBeforeReactorIsRun
twisted.internet.test.test_threads.ThreadTestsBuilder_Win32Reactor.test_delayedCallFromThread
twisted.internet.test.test_threads.ThreadTestsBuilder_Win32Reactor.test_getThreadPool
twisted.internet.test.test_threads.ThreadTestsBuilder_Win32Reactor.test_stopThreadPool
twisted.internet.test.test_threads.ThreadTestsBuilder_Win32Reactor.test_stopThreadPoolWhenStartedAfterReactorRan
twisted.internet.test.test_threads.ThreadTestsBuilder_Win32Reactor.test_suggestThreadPoolSize
twisted.internet.test.test_time.TimeTestsBuilder_Win32Reactor.test_delayedCallStopsReactor
twisted.internet.test.test_tls.SSLClientTestsMixin_Win32Reactor.test_disconnectAfterWriteAfterStartTLS
twisted.internet.test.test_udp.UDPServerTestsBuilder_Win32Reactor.test_interface
twisted.internet.test.test_unix.UNIXDatagramTestsBuilder_Win32Reactor.test_listenMode
twisted.internet.test.test_unix.UNIXDatagramTestsBuilder_Win32Reactor.test_listenOnLinuxAbstractNamespace
twisted.internet.test.test_unix.UNIXTestsBuilder_Win32Reactor.test_connectToLinuxAbstractNamespace
twisted.internet.test.test_unix.UNIXTestsBuilder_Win32Reactor.test_interface
twisted.internet.test.test_unix.UNIXTestsBuilder_Win32Reactor.test_listenOnLinuxAbstractNamespace
twisted.internet.test.test_unix.UNIXTestsBuilder_Win32Reactor.test_mode
===============================================================================
[SKIPPED]
This test only applies to IOCPReactor

twisted.internet.test.test_iocp.IOCPReactorTestCase.test_noPendingTimerEvents
twisted.internet.test.test_iocp.IOCPReactorTestCase.test_reactorInterfaces
twisted.internet.test.test_iocp.IOCPReactorTestCase.test_stopStartReading
===============================================================================
[SKIPPED]
_pollingfile is only avalable under Windows.

twisted.internet.test.test_pollingfile.TestPollableWritePipe.test_checkWorkUnicode
===============================================================================
[SKIPPED]
twisted.internet._sigchld is not available

twisted.internet.test.test_sigchld.ExtensionSIGCHLDTests.test_installHandler
twisted.internet.test.test_sigchld.ExtensionSIGCHLDTests.test_isDefaultHandler
twisted.internet.test.test_sigchld.ExtensionSIGCHLDTests.test_returnOldFD
twisted.internet.test.test_sigchld.ExtensionSIGCHLDTests.test_uninstallHandler
===============================================================================
[SKIPPED]
IPv6 support is not in our hosts resolver yet

twisted.names.test.test_names.HostsTestCase.testIPv6
===============================================================================
[SKIPPED]
C initgroups not available

twisted.python.test.test_util.InitGroupsTests.test_initgroupsInC
===============================================================================
[SKIPPED]
Firebird: Cannot access db

twisted.test.test_adbapi.FirebirdADBAPITestCase.testPool
twisted.test.test_adbapi.FirebirdReconnectTestCase.testPool
twisted.test.test_reflector.FirebirdReflectorTestCase.test_reflector
twisted.test.test_reflector.FirebirdReflectorTestCase.test_saveAndDelete
===============================================================================
[SKIPPED]
Gadfly: Cannot access db

twisted.test.test_adbapi.GadflyADBAPITestCase.testPool
twisted.test.test_adbapi.GadflyReconnectTestCase.testPool
twisted.test.test_reflector.GadflyReflectorTestCase.test_reflector
twisted.test.test_reflector.GadflyReflectorTestCase.test_saveAndDelete
===============================================================================
[SKIPPED]
MySQL: Cannot access db

twisted.test.test_adbapi.MySQLADBAPITestCase.testPool
twisted.test.test_adbapi.MySQLReconnectTestCase.testPool
twisted.test.test_reflector.MySQLReflectorTestCase.test_reflector
twisted.test.test_reflector.MySQLReflectorTestCase.test_saveAndDelete
===============================================================================
[SKIPPED]
Psycopg: Cannot access db

twisted.test.test_adbapi.PsycopgADBAPITestCase.testPool
twisted.test.test_adbapi.PsycopgReconnectTestCase.testPool
twisted.test.test_reflector.PsycopgReflectorTestCase.test_reflector
twisted.test.test_reflector.PsycopgReflectorTestCase.test_saveAndDelete
===============================================================================
[SKIPPED]
PyPgSQL: Cannot access db

twisted.test.test_adbapi.PyPgSQLADBAPITestCase.testPool
twisted.test.test_adbapi.PyPgSQLReconnectTestCase.testPool
twisted.test.test_reflector.PyPgSQLReflectorTestCase.test_reflector
twisted.test.test_reflector.PyPgSQLReflectorTestCase.test_saveAndDelete
===============================================================================
[SKIPPED]
Activate me when you feel like writing docstrings, and fixing GTK crashing bugs.

twisted.test.test_doc.DocCoverage.testModules
===============================================================================
[SKIPPED]
_epoll module unavailable

twisted.test.test_epoll.EPoll.test_add
twisted.test.test_epoll.EPoll.test_badCreate
twisted.test.test_epoll.EPoll.test_controlAndWait
twisted.test.test_epoll.EPoll.test_create
===============================================================================
[SKIPPED]
String exceptions aren't supported anymore starting Python 2.6

twisted.test.test_failure.FailureTestCase.test_printStringExceptions
twisted.test.test_failure.FailureTestCase.test_raiseStringExceptions
===============================================================================
[SKIPPED]
raiser extension not available

twisted.test.test_failure.FindFailureTests.test_failureConstructionWithMungedStackSucceeds
===============================================================================
[SKIPPED]
Trial bug, todo doesn't work! See bug 1397

twisted.test.test_internet.TimeTestCase.testCallLaterOrder
twisted.test.test_internet.TimeTestCase.testCallLaterOrder2
===============================================================================
[SKIPPED]
special readlink EACCES handling only necessary and correct on Windows.

twisted.test.test_lockfile.LockingTestCase.test_lockReleasedDuringAcquireReadlink
twisted.test.test_lockfile.UtilTests.test_readlinkEACCESWindows
===============================================================================
[SKIPPED]
special rename EIO handling only necessary and correct on Windows.

twisted.test.test_lockfile.LockingTestCase.test_lockReleasedDuringAcquireSymlink
twisted.test.test_lockfile.UtilTests.test_symlinkEIOWindows
===============================================================================
[SKIPPED]
Consider yourself lucky.

twisted.test.test_paths.FilePathTestCase.testInsecureWin32
twisted.test.test_paths.FilePathTestCase.testInsecureWin32Whacky
===============================================================================
[SKIPPED]
wrong platform or reactor doesn't support IReactorProcess

twisted.test.test_process.Dumbwin32procPidTest.test_pid
twisted.test.test_process.TestTwoProcessesNonPosix.testClose
twisted.test.test_process.Win32ProcessTestCase.testBadArgs
twisted.test.test_process.Win32ProcessTestCase.testStdinReader
twisted.test.test_process.Win32ProcessTestCase.test_closeHandles
twisted.test.test_process.Win32ProcessTestCase.test_signalINT
twisted.test.test_process.Win32ProcessTestCase.test_signalKILL
twisted.test.test_process.Win32ProcessTestCase.test_signalTERM
===============================================================================
[SKIPPED]
__class__ assignment for class with slots should work starting Python 2.6

twisted.test.test_rebuild.NewStyleTestCase.test_errorSlots
===============================================================================
[SKIPPED]
Only epollreactor is expected to fail with stdout redirected to a normal file.

twisted.test.test_stdio.StandardInputOutputTestCase.test_normalFileStandardOutGoodEpollError
===============================================================================
[SKIPPED]
This error lookup only works on Windows

twisted.test.test_strerror.ErrorFormatingTestCase.test_correctLookups
twisted.test.test_strerror.ErrorFormatingTestCase.test_fromEnvironment
===============================================================================
[SKIPPED]
The VFS backend <twisted.vfs.backends.inmem.FakeDirectory object at 0x985816c> doesn't support setAttrs

twisted.vfs.test.test_sftp.SFTPAdapterTest.test_setAttrsFile
===============================================================================
[SKIPPED]
The VFS backend <twisted.vfs.backends.inmem.FakeDirectory object at 0xcdb320c> doesn't support setAttrs

twisted.vfs.test.test_sftp.SFTPAdapterTest.test_setAttrsPath
===============================================================================
[SKIPPED]
_c_urlarg module is not available

twisted.web.test.test_http.QueryArgumentsTestCase.testEscchar
twisted.web.test.test_http.QueryArgumentsTestCase.testUnquote
===============================================================================
[SKIPPED]
no violation of google ToS

twisted.web.test.test_web.GoogleTestCase.testCheckGoogle
===============================================================================
[SKIPPED]
Cannot test until webserver can serve partial data properly

twisted.web.test.test_webclient.WebClientSSLTestCase.testPartial
twisted.web.test.test_webclient.WebClientTestCase.testPartial
===============================================================================
[SKIPPED]
Available version of xmlrpclib supports datetime objects.

twisted.web.test.test_xmlrpc.XMLRPCDisableUseDateTimeTestCase.test_cannotInitializeWithDateTime
twisted.web.test.test_xmlrpc.XMLRPCDisableUseDateTimeTestCase.test_cannotSetDateTime
===============================================================================
[TODO]
Reason: "flatten() isn't quite stateful enough to avoid emitting a few extra bytes in certain circumstances, so these tests fail.  The failures take the form of additional elements in the ;-delimited character attribute lists.  For example, \\x1b[0;31;46m might be emitted instead of \\x[46m, even if 31 has already been activated and no conflicting attributes are set which need to be cleared."
Traceback (most recent call last):
  File "/home/exarkun/Projects/Twisted/branches/trial-shorter-summary-4487/twisted/conch/test/test_text.py", line 87, in testComplexStructure
    "\x1b[1;31;46mForeground Red, Background Cyan, Bold"
twisted.trial.unittest.FailTest: not equal:
a = '\x1b[1;31;46mForeground Red, Background Cyan, Bold\x1b[1;5;31;46mBlinking\x1b[0;31;46mForeground Red, Background Cyan, normal\x1b[1;32;46mForeground Green, Background Cyan, Bold'
b = '\x1b[1;31;46mForeground Red, Background Cyan, Bold\x1b[5mBlinking\x1b[0;31;46mForeground Red, Background Cyan, normal\x1b[1;32;46mForeground Green, Background Cyan, Bold'


twisted.conch.test.test_text.EfficiencyTestCase.testComplexStructure
===============================================================================
[TODO]
Reason: "flatten() isn't quite stateful enough to avoid emitting a few extra bytes in certain circumstances, so these tests fail.  The failures take the form of additional elements in the ;-delimited character attribute lists.  For example, \\x1b[0;31;46m might be emitted instead of \\x[46m, even if 31 has already been activated and no conflicting attributes are set which need to be cleared."
Traceback (most recent call last):
  File "/home/exarkun/Projects/Twisted/branches/trial-shorter-summary-4487/twisted/conch/test/test_text.py", line 95, in testNesting
    '\x1b[1mHello, \x1b[4mworld.')
twisted.trial.unittest.FailTest: not equal:
a = '\x1b[1mHello, \x1b[1;4mworld.'
b = '\x1b[1mHello, \x1b[4mworld.'


twisted.conch.test.test_text.EfficiencyTestCase.testNesting
===============================================================================
[TODO]
Reason: "the traceback is not preserved, exarkun said he'll try to fix this! god knows how"
Traceback (most recent call last):
  File "/home/exarkun/Projects/Twisted/branches/trial-shorter-summary-4487/twisted/test/test_failure.py", line 94, in testLackOfTB
    self.assertEquals(innerline, '1/0')
twisted.trial.unittest.FailTest: not equal:
a = 'raise self.type, self.value, self.tb'
b = '1/0'


twisted.test.test_failure.FailureTestCase.testLackOfTB
===============================================================================
[TODO]
Reason: 'This may be impossible but it sure would be nice.'
Traceback (most recent call last):
  File "/home/exarkun/Projects/Twisted/branches/trial-shorter-summary-4487/twisted/test/test_modules.py", line 330, in test_underUnderPathNotAlreadyImported
    self._underUnderPathTest(False)
  File "/home/exarkun/Projects/Twisted/branches/trial-shorter-summary-4487/twisted/test/test_modules.py", line 314, in _underUnderPathTest
    importPackages=doImport),
  File "/home/exarkun/Projects/Twisted/branches/trial-shorter-summary-4487/twisted/test/test_modules.py", line 36, in findByIteration
    self.fail("Unable to find module %r through iteration." % (modname,))
twisted.trial.unittest.FailTest: Unable to find module 'pyspacetests3.foozle' through iteration.

twisted.test.test_modules.PathModificationTest.test_underUnderPathNotAlreadyImported
===============================================================================
[TODO]
Reason: 'This may be impossible but it sure would be nice.'
Traceback (most recent call last):
  File "/home/exarkun/Projects/Twisted/branches/trial-shorter-summary-4487/twisted/test/test_modules.py", line 330, in test_underUnderPathNotAlreadyImported
    self._underUnderPathTest(False)
  File "/home/exarkun/Projects/Twisted/branches/trial-shorter-summary-4487/twisted/test/test_modules.py", line 314, in _underUnderPathTest
    importPackages=doImport),
  File "/home/exarkun/Projects/Twisted/branches/trial-shorter-summary-4487/twisted/test/test_modules.py", line 36, in findByIteration
    self.fail("Unable to find module %r through iteration." % (modname,))
twisted.trial.unittest.FailTest: Unable to find module 'pyspacetests7.foozle' through iteration.

twisted.test.test_modules.RebindingTest.test_underUnderPathNotAlreadyImported
===============================================================================
[TODO]
Reason: 'This may be impossible but it sure would be nice.'
Traceback (most recent call last):
  File "/home/exarkun/Projects/Twisted/branches/trial-shorter-summary-4487/twisted/test/test_modules.py", line 330, in test_underUnderPathNotAlreadyImported
    self._underUnderPathTest(False)
  File "/home/exarkun/Projects/Twisted/branches/trial-shorter-summary-4487/twisted/test/test_modules.py", line 314, in _underUnderPathTest
    importPackages=doImport),
  File "/home/exarkun/Projects/Twisted/branches/trial-shorter-summary-4487/twisted/test/test_modules.py", line 36, in findByIteration
    self.fail("Unable to find module %r through iteration." % (modname,))
twisted.trial.unittest.FailTest: Unable to find module 'pyspacetests11.foozle' through iteration.

twisted.test.test_modules.ZipPathModificationTest.test_underUnderPathNotAlreadyImported
===============================================================================
[TODO]
Reason: 'YAGNI'
Traceback (most recent call last):
  File "/home/exarkun/Projects/Twisted/branches/trial-shorter-summary-4487/twisted/trial/test/test_util.py", line 246, in test_stripFlags
    stripFlags=True)
  File "/home/exarkun/Projects/Twisted/branches/trial-shorter-summary-4487/twisted/internet/defer.py", line 837, in unwindGenerator
    return _deferGenerator(f(*args, **kwargs), Deferred())
exceptions.TypeError: _runSequentially() got an unexpected keyword argument 'stripFlags'

twisted.trial.test.test_util.TestRunSequentially.test_stripFlags
===============================================================================
[TODO]
Reason: 'unclosed <p> messes it up.'
Traceback (most recent call last):
  File "/home/exarkun/Projects/Twisted/branches/trial-shorter-summary-4487/twisted/web/test/test_xml.py", line 529, in testLaterCloserDL2
    self.assertEquals(expected, actual)
twisted.trial.unittest.FailTest: not equal:
a = '<dl><dt>word</dt><dd>definition<p>more definition</p></dd><dt>word</dt></dl>'
b = '<dl><dt>word</dt><dd>definition<p>more definition</p><dt>word</dt></dd></dl>'


twisted.web.test.test_xml.MicroDOMTest.testLaterCloserDL2
===============================================================================
[TODO]
Reason: 'Table parsing needs to be fixed.'
Traceback (most recent call last):
  File "/home/exarkun/Projects/Twisted/branches/trial-shorter-summary-4487/twisted/web/test/test_xml.py", line 502, in testLaterCloserTable
    self.assertEquals(expected, actual)
twisted.trial.unittest.FailTest: not equal:
a = '<table><tr><th>name</th><th>value</th><th>comment</th></tr><tr><th>this</th><td>tag</td><td>soup</td></tr><tr><th>must</th><td>be</td><td>handled</td></tr></table>'
b = '<table><tr><th>name</th><th>value</th><th>comment<tr><th>this<td>tag</td><td>soup<tr><th>must<td>be</td><td>handled</td></th></tr></td></th></tr></th></tr></table>'


twisted.web.test.test_xml.MicroDOMTest.testLaterCloserTable
===============================================================================
[TODO]
Reason: 'Someone should write this test'
Traceback (most recent call last):
  File "/home/exarkun/Projects/Twisted/branches/trial-shorter-summary-4487/twisted/web2/test/test_resource.py", line 219, in test_POST
    raise NotImplementedError()
exceptions.NotImplementedError:

twisted.web2.test.test_resource.PostableResourceTestCase.test_POST
===============================================================================
[TODO]
Reason: 'http_HEAD is implemented in a goober way that relies on the server code to clean up after it.'
Traceback (most recent call last):
  File "/home/exarkun/Projects/Twisted/branches/trial-shorter-summary-4487/twisted/web2/test/test_resource.py", line 171, in test_HEAD_body
    self.assertEquals(response.stream.length, 0)
twisted.trial.unittest.FailTest: not equal:
a = 21
b = 0


twisted.web2.test.test_resource.RenderMixInTestCase.test_HEAD_body
===============================================================================
[TODO]
Reason: 'Someone should write this test'
Traceback (most recent call last):
  File "/home/exarkun/Projects/Twisted/branches/trial-shorter-summary-4487/twisted/web2/test/test_resource.py", line 153, in test_TRACE_body
    raise NotImplementedError()
exceptions.NotImplementedError:

twisted.web2.test.test_resource.RenderMixInTestCase.test_TRACE_body
===============================================================================
[TODO]
Reason: 'Someone should write this test'
Traceback (most recent call last):
  File "/home/exarkun/Projects/Twisted/branches/trial-shorter-summary-4487/twisted/web2/test/test_resource.py", line 203, in test_addSlash
    raise NotImplementedError()
exceptions.NotImplementedError:

twisted.web2.test.test_resource.ResourceTestCase.test_addSlash
===============================================================================
[TODO]
Reason: 'Someone should write this test'
Traceback (most recent call last):
  File "/home/exarkun/Projects/Twisted/branches/trial-shorter-summary-4487/twisted/web2/test/test_resource.py", line 211, in test_child_nonsense
    raise NotImplementedError()
exceptions.NotImplementedError:

twisted.web2.test.test_resource.ResourceTestCase.test_child_nonsense
===============================================================================
[TODO]
Reason: 'Someone should write this test'
Traceback (most recent call last):
  File "/home/exarkun/Projects/Twisted/branches/trial-shorter-summary-4487/twisted/web2/test/test_resource.py", line 207, in test_locateChild
    raise NotImplementedError()
exceptions.NotImplementedError:

twisted.web2.test.test_resource.ResourceTestCase.test_locateChild
===============================================================================
[TODO]
Reason: 'Someone should write this test'
Traceback (most recent call last):
  File "/home/exarkun/Projects/Twisted/branches/trial-shorter-summary-4487/twisted/web2/test/test_resource.py", line 242, in test_hook
    raise NotImplementedError()
exceptions.NotImplementedError:

twisted.web2.test.test_resource.WrapperResourceTestCase.test_hook
===============================================================================
[TODO]
Reason: 'xml:lang inheritance not implemented'
Traceback (most recent call last):
  File "/home/exarkun/Projects/Twisted/branches/trial-shorter-summary-4487/twisted/words/test/test_jabbererror.py", line 227, in test_textLangInherited
    self.assertEqual('en_US', result['textLang'])
twisted.trial.unittest.FailTest: not equal:
a = 'en_US'
b = None


twisted.words.test.test_jabbererror.ParseErrorTest.test_textLangInherited
===============================================================================
[TODO]
Reason: 'XPath queries with position are not working.'
Traceback (most recent call last):
  File "/home/exarkun/Projects/Twisted/branches/trial-shorter-summary-4487/twisted/words/test/test_xpath.py", line 139, in test_position
    self.assertEquals(xp.matches(self.e), 1)
  File "/home/exarkun/Projects/Twisted/branches/trial-shorter-summary-4487/twisted/words/xish/xpath.py", line 288, in matches
    return self.baseLocation.matches(elem)
  File "/home/exarkun/Projects/Twisted/branches/trial-shorter-summary-4487/twisted/words/xish/xpath.py", line 149, in matches
    if self.childLocation.matches(c):
  File "/home/exarkun/Projects/Twisted/branches/trial-shorter-summary-4487/twisted/words/xish/xpath.py", line 144, in matches
    if not self.matchesPredicates(elem):
  File "/home/exarkun/Projects/Twisted/branches/trial-shorter-summary-4487/twisted/words/xish/xpath.py", line 138, in matchesPredicates
    if not p.value(elem):
  File "/home/exarkun/Projects/Twisted/branches/trial-shorter-summary-4487/twisted/words/xish/xpath.py", line 29, in value
    return elem.children[self.index]
exceptions.IndexError: list index out of range

twisted.words.test.test_xpath.XPathTest.test_position
-------------------------------------------------------------------------------
Ran 6459 tests in 137.056s

PASSED (skips=271, expectedFailures=18, successes=6170)
e