twisted.trial.test.test_assertions
  TestAssertionNames
    test_equalSpelling ...                                                 [OK]
    test_failIf_matches_assertNot ...                                      [OK]
    test_failUnless_matches_assert ...                                     [OK]
  TestAssertions
    testFail ...                                                           [OK]
    test_assertFailure ...                                                 [OK]
    test_assertFailure_masked ...                                          [OK]
    test_assertFailure_moreInfo ...                                        [OK]
    test_assertFailure_noException ...                                     [OK]
    test_assertFailure_wrongException ...                                  [OK]
    test_assertIsInstance ...                                              [OK]
    test_assertIsInstanceError ...                                         [OK]
    test_assertIsInstanceErrorMultipleClasses ...                          [OK]
    test_assertIsInstanceMultipleClasses ...                               [OK]
    test_assertNotIsInstance ...                                           [OK]
    test_assertNotIsInstanceError ...                                      [OK]
    test_assertNotIsInstanceErrorMultipleClasses ...                       [OK]
    test_assertNotIsInstanceMultipleClasses ...                            [OK]
    test_assertWarns ...                                                   [OK]
    test_assertWarnsAfterUnassertedWarning ...                             [OK]
    test_assertWarnsDifferentWarnings ...                                  [OK]
    test_assertWarnsError ...                                              [OK]
    test_assertWarnsFilter ...                                             [OK]
    test_assertWarnsMultipleWarnings ...                                   [OK]
    test_assertWarnsOnCall ...                                             [OK]
    test_assertWarnsOnClass ...                                            [OK]
    test_assertWarnsOnMethod ...                                           [OK]
    test_assertWarnsRegistryClean ...                                      [OK]
    test_assertWarnsWrongCategory ...                                      [OK]
    test_assertWarnsWrongFile ...                                          [OK]
    test_assertWarnsWrongMessage ...                                       [OK]
    test_failIf ...                                                        [OK]
    test_failIfAlmostEqual ...                                             [OK]
    test_failIfEqual_basic ...                                             [OK]
    test_failIfEqual_customEq ...                                          [OK]
    test_failIfSubstring ...                                               [OK]
    test_failUnless ...                                                    [OK]
    test_failUnlessAlmostEqual ...                                         [OK]
    test_failUnlessApproximates ...                                        [OK]
    test_failUnlessEqualMessage ...                                        [OK]
    test_failUnlessEqualNoneMessage ...                                    [OK]
    test_failUnlessEqual_basic ...                                         [OK]
    test_failUnlessEqual_custom ...                                        [OK]
    test_failUnlessEqual_incomparable ...                                  [OK]
    test_failUnlessIdentical ...                                           [OK]
    test_failUnlessRaises_expected ...                                     [OK]
    test_failUnlessRaises_failureException ...                             [OK]
    test_failUnlessRaises_noException ...                                  [OK]
    test_failUnlessRaises_unexpected ...                                   [OK]
    test_failUnlessSubstring ...                                           [OK]
    test_failingException_fails ...                                        [OK]
  TestCallDeprecated
    test_callDeprecatedCallsFunction ...                                   [OK]
    test_callDeprecatedSuppressesWarning ...                               [OK]
    test_failsWithIncorrectDeprecation ...                                 [OK]
    test_failsWithoutDeprecation ...                                       [OK]
    test_nestedDeprecation ...                                             [OK]
twisted.trial.test.test_class
  AttributeManipulation
    test_1 ...                                                             [OK]
    test_2 ...                                                             [OK]
    test_3 ...                                                             [OK]
  AttributeSetUp
    test_1 ...                                                             [OK]
    test_2 ...                                                             [OK]
  AttributeSharing
    test_normal ...                                                        [OK]
    test_shared ...                                                        [OK]
  Deprecation
    test_setUpClassDeprecation ...                                         [OK]
    test_tearDownClassDeprecation ...                                      [OK]
  FactoryCounting
    test_createAndRun ...                                                  [OK]
    test_createTwoAndRun ...                                               [OK]
    test_hashability ...                                                   [OK]
    test_runMultipleCopies ...                                             [OK]
    test_runTwice ...                                                      [OK]
    test_skippingSetUpClass ...                                            [OK]
  NumberOfRuns
    test_1 ...                                                             [OK]
    test_2 ...                                                             [OK]
    test_3 ...                                                             [OK]
twisted.trial.test.test_deferred
  TestDeferred
    test_errorInCallback ...                                               [OK]
    test_fail ...                                                          [OK]
    test_failureInCallback ...                                             [OK]
    test_pass ...                                                          [OK]
    test_passGenerated ...                                                 [OK]
    test_skip ...                                                          [OK]
    test_thread ...                                                        [OK]
    test_todo ...                                                          [OK]
  TestNeverFire
    test_setUp ...                                                         [OK]
  TestSetUp
    test_callbackFail ...                                                  [OK]
    test_error ...                                                         [OK]
    test_fail ...                                                          [OK]
    test_skip ...                                                          [OK]
    test_success ...                                                       [OK]
  TestTimeout
    test_callbackReturnsNonCallingDeferred ...                             [OK]
    test_classTimeout ...                                                  [OK]
    test_errorPropagation ...                                              [OK]
    test_pass ...                                                          [OK]
    test_passDefault ...                                                   [OK]
    test_skip ...                                                          [OK]
    test_timeout ...                                                       [OK]
    test_timeoutZero ...                                                   [OK]
    test_todo ...                                                          [OK]
twisted.trial.test.test_doctest
  TestRunners
    test_basicTrialIntegration ...                                         [OK]
    test_correctCount ...                                                  [OK]
    test_expectedResults ...                                               [OK]
    test_id ...                                                            [OK]
    test_repeatable ...                                                    [OK]
twisted.trial.test.test_keyboard
  TestInterruptInSetUp
    test_interruptInSetUp ...                                              [OK]
    test_setUpOK ...                                                       [OK]
  TestInterruptInTearDown
    test_interruptInTearDown ...                                           [OK]
    test_setUpOK ...                                                       [OK]
  TestInterruptInTest
    test_interruptInTest ...                                               [OK]
    test_setUpOK ...                                                       [OK]
twisted.trial.test.test_loader
  FileTest
    test_directory ...                                                  [ERROR]
    test_directoryNotPackage ...                                           [OK]
    test_filenameMatchesPackage ...                                        [OK]
    test_filenameNotPython ...                                             [OK]
    test_moduleInPath ...                                                  [OK]
    test_moduleNotInPath ...                                               [OK]
    test_notFile ...                                                       [OK]
    test_packageInPath ...                                                 [OK]
    test_packageNotInPath ...                                              [OK]
  FinderTest
    test_findFile ...                                                      [OK]
    test_findModule ...                                                    [OK]
    test_findNonFile ...                                                   [OK]
    test_findNonModule ...                                                 [OK]
    test_findNonPackage ...                                                [OK]
    test_findObject ...                                                    [OK]
    test_findPackage ...                                                   [OK]
  LoaderTest
    test_customLoadRaisesAttributeError ...                                [OK]
    test_importErrors ...                                                  [OK]
    test_loadAnythingOnClass ...                                           [OK]
    test_loadAnythingOnMethod ...                                          [OK]
    test_loadAnythingOnModule ...                                          [OK]
    test_loadAnythingOnPackage ...                                         [OK]
    test_loadAnythingOnPackageRecursive ...                                [OK]
    test_loadAnythingOnString ...                                          [OK]
    test_loadByNamesDuplicate ...                                          [OK]
    test_loadClass ...                                                     [OK]
    test_loadDifferentNames ...                                            [OK]
    test_loadFailingMethod ...                                             [OK]
    test_loadMethod ...                                                    [OK]
    test_loadModule ...                                                    [OK]
    test_loadModuleAsPackage ...                                           [OK]
    test_loadModuleWithBothCustom ...                                      [OK]
    test_loadModuleWith_testSuite ...                                      [OK]
    test_loadModuleWith_test_suite ...                                     [OK]
    test_loadNonClass ...                                                  [OK]
    test_loadNonMethod ...                                                 [OK]
    test_loadNonModule ...                                                 [OK]
    test_loadNonPackage ...                                                [OK]
    test_loadNonTestCase ...                                               [OK]
    test_loadPackage ...                                                   [OK]
    test_loadPackageRecursive ...                                          [OK]
    test_sortCases ...                                                     [OK]
  PackageOrderingTest
    test_sortPackagesDefaultOrder ...                                      [OK]
    test_sortPackagesSillyOrder ...                                        [OK]
  ZipLoadingTest
    test_customLoadRaisesAttributeError ...                                [OK]
    test_importErrors ...                                                  [OK]
    test_loadAnythingOnClass ...                                           [OK]
    test_loadAnythingOnMethod ...                                          [OK]
    test_loadAnythingOnModule ...                                          [OK]
    test_loadAnythingOnPackage ...                                         [OK]
    test_loadAnythingOnPackageRecursive ...                                [OK]
    test_loadAnythingOnString ...                                          [OK]
    test_loadByNamesDuplicate ...                                          [OK]
    test_loadClass ...                                                     [OK]
    test_loadDifferentNames ...                                            [OK]
    test_loadFailingMethod ...                                             [OK]
    test_loadMethod ...                                                    [OK]
    test_loadModule ...                                                    [OK]
    test_loadModuleAsPackage ...                                           [OK]
    test_loadModuleWithBothCustom ...                                      [OK]
    test_loadModuleWith_testSuite ...                                      [OK]
    test_loadModuleWith_test_suite ...                                     [OK]
    test_loadNonClass ...                                                  [OK]
    test_loadNonMethod ...                                                 [OK]
    test_loadNonModule ...                                                 [OK]
    test_loadNonPackage ...                                                [OK]
    test_loadNonTestCase ...                                               [OK]
    test_loadPackage ...                                                   [OK]
    test_loadPackageRecursive ...                                          [OK]
    test_sortCases ...                                                     [OK]
twisted.trial.test.test_log
  LogErrors
    test_errorsIsolated ...                                                [OK]
    test_inCallback ...                                                    [OK]
    test_singleError ...                                                   [OK]
    test_twoErrors ...                                                     [OK]
  TestObserver
    test_clearIgnores ...                                                  [OK]
    test_error ...                                                         [OK]
    test_flush ...                                                         [OK]
    test_flushByType ...                                                   [OK]
    test_ignoreErrors ...                                                  [OK]
    test_msg ...                                                           [OK]
twisted.trial.test.test_output
  TestImportErrors
    test_badimport ...                                                     [OK]
    test_badmodule ...                                                     [OK]
    test_badpackage ...                                                    [OK]
    test_dosFile ...                                                       [OK]
    test_filename ...                                                      [OK]
    test_moduleInBadpackage ...                                            [OK]
    test_nonRecurseImportErrors ...                                        [OK]
    test_nonexistentModule ...                                             [OK]
    test_nonexistentPackage ...                                            [OK]
    test_nonexistentPackageWithModule ...                                  [OK]
    test_recurseImport ...                                                 [OK]
    test_recurseImportErrors ...                                           [OK]
    test_regularRun ...                                                    [OK]
    test_trialRun ...                                                      [OK]
twisted.trial.test.test_pyunitcompat
  TestPyUnitResult
    test_dontUseAdapterWhenReporterProvidesIReporter ...                   [OK]
    test_error ...                                                         [OK]
    test_failure ...                                                       [OK]
    test_setUpError ...                                                    [OK]
    test_success ...                                                       [OK]
    test_traceback ...                                                     [OK]
    test_tracebackFromCleanFailure ...                                     [OK]
    test_tracebackFromFailure ...                                          [OK]
  TestPyUnitTestCase
    test_callable ...                                                      [OK]
    test_visit ...                                                         [OK]
twisted.trial.test.test_reporter
  AnsiColorizerTests
    test_supportedNoCurses ...                                             [OK]
    test_supportedSetupTerm ...                                            [OK]
    test_supportedStdOutTTY ...                                            [OK]
    test_supportedTigetNumErrors ...                                       [OK]
    test_supportedTigetNumNotEnoughColor ...                               [OK]
    test_supportedTigetNumWrongError ...                                   [OK]
  FormatFailures
    test_formatDefault ...                                                 [OK]
    test_formatString ...                                                  [OK]
    test_mutation ...                                                      [OK]
  PyunitTestNames
    test_emptyMinimalReporter ...                                          [OK]
    test_getDescription ...                                                [OK]
    test_minimalReporter ...                                               [OK]
    test_minimalReporterTime ...                                           [OK]
    test_treeReporter ...                                                  [OK]
    test_verboseReporter ...                                               [OK]
  TestAdaptedReporter
    test_addError ...                                                      [OK]
    test_addExpectedFailure ...                                            [OK]
    test_addFailure ...                                                    [OK]
    test_addSkip ...                                                       [OK]
    test_addUnexpectedSuccess ...                                          [OK]
    test_startTest ...                                                     [OK]
    test_stopTest ...                                                      [OK]
  TestDirtyReactor
    test_dealsWithThreeTuples ...                                          [OK]
    test_errorByDefault ...                                                [OK]
    test_warningsEnabled ...                                               [OK]
    test_warningsMaskErrors ...                                            [OK]
  TestErrorReporting
    testDoctestError ...                                                   [OK]
    testFormatErroredMethod ...                                            [OK]
    testFormatFailedMethod ...                                             [OK]
    testHiddenException ...                                                [OK]
  TestReporter
    test_brokenStream ...                                                  [OK]
    test_duplicateWarningSuppressed ...                                    [OK]
    test_printErrorsDeprecated ...                                         [OK]
    test_printSummaryDeprecated ...                                        [OK]
    test_separatorDeprecated ...                                           [OK]
    test_startStop ...                                                     [OK]
    test_stopObserving ...                                                 [OK]
    test_streamDeprecated ...                                              [OK]
    test_upDownErrorDeprecated ...                                         [OK]
    test_warning ...                                                       [OK]
    test_warningEmittedForNewTest ...                                      [OK]
    test_writeDeprecated ...                                               [OK]
    test_writelnDeprecated ...                                             [OK]
  TestReporterRealtime
    test_pyunitAddError ...                                                [OK]
    test_pyunitAddFailure ...                                              [OK]
  TestSafeStream
    test_safe ...                                                          [OK]
  TestSkip
    test_accumulation ...                                                  [OK]
    test_basicErrors ...                                                   [OK]
    test_booleanSkip ...                                                   [OK]
    test_exceptionSkip ...                                                 [OK]
    test_success ...                                                       [OK]
    test_summary ...                                                       [OK]
  TestTestResult
    test_pyunitAddError ...                                                [OK]
    test_pyunitAddFailure ...                                              [OK]
  TestTimingReporter
    test_brokenStream ...                                                  [OK]
    test_duplicateWarningSuppressed ...                                    [OK]
    test_printErrorsDeprecated ...                                         [OK]
    test_printSummaryDeprecated ...                                        [OK]
    test_separatorDeprecated ...                                           [OK]
    test_startStop ...                                                     [OK]
    test_stopObserving ...                                                 [OK]
    test_streamDeprecated ...                                              [OK]
    test_upDownErrorDeprecated ...                                         [OK]
    test_warning ...                                                       [OK]
    test_warningEmittedForNewTest ...                                      [OK]
    test_writeDeprecated ...                                               [OK]
    test_writelnDeprecated ...                                             [OK]
  TestTreeReporter
    test_cleanupError ...                                                  [OK]
    test_getPrelude ...                                                    [OK]
    test_summaryColoredFailure ...                                         [OK]
    test_summaryColoredSuccess ...                                         [OK]
    test_upDownError ...                                                   [OK]
  TestUncleanWarningWrapperErrorReporting
    testDoctestError ...                                                   [OK]
    testFormatErroredMethod ...                                            [OK]
    testFormatFailedMethod ...                                             [OK]
    testHiddenException ...                                                [OK]
  TodoTest
    test_accumulation ...                                                  [OK]
    test_basicErrors ...                                                   [OK]
    test_booleanTodo ...                                                   [OK]
    test_exceptionTodo ...                                                 [OK]
    test_success ...                                                       [OK]
    test_summary ...                                                       [OK]
    test_unexpectedSuccess ...                                             [OK]
  TracebackHandling
    test_basic ...                                                         [OK]
    test_deferred ...                                                      [OK]
    test_noFrames ...                                                      [OK]
    test_oneFrame ...                                                      [OK]
    test_subroutine ...                                                    [OK]
  TrialTestNames
    test_getDescription ...                                                [OK]
    test_treeReporter ...                                                  [OK]
    test_treeReporterWithDocstrings ...                                    [OK]
    test_verboseReporter ...                                               [OK]
  UncleanWarningSkipTest
    test_accumulation ...                                                  [OK]
    test_basicErrors ...                                                   [OK]
    test_booleanSkip ...                                                   [OK]
    test_exceptionSkip ...                                                 [OK]
    test_success ...                                                       [OK]
    test_summary ...                                                       [OK]
  UncleanWarningTodoTest
    test_accumulation ...                                                  [OK]
    test_basicErrors ...                                                   [OK]
    test_booleanTodo ...                                                   [OK]
    test_exceptionTodo ...                                                 [OK]
    test_success ...                                                       [OK]
    test_summary ...                                                       [OK]
    test_unexpectedSuccess ...                                             [OK]
twisted.trial.test.test_runner
  DestructiveTestSuiteTestCase
    test_basic ...                                                         [OK]
    test_cleanup ...                                                       [OK]
    test_shouldStop ...                                                    [OK]
  DryRunTest
    test_empty ...                                                         [OK]
    test_singleCaseReporting ...                                           [OK]
    test_testsNotRun ...                                                   [OK]
  PyUnitDryRunTest
    test_empty ...                                                         [OK]
    test_singleCaseReporting ...                                           [OK]
    test_testsNotRun ...                                                   [OK]
  TestErrorHolder
    test_holder ...                                                        [OK]
    test_holderImplementsITestCase ...                                     [OK]
  TestLoggedErrors
    test_capturesError ...                                                 [OK]
    test_construct ...                                                     [OK]
  TestMalformedMethod
    test_decorated ...                                                     [OK]
    test_extraArg ...                                                      [OK]
    test_noArg ...                                                         [OK]
  TestRunner
    test_concurrentExplicitWorkingDirectory ...                            [OK]
    test_concurrentImplicitWorkingDirectory ...                            [OK]
    test_getsUncleanWarnings ...                                           [OK]
    test_runner_can_get_reporter ...                                       [OK]
    test_runner_debug ...                                                  [OK]
    test_runner_get_result ...                                             [OK]
    test_runner_normal ...                                                 [OK]
    test_runner_working_directory ...                                      [OK]
    test_uncleanWarningsOffByDefault ...                                   [OK]
  TestRunnerDeprecation
    test_reporterDeprecations ...                                          [OK]
  TestTestHolder
    test_holder ...                                                        [OK]
    test_holderImplementsITestCase ...                                     [OK]
  TestTrialRunner
    test_addObservers ...                                                  [OK]
    test_empty ...                                                         [OK]
    test_logFileAlwaysActive ...                                           [OK]
    test_logFileGetsClosed ...                                             [OK]
    test_publisher ...                                                     [OK]
  TestTrialSuite
    test_imports ...                                                       [OK]
  TestUntilFailure
    test_runUntilFailure ...                                               [OK]
    test_runUntilFailureDecorate ...                                       [OK]
    test_runUntilFailureForceGCDecorate ...                                [OK]
  TrialRunnerWithUncleanWarningsReporter
    test_addObservers ...                                                  [OK]
    test_empty ...                                                         [OK]
    test_logFileAlwaysActive ...                                           [OK]
    test_logFileGetsClosed ...                                             [OK]
  UncleanUntilFailureTests
    test_runUntilFailure ...                                               [OK]
    test_runUntilFailureDecorate ...                                       [OK]
    test_runUntilFailureForceGCDecorate ...                                [OK]
twisted.trial.test.test_script
  ForceGarbageCollection
    test_forceGc ...                                                       [OK]
    test_unforceGc ...                                                     [OK]
  TestModuleTest
    test_baseState ...                                                     [OK]
    test_getTestModules ...                                                [OK]
    test_getTestModules_multiple ...                                       [OK]
    test_getTestModules_noVars ...                                         [OK]
    test_invalidDeclaration ...                                            [OK]
    test_invalidLine ...                                                   [OK]
    test_looksLikeTestModule ...                                           [OK]
    test_noVariablesInFile ...                                             [OK]
    test_parseLocalVariable ...                                            [OK]
    test_parseLocalVariables ...                                           [OK]
    test_surroundingGuff ...                                               [OK]
    test_testNames ...                                                     [OK]
    test_testmoduleOnEmptyVars ...                                         [OK]
    test_testmoduleOnModule ...                                            [OK]
    test_testmoduleOnModuleName ...                                        [OK]
    test_testmoduleOnNonexistentFile ...                                   [OK]
    test_testmoduleOnScript ...                                            [OK]
    test_testmoduleOnSelfModule ...                                        [OK]
    test_testmoduleOnSourceAndTarget ...                                   [OK]
    test_testmoduleTwice ...                                               [OK]
    test_trailingSemicolon ...                                             [OK]
    test_variablesFromFile ...                                             [OK]
    test_variablesFromScript ...                                           [OK]
  TestSuiteUsed
    test_defaultSuite ...                                                  [OK]
    test_untilFailureSuite ...                                             [OK]
  WithoutModuleTests
    test_disableAlreadyImportedModule ...                                  [OK]
    test_disableMultipleModules ...                                        [OK]
    test_disableOneModule ...                                              [OK]
twisted.trial.test.test_test_visitor
  TestTestVisitor
    test_visitCase ...                                                     [OK]
/usr/local/lib/python2.5/site-packages/twisted/trial/unittest.py:1297: DeprecationWarning: Test visitors deprecated in Twisted 8.0
    test_visitEmptySuite ...                                               [OK]
/usr/local/lib/python2.5/site-packages/twisted/trial/unittest.py:1460: DeprecationWarning: Test visitors deprecated in Twisted 8.0
    test_visitNestedSuite ...                                              [OK]
/usr/local/lib/python2.5/site-packages/twisted/trial/unittest.py:1460: DeprecationWarning: Test visitors deprecated in Twisted 8.0
/usr/local/lib/python2.5/site-packages/twisted/trial/unittest.py:1297: DeprecationWarning: Test visitors deprecated in Twisted 8.0
    test_visitPyunitCase ...                                               [OK]
/usr/local/lib/python2.5/site-packages/twisted/trial/unittest.py:1460: DeprecationWarning: Test visitors deprecated in Twisted 8.0
/usr/local/lib/python2.5/site-packages/twisted/trial/unittest.py:1587: DeprecationWarning: Test visitors deprecated in Twisted 8.0
    test_visitPyunitSuite ...                                              [OK]
/usr/local/lib/python2.5/site-packages/twisted/trial/unittest.py:1460: DeprecationWarning: Test visitors deprecated in Twisted 8.0
/usr/local/lib/python2.5/site-packages/twisted/trial/unittest.py:1297: DeprecationWarning: Test visitors deprecated in Twisted 8.0
    test_visitSuite ...                                                    [OK]
/usr/local/lib/python2.5/site-packages/twisted/trial/unittest.py:1460: DeprecationWarning: Test visitors deprecated in Twisted 8.0
/usr/local/lib/python2.5/site-packages/twisted/trial/unittest.py:1297: DeprecationWarning: Test visitors deprecated in Twisted 8.0
twisted.trial.test.test_tests
  FixtureMetaTest
    test_testBrokenTearDownClass ...                                       [OK]
  FixtureTest
    testBrokenSetUp ...                                                    [OK]
    testBrokenSetUpClass ...                                               [OK]
    testBrokenTearDown ...                                                 [OK]
    testBrokenTearDownClass ...                                            [OK]
  SuppressionTest
    test_overrideSuppressClass ...                                         [OK]
    test_suppressClass ...                                                 [OK]
    test_suppressMethod ...                                                [OK]
    test_suppressModule ...                                                [OK]
  TestAddCleanup
    test_addCleanupCalledIfSetUpFails ...                                  [OK]
    test_addCleanupCalledIfSetUpSkips ...                                  [OK]
    test_addCleanupCalledInReverseOrder ...                                [OK]
    test_addCleanupWaitsForDeferreds ...                                   [OK]
    test_cleanupsContinueRunningAfterError ...                             [OK]
    test_errorInCleanupIsCaptured ...                                      [OK]
    test_multipleErrorsReported ...                                        [OK]
  TestCleanup
    testLeftoverPendingCalls ...                                           [OK]
    testLeftoverSockets ...                                                [OK]
  TestGarbageCollection
    test_collectCalled ...                                                 [OK]
    test_collectCalledWhenTearDownClass ...                                [OK]
  TestGarbageCollectionDefault
    test_collectNotDefault ...                                             [OK]
  TestIterateTests
    test_iterateIsLeftToRightDepthFirst ...                                [OK]
    test_iterateNestedTestSuite ...                                        [OK]
    test_iterateSingletonTestSuite ...                                     [OK]
    test_iterateTestCase ...                                               [OK]
  TestMonkeyPatchSupport
    test_patch ...                                                         [OK]
    test_patchRestoredAfterRun ...                                         [OK]
    test_revertAndRepatch ...                                              [OK]
    test_revertDuringTest ...                                              [OK]
    test_successivePatches ...                                             [OK]
  TestSkipClasses
    test_counting ...                                                      [OK]
    test_reasons ...                                                       [OK]
    test_results ...                                                       [OK]
    test_setUp ...                                                         [OK]
    test_setUpRan ...                                                      [OK]
  TestSkipClassesRaised
    test_counting ...                                                      [OK]
    test_reasons ...                                                       [OK]
    test_results ...                                                       [OK]
    test_setUp ...                                                         [OK]
    test_setUpRan ...                                                      [OK]
    test_tearDownClassRan ...                                              [OK]
  TestSkipMethods
    test_counting ...                                                      [OK]
    test_reasons ...                                                       [OK]
    test_results ...                                                       [OK]
    test_setUp ...                                                         [OK]
  TestStrictTodo
    test_counting ...                                                      [OK]
    test_expectedFailures ...                                              [OK]
    test_results ...                                                       [OK]
    test_setUp ...                                                         [OK]
    test_unexpectedSuccesses ...                                           [OK]
  TestSuccess
    test_defaultIsSuccessful ...                                           [OK]
    test_noReference ...                                                   [OK]
    test_successful ...                                                    [OK]
    test_successfulIsReported ...                                          [OK]
  TestSuiteClearing
    test_clearPyunitSuite ...                                              [OK]
    test_clearSuite ...                                                    [OK]
  TestTestDecorator
    test_decorateDecoratedSuite ...                                        [OK]
    test_decorateInPlaceMutatesOriginal ...                                [OK]
    test_decorateNestedTestSuite ...                                       [OK]
    test_decoratePreservesSuite ...                                        [OK]
    test_decorateSingleTest ...                                            [OK]
    test_decorateTestSuite ...                                             [OK]
    test_decorateTestSuiteReferences ...                                   [OK]
    test_usesAdaptedReporterWithCall ...                                   [OK]
    test_usesAdaptedReporterWithRun ...                                    [OK]
  TestTodo
    test_counting ...                                                      [OK]
    test_expectedFailures ...                                              [OK]
    test_results ...                                                       [OK]
    test_setUp ...                                                         [OK]
    test_unexpectedSuccesses ...                                           [OK]
  TestTodoClass
    test_counting ...                                                      [OK]
    test_expectedFailures ...                                              [OK]
    test_results ...                                                       [OK]
    test_setUp ...                                                         [OK]
    test_unexpectedSuccesses ...                                           [OK]
  TestUnhandledDeferred
    test_doesntBleed ...                                                   [OK]
    test_isReported ...                                                    [OK]
twisted.trial.test.test_util
  DirtyReactorAggregateErrorTest
    test_formatDelayedCall ...                                             [OK]
    test_formatDelayedCallsAndSelectables ...                              [OK]
    test_formatSelectables ...                                             [OK]
  JanitorTests
    test_cleanPendingCancelsCalls ...                                      [OK]
    test_cleanPendingReturnsDelayedCallStrings ...                         [OK]
    test_cleanPendingSpinsReactor ...                                      [OK]
    test_cleanReactorKillsProcesses ...                                    [OK]
    test_cleanReactorRemovesSelectables ...                                [OK]
    test_cleanReactorReturnsSelectableStrings ...                          [OK]
    test_postCaseCleanupNoErrors ...                                       [OK]
    test_postCaseCleanupWithErrors ...                                     [OK]
    test_postClassCleanupNoErrors ...                                      [OK]
    test_postClassCleanupWithPendingCallErrors ...                         [OK]
    test_postClassCleanupWithSelectableErrors ...                          [OK]
  TestFindObject
    test_findNonexistentModule ...                                         [OK]
    test_findNonexistentObject ...                                         [OK]
    test_findObjectExist ...                                               [OK]
    test_importError ...                                                   [OK]
    test_importModule ...                                                  [OK]
    test_importNonexistentPackage ...                                      [OK]
    test_importPackage ...                                                 [OK]
    test_sophisticatedImportError ...                                      [OK]
  TestIntrospection
    test_containers ...                                                    [OK]
  TestMktemp
    test_created ...                                                       [OK]
    test_location ...                                                      [OK]
    test_name ...                                                          [OK]
    test_unique ...                                                        [OK]
  TestRunSequentially
    test_callablesCalledInOrder ...                                        [OK]
    test_continuesAfterError ...                                           [OK]
    test_emptyList ...                                                     [OK]
    test_singleAsynchronousFailure ...                                     [OK]
    test_singleAsynchronousSuccess ...                                     [OK]
    test_singleSynchronousFailure ...                                      [OK]
    test_singleSynchronousSuccess ...                                      [OK]
    test_stopOnFirstError ...                                              [OK]
    test_stripFlags ...                                                  [TODO]
twisted.trial.test.test_warning
  CollectWarningsTests
    test_callsFunction ...                                                 [OK]
    test_callsObserver ...                                                 [OK]
    test_duplicateWarningCollected ...                                     [OK]
    test_immutableObject ...                                               [OK]
    test_suppresses ...                                                    [OK]
  FlushWarningsTests
    test_cleared ...                                                       [OK]
    test_filterOnOffendingFunction ...                                     [OK]
    test_flushed ...                                                       [OK]
    test_flushedWarningsConfiguredAsErrors ...                             [OK]
    test_invalidFilter ...                                                 [OK]
    test_missingSource ...                                                 [OK]
    test_multipleFlushes ...                                               [OK]
    test_none ...                                                          [OK]
    test_repeated ...                                                      [OK]
    test_several ...                                                       [OK]
    test_unflushed ...                                                     [OK]
    test_warningsConfiguredAsErrors ...                                    [OK]

===============================================================================
[TODO]: twisted.trial.test.test_util.TestRunSequentially.test_stripFlags

Reason: 'YAGNI'
Traceback (most recent call last):
  File "/usr/local/lib/python2.5/site-packages/twisted/trial/test/test_util.py", line 220, in test_stripFlags
    stripFlags=True)
  File "/usr/local/lib/python2.5/site-packages/twisted/internet/defer.py", line 702, in unwindGenerator
    return _deferGenerator(f(*args, **kwargs), Deferred())
exceptions.TypeError: _runSequentially() got an unexpected keyword argument 'stripFlags'
===============================================================================
[ERROR]: twisted.trial.test.test_loader.FileTest.test_directory

Traceback (most recent call last):
  File "/usr/local/lib/python2.5/site-packages/twisted/trial/test/test_loader.py", line 138, in test_directory
    os.mkdir(path)
exceptions.OSError: [Errno 13] Permission denied: '/usr/local/lib/python2.5/site-packages/twisted/trial/test/goodDirectory'
-------------------------------------------------------------------------------
Ran 526 tests in 6.494s

FAILED (expectedFailures=1, errors=1, successes=524)
